This is pdfTeX, Version 3.1415926-2.5-1.40.14 (MiKTeX 2.9) (preloaded format=pdflatex 2014.10.10)  10 OCT 2014 15:18
entering extended mode
**PWM.tex
("C:\Users\Deepa\Desktop\Tutorial Latex Files\PWM_Slides\PWM.tex"
LaTeX2e <2011/06/27>
Babel <v3.8m> and hyphenation patterns for english, afrikaans, ancientgreek, arabic, armenian, assamese, basque, bengali
, bokmal, bulgarian, catalan, coptic, croatian, czech, danish, dutch, esperanto, estonian, farsi, finnish, french, galic
ian, german, german-x-2013-05-26, greek, gujarati, hindi, hungarian, icelandic, indonesian, interlingua, irish, italian,
 kannada, kurmanji, latin, latvian, lithuanian, malayalam, marathi, mongolian, mongolianlmc, monogreek, ngerman, ngerman
-x-2013-05-26, nynorsk, oriya, panjabi, pinyin, polish, portuguese, romanian, russian, sanskrit, serbian, slovak, sloven
ian, spanish, swedish, swissgerman, tamil, telugu, turkish, turkmen, ukenglish, ukrainian, uppersorbian, usenglishmax, w
elsh, loaded.
("C:\Program Files\MiKTeX 2.9\tex\latex\beamer\base\beamer.cls"
("C:\Program Files\MiKTeX 2.9\tex\latex\beamer\base\beamerbasercs.sty"
Package: beamerbasercs 2013/12/25 (rcs-revision 31cc758a62ae)
)
Document Class: beamer 2013/12/02 3.33 A class for typesetting presentations (rcs-revision 332bfd3ce558)
("C:\Program Files\MiKTeX 2.9\tex\latex\beamer\base\beamerbasemodes.sty"
Package: beamerbasemodes 2013/09/03 (rcs-revision 768f2d98ca64)
\beamer@tempbox=\box26
\beamer@tempcount=\count79
\c@beamerpauses=\count80

("C:\Program Files\MiKTeX 2.9\tex\latex\beamer\base\beamerbasedecode.sty"
Package: beamerbasedecode 2010/05/01 (rcs-revision efa082c6111d)
\beamer@slideinframe=\count81
\beamer@minimum=\count82
)
\beamer@commentbox=\box27
\beamer@modecount=\count83
)
("C:\Program Files\MiKTeX 2.9\tex\generic\oberdiek\ifpdf.sty"
Package: ifpdf 2011/01/30 v2.3 Provides the ifpdf switch (HO)
Package ifpdf Info: pdfTeX in PDF mode is detected.
)
\headheight=\dimen102
\headdp=\dimen103
\footheight=\dimen104
\sidebarheight=\dimen105
\beamer@tempdim=\dimen106
\beamer@finalheight=\dimen107
\beamer@animht=\dimen108
\beamer@animdp=\dimen109
\beamer@animwd=\dimen110
\beamer@leftmargin=\dimen111
\beamer@rightmargin=\dimen112
\beamer@leftsidebar=\dimen113
\beamer@rightsidebar=\dimen114
\beamer@boxsize=\dimen115
\beamer@vboxoffset=\dimen116
\beamer@descdefault=\dimen117
\beamer@descriptionwidth=\dimen118
\beamer@lastskip=\skip41
\beamer@areabox=\box28
\beamer@animcurrent=\box29
\beamer@animshowbox=\box30
\beamer@sectionbox=\box31
\beamer@logobox=\box32
\beamer@linebox=\box33
\beamer@sectioncount=\count84
\beamer@subsubsectionmax=\count85
\beamer@subsectionmax=\count86
\beamer@sectionmax=\count87
\beamer@totalheads=\count88
\beamer@headcounter=\count89
\beamer@partstartpage=\count90
\beamer@sectionstartpage=\count91
\beamer@subsectionstartpage=\count92
\beamer@animationtempa=\count93
\beamer@animationtempb=\count94
\beamer@xpos=\count95
\beamer@ypos=\count96
\beamer@showpartnumber=\count97
\beamer@currentsubsection=\count98
\beamer@coveringdepth=\count99
\beamer@sectionadjust=\count100
\beamer@tocsectionnumber=\count101

("C:\Program Files\MiKTeX 2.9\tex\latex\beamer\base\beamerbaseoptions.sty"
Package: beamerbaseoptions 2013/03/10 (rcs-revision 47431932db0d)

("C:\Program Files\MiKTeX 2.9\tex\latex\graphics\keyval.sty"
Package: keyval 1999/03/16 v1.13 key=value parser (DPC)
\KV@toks@=\toks14
))
\beamer@paperwidth=\skip42
\beamer@paperheight=\skip43

("C:\Program Files\MiKTeX 2.9\tex\latex\geometry\geometry.sty"
Package: geometry 2010/09/12 v5.6 Page Geometry

("C:\Program Files\MiKTeX 2.9\tex\generic\oberdiek\ifvtex.sty"
Package: ifvtex 2010/03/01 v1.5 Detect VTeX and its facilities (HO)
Package ifvtex Info: VTeX not detected.
)
("C:\Program Files\MiKTeX 2.9\tex\generic\ifxetex\ifxetex.sty"
Package: ifxetex 2010/09/12 v0.6 Provides ifxetex conditional
)
\Gm@cnth=\count102
\Gm@cntv=\count103
\c@Gm@tempcnt=\count104
\Gm@bindingoffset=\dimen119
\Gm@wd@mp=\dimen120
\Gm@odd@mp=\dimen121
\Gm@even@mp=\dimen122
\Gm@layoutwidth=\dimen123
\Gm@layoutheight=\dimen124
\Gm@layouthoffset=\dimen125
\Gm@layoutvoffset=\dimen126
\Gm@dimlist=\toks15

("C:\Program Files\MiKTeX 2.9\tex\latex\geometry\geometry.cfg"))

Class beamer Warning: ``red'' is obsolete. Use color theme structure instead on input line 348.

("C:\Program Files\MiKTeX 2.9\tex\latex\base\size10.clo"
File: size10.clo 2007/10/19 v1.4h Standard LaTeX file (size option)
)
("C:\Program Files\MiKTeX 2.9\tex\latex\pgf\basiclayer\pgfcore.sty"
("C:\Program Files\MiKTeX 2.9\tex\latex\graphics\graphicx.sty"
Package: graphicx 1999/02/16 v1.0f Enhanced LaTeX Graphics (DPC,SPQR)

("C:\Program Files\MiKTeX 2.9\tex\latex\graphics\graphics.sty"
Package: graphics 2009/02/05 v1.0o Standard LaTeX Graphics (DPC,SPQR)
 ("C:\Program Files\MiKTeX 2.9\tex\latex\graphics\trig.sty"
Package: trig 1999/03/16 v1.09 sin cos tan (DPC)
) ("C:\Program Files\MiKTeX 2.9\tex\latex\00miktex\graphics.cfg"
File: graphics.cfg 2007/01/18 v1.5 graphics configuration of teTeX/TeXLive
)
Package graphics Info: Driver file: pdftex.def on input line 91.

("C:\Program Files\MiKTeX 2.9\tex\latex\pdftex-def\pdftex.def"
File: pdftex.def 2011/05/27 v0.06d Graphics/color for pdfTeX

("C:\Program Files\MiKTeX 2.9\tex\generic\oberdiek\infwarerr.sty"
Package: infwarerr 2010/04/08 v1.3 Providing info/warning/error messages (HO)
)
("C:\Program Files\MiKTeX 2.9\tex\generic\oberdiek\ltxcmds.sty"
Package: ltxcmds 2011/11/09 v1.22 LaTeX kernel commands for general use (HO)
)
\Gread@gobject=\count105
))
\Gin@req@height=\dimen127
\Gin@req@width=\dimen128
)
("C:\Program Files\MiKTeX 2.9\tex\latex\pgf\systemlayer\pgfsys.sty"
("C:\Program Files\MiKTeX 2.9\tex\latex\pgf\utilities\pgfrcs.sty"
("C:\Program Files\MiKTeX 2.9\tex\generic\pgf\utilities\pgfutil-common.tex"
\pgfutil@everybye=\toks16
\pgfutil@tempdima=\dimen129
\pgfutil@tempdimb=\dimen130

("C:\Program Files\MiKTeX 2.9\tex\generic\pgf\utilities\pgfutil-common-lists.tex"))
("C:\Program Files\MiKTeX 2.9\tex\generic\pgf\utilities\pgfutil-latex.def"
\pgfutil@abb=\box34

("C:\Program Files\MiKTeX 2.9\tex\latex\ms\everyshi.sty"
Package: everyshi 2001/05/15 v3.00 EveryShipout Package (MS)
))
("C:\Program Files\MiKTeX 2.9\tex\generic\pgf\utilities\pgfrcs.code.tex"
Package: pgfrcs 2013/12/20 v3.0.0 (rcs-revision 1.28)
))
("C:\Program Files\MiKTeX 2.9\tex\generic\pgf\systemlayer\pgfsys.code.tex"
Package: pgfsys 2013/11/30 v3.0.0 (rcs-revision 1.47)

("C:\Program Files\MiKTeX 2.9\tex\generic\pgf\utilities\pgfkeys.code.tex"
\pgfkeys@pathtoks=\toks17
\pgfkeys@temptoks=\toks18

("C:\Program Files\MiKTeX 2.9\tex\generic\pgf\utilities\pgfkeysfiltered.code.tex"
\pgfkeys@tmptoks=\toks19
))
\pgf@x=\dimen131
\pgf@y=\dimen132
\pgf@xa=\dimen133
\pgf@ya=\dimen134
\pgf@xb=\dimen135
\pgf@yb=\dimen136
\pgf@xc=\dimen137
\pgf@yc=\dimen138
\w@pgf@writea=\write3
\r@pgf@reada=\read1
\c@pgf@counta=\count106
\c@pgf@countb=\count107
\c@pgf@countc=\count108
\c@pgf@countd=\count109
\t@pgf@toka=\toks20
\t@pgf@tokb=\toks21
\t@pgf@tokc=\toks22

("C:\Program Files\MiKTeX 2.9\tex\generic\pgf\systemlayer\pgf.cfg"
File: pgf.cfg 2008/05/14  (rcs-revision 1.7)
)
Driver file for pgf: pgfsys-pdftex.def

("C:\Program Files\MiKTeX 2.9\tex\generic\pgf\systemlayer\pgfsys-pdftex.def"
File: pgfsys-pdftex.def 2013/07/18  (rcs-revision 1.33)

("C:\Program Files\MiKTeX 2.9\tex\generic\pgf\systemlayer\pgfsys-common-pdf.def"
File: pgfsys-common-pdf.def 2013/10/10  (rcs-revision 1.13)
)))
("C:\Program Files\MiKTeX 2.9\tex\generic\pgf\systemlayer\pgfsyssoftpath.code.tex"
File: pgfsyssoftpath.code.tex 2013/09/09  (rcs-revision 1.9)
\pgfsyssoftpath@smallbuffer@items=\count110
\pgfsyssoftpath@bigbuffer@items=\count111
)
("C:\Program Files\MiKTeX 2.9\tex\generic\pgf\systemlayer\pgfsysprotocol.code.tex"
File: pgfsysprotocol.code.tex 2006/10/16  (rcs-revision 1.4)
))
(C:\Users\Deepa\AppData\Roaming\MiKTeX\2.9\tex\latex\xcolor\xcolor.sty
Package: xcolor 2007/01/21 v2.11 LaTeX color extensions (UK)

("C:\Program Files\MiKTeX 2.9\tex\latex\00miktex\color.cfg"
File: color.cfg 2007/01/18 v1.5 color configuration of teTeX/TeXLive
)
Package xcolor Info: Driver file: pdftex.def on input line 225.
Package xcolor Info: Model `cmy' substituted by `cmy0' on input line 1337.
Package xcolor Info: Model `hsb' substituted by `rgb' on input line 1341.
Package xcolor Info: Model `RGB' extended on input line 1353.
Package xcolor Info: Model `HTML' substituted by `rgb' on input line 1355.
Package xcolor Info: Model `Hsb' substituted by `hsb' on input line 1356.
Package xcolor Info: Model `tHsb' substituted by `hsb' on input line 1357.
Package xcolor Info: Model `HSB' substituted by `hsb' on input line 1358.
Package xcolor Info: Model `Gray' substituted by `gray' on input line 1359.
Package xcolor Info: Model `wave' substituted by `hsb' on input line 1360.
)
("C:\Program Files\MiKTeX 2.9\tex\generic\pgf\basiclayer\pgfcore.code.tex"
Package: pgfcore 2010/04/11 v3.0.0 (rcs-revision 1.7)

("C:\Program Files\MiKTeX 2.9\tex\generic\pgf\math\pgfmath.code.tex"
("C:\Program Files\MiKTeX 2.9\tex\generic\pgf\math\pgfmathcalc.code.tex"
("C:\Program Files\MiKTeX 2.9\tex\generic\pgf\math\pgfmathutil.code.tex")
("C:\Program Files\MiKTeX 2.9\tex\generic\pgf\math\pgfmathparser.code.tex"
\pgfmath@dimen=\dimen139
\pgfmath@count=\count112
\pgfmath@box=\box35
\pgfmath@toks=\toks23
\pgfmath@stack@operand=\toks24
\pgfmath@stack@operation=\toks25
)
("C:\Program Files\MiKTeX 2.9\tex\generic\pgf\math\pgfmathfunctions.code.tex"
("C:\Program Files\MiKTeX 2.9\tex\generic\pgf\math\pgfmathfunctions.basic.code.tex")
("C:\Program Files\MiKTeX 2.9\tex\generic\pgf\math\pgfmathfunctions.trigonometric.code.tex")
("C:\Program Files\MiKTeX 2.9\tex\generic\pgf\math\pgfmathfunctions.random.code.tex")
("C:\Program Files\MiKTeX 2.9\tex\generic\pgf\math\pgfmathfunctions.comparison.code.tex")
("C:\Program Files\MiKTeX 2.9\tex\generic\pgf\math\pgfmathfunctions.base.code.tex")
("C:\Program Files\MiKTeX 2.9\tex\generic\pgf\math\pgfmathfunctions.round.code.tex")
("C:\Program Files\MiKTeX 2.9\tex\generic\pgf\math\pgfmathfunctions.misc.code.tex")
("C:\Program Files\MiKTeX 2.9\tex\generic\pgf\math\pgfmathfunctions.integerarithmetics.code.tex")))
("C:\Program Files\MiKTeX 2.9\tex\generic\pgf\math\pgfmathfloat.code.tex"
\c@pgfmathroundto@lastzeros=\count113
))
("C:\Program Files\MiKTeX 2.9\tex\generic\pgf\basiclayer\pgfcorepoints.code.tex"
File: pgfcorepoints.code.tex 2013/10/07  (rcs-revision 1.27)
\pgf@picminx=\dimen140
\pgf@picmaxx=\dimen141
\pgf@picminy=\dimen142
\pgf@picmaxy=\dimen143
\pgf@pathminx=\dimen144
\pgf@pathmaxx=\dimen145
\pgf@pathminy=\dimen146
\pgf@pathmaxy=\dimen147
\pgf@xx=\dimen148
\pgf@xy=\dimen149
\pgf@yx=\dimen150
\pgf@yy=\dimen151
\pgf@zx=\dimen152
\pgf@zy=\dimen153
)
("C:\Program Files\MiKTeX 2.9\tex\generic\pgf\basiclayer\pgfcorepathconstruct.code.tex"
File: pgfcorepathconstruct.code.tex 2013/10/07  (rcs-revision 1.29)
\pgf@path@lastx=\dimen154
\pgf@path@lasty=\dimen155
)
("C:\Program Files\MiKTeX 2.9\tex\generic\pgf\basiclayer\pgfcorepathusage.code.tex"
File: pgfcorepathusage.code.tex 2013/12/13  (rcs-revision 1.23)
\pgf@shorten@end@additional=\dimen156
\pgf@shorten@start@additional=\dimen157
)
("C:\Program Files\MiKTeX 2.9\tex\generic\pgf\basiclayer\pgfcorescopes.code.tex"
File: pgfcorescopes.code.tex 2013/10/09  (rcs-revision 1.44)
\pgfpic=\box36
\pgf@hbox=\box37
\pgf@layerbox@main=\box38
\pgf@picture@serial@count=\count114
)
("C:\Program Files\MiKTeX 2.9\tex\generic\pgf\basiclayer\pgfcoregraphicstate.code.tex"
File: pgfcoregraphicstate.code.tex 2013/09/19  (rcs-revision 1.11)
\pgflinewidth=\dimen158
)
("C:\Program Files\MiKTeX 2.9\tex\generic\pgf\basiclayer\pgfcoretransformations.code.tex"
File: pgfcoretransformations.code.tex 2013/10/10  (rcs-revision 1.17)
\pgf@pt@x=\dimen159
\pgf@pt@y=\dimen160
\pgf@pt@temp=\dimen161
)
("C:\Program Files\MiKTeX 2.9\tex\generic\pgf\basiclayer\pgfcorequick.code.tex"
File: pgfcorequick.code.tex 2008/10/09  (rcs-revision 1.3)
)
("C:\Program Files\MiKTeX 2.9\tex\generic\pgf\basiclayer\pgfcoreobjects.code.tex"
File: pgfcoreobjects.code.tex 2006/10/11  (rcs-revision 1.2)
)
("C:\Program Files\MiKTeX 2.9\tex\generic\pgf\basiclayer\pgfcorepathprocessing.code.tex"
File: pgfcorepathprocessing.code.tex 2013/09/09  (rcs-revision 1.9)
)
("C:\Program Files\MiKTeX 2.9\tex\generic\pgf\basiclayer\pgfcorearrows.code.tex"
File: pgfcorearrows.code.tex 2013/11/07  (rcs-revision 1.40)
\pgfarrowsep=\dimen162
)
("C:\Program Files\MiKTeX 2.9\tex\generic\pgf\basiclayer\pgfcoreshade.code.tex"
File: pgfcoreshade.code.tex 2013/07/15  (rcs-revision 1.15)
\pgf@max=\dimen163
\pgf@sys@shading@range@num=\count115
)
("C:\Program Files\MiKTeX 2.9\tex\generic\pgf\basiclayer\pgfcoreimage.code.tex"
File: pgfcoreimage.code.tex 2013/07/15  (rcs-revision 1.18)

("C:\Program Files\MiKTeX 2.9\tex\generic\pgf\basiclayer\pgfcoreexternal.code.tex"
File: pgfcoreexternal.code.tex 2013/07/15  (rcs-revision 1.20)
\pgfexternal@startupbox=\box39
))
("C:\Program Files\MiKTeX 2.9\tex\generic\pgf\basiclayer\pgfcorelayers.code.tex"
File: pgfcorelayers.code.tex 2013/07/18  (rcs-revision 1.7)
)
("C:\Program Files\MiKTeX 2.9\tex\generic\pgf\basiclayer\pgfcoretransparency.code.tex"
File: pgfcoretransparency.code.tex 2013/09/30  (rcs-revision 1.5)
)
("C:\Program Files\MiKTeX 2.9\tex\generic\pgf\basiclayer\pgfcorepatterns.code.tex"
File: pgfcorepatterns.code.tex 2013/11/07  (rcs-revision 1.5)
)))
("C:\Program Files\MiKTeX 2.9\tex\latex\pgf\utilities\xxcolor.sty"
Package: xxcolor 2003/10/24 ver 0.1
\XC@nummixins=\count116
\XC@countmixins=\count117
)
("C:\Program Files\MiKTeX 2.9\tex\generic\oberdiek\atbegshi.sty"
Package: atbegshi 2011/10/05 v1.16 At begin shipout hook (HO)
)
("C:\Program Files\MiKTeX 2.9\tex\latex\hyperref\hyperref.sty"
Package: hyperref 2012/11/06 v6.83m Hypertext links for LaTeX

("C:\Program Files\MiKTeX 2.9\tex\generic\oberdiek\hobsub-hyperref.sty"
Package: hobsub-hyperref 2012/04/25 v1.12 Bundle oberdiek, subset hyperref (HO)

("C:\Program Files\MiKTeX 2.9\tex\generic\oberdiek\hobsub-generic.sty"
Package: hobsub-generic 2012/04/25 v1.12 Bundle oberdiek, subset generic (HO)
Package: hobsub 2012/04/25 v1.12 Construct package bundles (HO)
Package hobsub Info: Skipping package `infwarerr' (already loaded).
Package hobsub Info: Skipping package `ltxcmds' (already loaded).
Package: ifluatex 2010/03/01 v1.3 Provides the ifluatex switch (HO)
Package ifluatex Info: LuaTeX not detected.
Package hobsub Info: Skipping package `ifvtex' (already loaded).
Package: intcalc 2007/09/27 v1.1 Expandable calculations with integers (HO)
Package hobsub Info: Skipping package `ifpdf' (already loaded).
Package: etexcmds 2011/02/16 v1.5 Avoid name clashes with e-TeX commands (HO)
Package etexcmds Info: Could not find \expanded.
(etexcmds)             That can mean that you are not using pdfTeX 1.50 or
(etexcmds)             that some package has redefined \expanded.
(etexcmds)             In the latter case, load this package earlier.
Package: kvsetkeys 2012/04/25 v1.16 Key value parser (HO)
Package: kvdefinekeys 2011/04/07 v1.3 Define keys (HO)
Package: pdftexcmds 2011/11/29 v0.20 Utility functions of pdfTeX for LuaTeX (HO)
Package pdftexcmds Info: LuaTeX not detected.
Package pdftexcmds Info: \pdf@primitive is available.
Package pdftexcmds Info: \pdf@ifprimitive is available.
Package pdftexcmds Info: \pdfdraftmode found.
Package: pdfescape 2011/11/25 v1.13 Implements pdfTeX's escape features (HO)
Package: bigintcalc 2012/04/08 v1.3 Expandable calculations on big integers (HO)
Package: bitset 2011/01/30 v1.1 Handle bit-vector datatype (HO)
Package: uniquecounter 2011/01/30 v1.2 Provide unlimited unique counter (HO)
)
Package hobsub Info: Skipping package `hobsub' (already loaded).
Package: letltxmacro 2010/09/02 v1.4 Let assignment for LaTeX macros (HO)
Package: hopatch 2011/06/24 v1.1 Wrapper for package hooks (HO)
Package: xcolor-patch 2011/01/30 xcolor patch
Package: atveryend 2011/06/30 v1.8 Hooks at the very end of document (HO)
Package atveryend Info: \enddocument detected (standard20110627).
Package hobsub Info: Skipping package `atbegshi' (already loaded).
Package: refcount 2011/10/16 v3.4 Data extraction from label references (HO)
Package: hycolor 2011/01/30 v1.7 Color options for hyperref/bookmark (HO)
)
("C:\Program Files\MiKTeX 2.9\tex\latex\oberdiek\auxhook.sty"
Package: auxhook 2011/03/04 v1.3 Hooks for auxiliary files (HO)
)
("C:\Program Files\MiKTeX 2.9\tex\latex\oberdiek\kvoptions.sty"
Package: kvoptions 2011/06/30 v3.11 Key value format for package options (HO)
)
\@linkdim=\dimen164
\Hy@linkcounter=\count118
\Hy@pagecounter=\count119

("C:\Program Files\MiKTeX 2.9\tex\latex\hyperref\pd1enc.def"
File: pd1enc.def 2012/11/06 v6.83m Hyperref: PDFDocEncoding definition (HO)
)
\Hy@SavedSpaceFactor=\count120

("C:\Program Files\MiKTeX 2.9\tex\latex\00miktex\hyperref.cfg"
File: hyperref.cfg 2002/06/06 v1.2 hyperref configuration of TeXLive
)
Package hyperref Info: Option `bookmarks' set `true' on input line 4319.
Package hyperref Info: Option `bookmarksopen' set `true' on input line 4319.
Package hyperref Info: Option `implicit' set `false' on input line 4319.
Package hyperref Info: Hyper figures OFF on input line 4443.
Package hyperref Info: Link nesting OFF on input line 4448.
Package hyperref Info: Hyper index ON on input line 4451.
Package hyperref Info: Plain pages OFF on input line 4458.
Package hyperref Info: Backreferencing OFF on input line 4463.
Package hyperref Info: Implicit mode OFF; no redefinition of LaTeX internals.
Package hyperref Info: Bookmarks ON on input line 4688.
\c@Hy@tempcnt=\count121

(C:\Users\Deepa\AppData\Roaming\MiKTeX\2.9\tex\latex\url\url.sty
\Urlmuskip=\muskip10
Package: url 2013/09/16  ver 3.4  Verb mode for urls, etc.
)
LaTeX Info: Redefining \url on input line 5041.
\XeTeXLinkMargin=\dimen165
\Fld@menulength=\count122
\Field@Width=\dimen166
\Fld@charsize=\dimen167
Package hyperref Info: Hyper figures OFF on input line 6295.
Package hyperref Info: Link nesting OFF on input line 6300.
Package hyperref Info: Hyper index ON on input line 6303.
Package hyperref Info: backreferencing OFF on input line 6310.
Package hyperref Info: Link coloring OFF on input line 6315.
Package hyperref Info: Link coloring with OCG OFF on input line 6320.
Package hyperref Info: PDF/A mode OFF on input line 6325.
LaTeX Info: Redefining \ref on input line 6365.
LaTeX Info: Redefining \pageref on input line 6369.
\Hy@abspage=\count123


Package hyperref Message: Stopped early.

)

Package hyperref Message: Driver (autodetected): hpdftex.

("C:\Program Files\MiKTeX 2.9\tex\latex\hyperref\hpdftex.def"
File: hpdftex.def 2012/11/06 v6.83m Hyperref driver for pdfTeX
\Fld@listcount=\count124
\c@bookmark@seq@number=\count125

("C:\Program Files\MiKTeX 2.9\tex\latex\oberdiek\rerunfilecheck.sty"
Package: rerunfilecheck 2011/04/15 v1.7 Rerun checks for auxiliary files (HO)
Package uniquecounter Info: New unique counter `rerunfilecheck' on input line 282.
))
("C:\Program Files\MiKTeX 2.9\tex\latex\beamer\base\beamerbaserequires.sty"
Package: beamerbaserequires 2010/05/01  (rcs-revision efa082c6111d)

("C:\Program Files\MiKTeX 2.9\tex\latex\beamer\base\beamerbasecompatibility.sty"
Package: beamerbasecompatibility 2012/05/01  (rcs-revision 67c48b3b652d)
)
("C:\Program Files\MiKTeX 2.9\tex\latex\beamer\base\beamerbasefont.sty"
Package: beamerbasefont 2013/10/18  (rcs-revision 72f39e01808a)

("C:\Program Files\MiKTeX 2.9\tex\latex\amsfonts\amssymb.sty"
Package: amssymb 2013/01/14 v3.01 AMS font symbols

("C:\Program Files\MiKTeX 2.9\tex\latex\amsfonts\amsfonts.sty"
Package: amsfonts 2013/01/14 v3.01 Basic AMSFonts support
\@emptytoks=\toks26
\symAMSa=\mathgroup4
\symAMSb=\mathgroup5
LaTeX Font Info:    Overwriting math alphabet `\mathfrak' in version `bold'
(Font)                  U/euf/m/n --> U/euf/b/n on input line 106.
))
(C:\Users\Deepa\AppData\Roaming\MiKTeX\2.9\tex\latex\sansmathaccent\sansmathaccent.sty
Package: sansmathaccent 2013/03/28

(C:\Users\Deepa\AppData\Roaming\MiKTeX\2.9\tex\latex\filehook\filehook.sty
Package: filehook 2011/10/12 v0.5d Hooks for input files
)))
("C:\Program Files\MiKTeX 2.9\tex\latex\beamer\base\beamerbasetranslator.sty"
Package: beamerbasetranslator 2010/06/11  (rcs-revision 85fd1cc7fc42)

("C:\Program Files\MiKTeX 2.9\tex\latex\beamer\base\translator\translator.sty"
Package: translator 2010/06/12 ver 1.10

("C:\Program Files\MiKTeX 2.9\tex\latex\beamer\base\translator\translator-language-mappings.tex")))
("C:\Program Files\MiKTeX 2.9\tex\latex\beamer\base\beamerbasemisc.sty"
Package: beamerbasemisc 2013/09/03  (rcs-revision a55719c41d85)
)
("C:\Program Files\MiKTeX 2.9\tex\latex\beamer\base\beamerbasetwoscreens.sty"
Package: beamerbasetwoscreens 2010/05/01  (rcs-revision efa082c6111d)
)
("C:\Program Files\MiKTeX 2.9\tex\latex\beamer\base\beamerbaseoverlay.sty"
Package: beamerbaseoverlay 2013/12/25  (rcs-revision f6bd5e3805da)
\beamer@argscount=\count126
\beamer@lastskipcover=\skip44
\beamer@trivlistdepth=\count127
)
("C:\Program Files\MiKTeX 2.9\tex\latex\beamer\base\beamerbasetitle.sty"
Package: beamerbasetitle 2010/09/21  (rcs-revision f0446ed0b6ae)
)
("C:\Program Files\MiKTeX 2.9\tex\latex\beamer\base\beamerbasesection.sty"
Package: beamerbasesection 2013/06/07  (rcs-revision 60b9fe0f342f)
\c@lecture=\count128
\c@part=\count129
\c@section=\count130
\c@subsection=\count131
\c@subsubsection=\count132
)
("C:\Program Files\MiKTeX 2.9\tex\latex\beamer\base\beamerbaseframe.sty"
Package: beamerbaseframe 2013/10/02  (rcs-revision cdc8e9a3aaac)
\beamer@framebox=\box40
\beamer@frametitlebox=\box41
\beamer@zoombox=\box42
\beamer@zoomcount=\count133
\beamer@zoomframecount=\count134
\beamer@frametextheight=\dimen168
\c@subsectionslide=\count135
\beamer@frametopskip=\skip45
\beamer@framebottomskip=\skip46
\beamer@frametopskipautobreak=\skip47
\beamer@framebottomskipautobreak=\skip48
\beamer@envbody=\toks27
\framewidth=\dimen169
\c@framenumber=\count136
)
("C:\Program Files\MiKTeX 2.9\tex\latex\beamer\base\beamerbaseverbatim.sty"
Package: beamerbaseverbatim 2012/08/30  (rcs-revision dfdb135076b3)
\beamer@verbatimfileout=\write4
)
("C:\Program Files\MiKTeX 2.9\tex\latex\beamer\base\beamerbaseframesize.sty"
Package: beamerbaseframesize 2011/09/12  (rcs-revision 70f9d8411e54)
\beamer@splitbox=\box43
\beamer@autobreakcount=\count137
\beamer@autobreaklastheight=\dimen170
\beamer@frametitletoks=\toks28
\beamer@framesubtitletoks=\toks29
)
("C:\Program Files\MiKTeX 2.9\tex\latex\beamer\base\beamerbaseframecomponents.sty"
Package: beamerbaseframecomponents 2013/10/18  (rcs-revision 5cf6c5555a45)
\beamer@footins=\box44
)
("C:\Program Files\MiKTeX 2.9\tex\latex\beamer\base\beamerbasecolor.sty"
Package: beamerbasecolor 2010/06/06  (rcs-revision d1a9b48be06d)
)
("C:\Program Files\MiKTeX 2.9\tex\latex\beamer\base\beamerbasenotes.sty"
Package: beamerbasenotes 2012/12/19  (rcs-revision 1686da3db3c9)
\beamer@frameboxcopy=\box45
)
("C:\Program Files\MiKTeX 2.9\tex\latex\beamer\base\beamerbasetoc.sty"
Package: beamerbasetoc 2013/05/23  (rcs-revision 0fdf5bc43be8)
)
("C:\Program Files\MiKTeX 2.9\tex\latex\beamer\base\beamerbasetemplates.sty"
Package: beamerbasetemplates 2010/05/01  (rcs-revision efa082c6111d)
\beamer@sbttoks=\toks30

("C:\Program Files\MiKTeX 2.9\tex\latex\beamer\base\beamerbaseauxtemplates.sty"
Package: beamerbaseauxtemplates 2013/09/04  (rcs-revision 4ac715c499d0)

("C:\Program Files\MiKTeX 2.9\tex\latex\beamer\base\beamerbaseboxes.sty"
Package: beamerbaseboxes 2012/05/13  (rcs-revision 56972908a390)
\bmb@box=\box46
\bmb@colorbox=\box47
\bmb@boxshadow=\box48
\bmb@boxshadowball=\box49
\bmb@boxshadowballlarge=\box50
\bmb@temp=\dimen171
\bmb@dima=\dimen172
\bmb@dimb=\dimen173
\bmb@prevheight=\dimen174
)
\beamer@blockheadheight=\dimen175
))
("C:\Program Files\MiKTeX 2.9\tex\latex\beamer\base\beamerbaselocalstructure.sty"
Package: beamerbaselocalstructure 2013/09/04  (rcs-revision 4ac715c499d0)

("C:\Program Files\MiKTeX 2.9\tex\latex\tools\enumerate.sty"
Package: enumerate 1999/03/05 v3.00 enumerate extensions (DPC)
\@enLab=\toks31
)
\c@figure=\count138
\c@table=\count139
\abovecaptionskip=\skip49
\belowcaptionskip=\skip50
)
("C:\Program Files\MiKTeX 2.9\tex\latex\beamer\base\beamerbasenavigation.sty"
Package: beamerbasenavigation 2013/10/05  (rcs-revision 62be157fe783)
\beamer@section@min@dim=\dimen176
)
("C:\Program Files\MiKTeX 2.9\tex\latex\beamer\base\beamerbasetheorems.sty"
Package: beamerbasetheorems 2010/06/06  (rcs-revision 7e7cc5e53e9d)

("C:\Program Files\MiKTeX 2.9\tex\latex\amsmath\amsmath.sty"
Package: amsmath 2013/01/14 v2.14 AMS math features
\@mathmargin=\skip51

For additional information on amsmath, use the `?' option.
("C:\Program Files\MiKTeX 2.9\tex\latex\amsmath\amstext.sty"
Package: amstext 2000/06/29 v2.01
 ("C:\Program Files\MiKTeX 2.9\tex\latex\amsmath\amsgen.sty"
File: amsgen.sty 1999/11/30 v2.0
\@emptytoks=\toks32
\ex@=\dimen177
)) ("C:\Program Files\MiKTeX 2.9\tex\latex\amsmath\amsbsy.sty"
Package: amsbsy 1999/11/29 v1.2d
\pmbraise@=\dimen178
)
("C:\Program Files\MiKTeX 2.9\tex\latex\amsmath\amsopn.sty"
Package: amsopn 1999/12/14 v2.01 operator names
)
\inf@bad=\count140
LaTeX Info: Redefining \frac on input line 210.
\uproot@=\count141
\leftroot@=\count142
LaTeX Info: Redefining \overline on input line 306.
\classnum@=\count143
\DOTSCASE@=\count144
LaTeX Info: Redefining \ldots on input line 378.
LaTeX Info: Redefining \dots on input line 381.
LaTeX Info: Redefining \cdots on input line 466.
\Mathstrutbox@=\box51
\strutbox@=\box52
\big@size=\dimen179
LaTeX Font Info:    Redeclaring font encoding OML on input line 566.
LaTeX Font Info:    Redeclaring font encoding OMS on input line 567.
\macc@depth=\count145
\c@MaxMatrixCols=\count146
\dotsspace@=\muskip11
\c@parentequation=\count147
\dspbrk@lvl=\count148
\tag@help=\toks33
\row@=\count149
\column@=\count150
\maxfields@=\count151
\andhelp@=\toks34
\eqnshift@=\dimen180
\alignsep@=\dimen181
\tagshift@=\dimen182
\tagwidth@=\dimen183
\totwidth@=\dimen184
\lineht@=\dimen185
\@envbody=\toks35
\multlinegap=\skip52
\multlinetaggap=\skip53
\mathdisplay@stack=\toks36
LaTeX Info: Redefining \[ on input line 2665.
LaTeX Info: Redefining \] on input line 2666.
) ("C:\Program Files\MiKTeX 2.9\tex\latex\amscls\amsthm.sty"
Package: amsthm 2004/08/06 v2.20
\thm@style=\toks37
\thm@bodyfont=\toks38
\thm@headfont=\toks39
\thm@notefont=\toks40
\thm@headpunct=\toks41
\thm@preskip=\skip54
\thm@postskip=\skip55
\thm@headsep=\skip56
\dth@everypar=\toks42
)
\c@theorem=\count152
) ("C:\Program Files\MiKTeX 2.9\tex\latex\beamer\base\beamerbasethemes.sty"
Package: beamerbasethemes 2010/05/01  (rcs-revision efa082c6111d)
))
("C:\Program Files\MiKTeX 2.9\tex\latex\beamer\base\themes\theme\beamerthemedefault.sty"
Package: beamerthemedefault 2010/06/17  (rcs-revision d02a7cf4d8ae)

("C:\Program Files\MiKTeX 2.9\tex\latex\beamer\base\themes\font\beamerfontthemedefault.sty"
Package: beamerfontthemedefault 2012/12/19  (rcs-revision 1686da3db3c9)
)
("C:\Program Files\MiKTeX 2.9\tex\latex\beamer\base\themes\color\beamercolorthemedefault.sty"
Package: beamercolorthemedefault 2012/12/19  (rcs-revision 1686da3db3c9)
)
("C:\Program Files\MiKTeX 2.9\tex\latex\beamer\base\themes\inner\beamerinnerthemedefault.sty"
Package: beamerinnerthemedefault 2013/10/15  (rcs-revision 65cb471f9634)
\beamer@dima=\dimen186
\beamer@dimb=\dimen187
)
("C:\Program Files\MiKTeX 2.9\tex\latex\beamer\base\themes\outer\beamerouterthemedefault.sty"
Package: beamerouterthemedefault 2012/12/19  (rcs-revision 1686da3db3c9)
))
("C:\Program Files\MiKTeX 2.9\tex\latex\beamer\base\themes\color\beamercolorthemestructure.sty"
Package: beamercolorthemestructure 2010/06/17  (rcs-revision d02a7cf4d8ae)
))
("C:\Program Files\MiKTeX 2.9\tex\latex\beamer\base\themes\theme\beamerthemeberlin.sty"

LaTeX Warning: You have requested package `beamerthemeberlin',
               but the package provides `beamerthemeBerlin'.

Package: beamerthemeBerlin 2010/06/17  (rcs-revision d02a7cf4d8ae)
("C:\Program Files\MiKTeX 2.9\tex\latex\beamer\base\themes\outer\beamerouterthememiniframes.sty"
Package: beamerouterthememiniframes 2010/06/17  (rcs-revision d02a7cf4d8ae)
)
("C:\Program Files\MiKTeX 2.9\tex\latex\beamer\base\themes\color\beamercolorthemewhale.sty"
Package: beamercolorthemewhale 2010/06/17  (rcs-revision d02a7cf4d8ae)
)
("C:\Program Files\MiKTeX 2.9\tex\latex\beamer\base\themes\color\beamercolorthemeorchid.sty"
Package: beamercolorthemeorchid 2010/06/17  (rcs-revision d02a7cf4d8ae)
)
("C:\Program Files\MiKTeX 2.9\tex\latex\beamer\base\themes\inner\beamerinnerthemerectangles.sty"
Package: beamerinnerthemerectangles 2010/06/17  (rcs-revision d02a7cf4d8ae)
))
("C:\Program Files\MiKTeX 2.9\tex\latex\beamer\base\themes\theme\compatibility\beamerthemesplit.sty"
Package: beamerthemesplit 2010/06/17  (rcs-revision d02a7cf4d8ae)

("C:\Program Files\MiKTeX 2.9\tex\latex\beamer\base\themes\outer\beamerouterthemesplit.sty"
Package: beamerouterthemesplit 2012/10/16  (rcs-revision 51a8c72084af)
)
("C:\Program Files\MiKTeX 2.9\tex\latex\beamer\base\themes\font\beamerfontthemestructurebold.sty"
Package: beamerfontthemestructurebold 2010/06/17  (rcs-revision d02a7cf4d8ae)
))
("C:\Program Files\MiKTeX 2.9\tex\latex\beamer\base\themes\theme\compatibility\beamerthemeshadow.sty"
Package: beamerthemeshadow 2010/06/17  (rcs-revision d02a7cf4d8ae)

("C:\Program Files\MiKTeX 2.9\tex\latex\beamer\base\themes\inner\beamerinnerthemerounded.sty"
Package: beamerinnerthemerounded 2010/06/17  (rcs-revision d02a7cf4d8ae)
)
("C:\Program Files\MiKTeX 2.9\tex\latex\beamer\base\themes\outer\beamerouterthemeshadow.sty"
Package: beamerouterthemeshadow 2010/06/17  (rcs-revision d02a7cf4d8ae)
))
(C:\Users\Deepa\AppData\Roaming\MiKTeX\2.9\tex\latex\booktabs\booktabs.sty
Package: booktabs 2005/04/14 v1.61803 publication quality tables
\heavyrulewidth=\dimen188
\lightrulewidth=\dimen189
\cmidrulewidth=\dimen190
\belowrulesep=\dimen191
\belowbottomsep=\dimen192
\aboverulesep=\dimen193
\abovetopsep=\dimen194
\cmidrulesep=\dimen195
\cmidrulekern=\dimen196
\defaultaddspace=\dimen197
\@cmidla=\count153
\@cmidlb=\count154
\@aboverulesep=\dimen198
\@belowrulesep=\dimen199
\@thisruleclass=\count155
\@lastruleclass=\count156
\@thisrulewidth=\dimen200
)
("C:\Program Files\MiKTeX 2.9\tex\latex\tools\array.sty"
Package: array 2008/09/09 v2.4c Tabular extension package (FMi)
\col@sep=\dimen201
\extrarowheight=\dimen202
\NC@list=\toks43
\extratabsurround=\skip57
\backup@length=\skip58
)
(C:\Users\Deepa\AppData\Roaming\MiKTeX\2.9\tex\latex\listings\listings.sty
\lst@mode=\count157
\lst@gtempboxa=\box53
\lst@token=\toks44
\lst@length=\count158
\lst@currlwidth=\dimen203
\lst@column=\count159
\lst@pos=\count160
\lst@lostspace=\dimen204
\lst@width=\dimen205
\lst@newlines=\count161
\lst@lineno=\count162
\lst@maxwidth=\dimen206

(C:\Users\Deepa\AppData\Roaming\MiKTeX\2.9\tex\latex\listings\lstmisc.sty
File: lstmisc.sty 2014/09/06 1.5e (Carsten Heinz)
\c@lstnumber=\count163
\lst@skipnumbers=\count164
\lst@framebox=\box54
)
(C:\Users\Deepa\AppData\Roaming\MiKTeX\2.9\tex\latex\listings\listings.cfg
File: listings.cfg 2014/09/06 1.5e listings configuration
))
Package: listings 2014/09/06 1.5e (Carsten Heinz)

("C:\Program Files\MiKTeX 2.9\tex\latex\tools\verbatim.sty"
Package: verbatim 2003/08/22 v1.5q LaTeX2e package for verbatim enhancements
\every@verbatim=\toks45
\verbatim@line=\toks46
\verbatim@in@stream=\read2
)
(C:\Users\Deepa\AppData\Roaming\MiKTeX\2.9\tex\latex\moreverb\moreverb.sty
Package: moreverb 2008/06/03 v2.3a `more' verbatim facilities
\tab@position=\count165
\tab@size=\count166
\listing@line=\count167
)
(C:\Users\Deepa\AppData\Roaming\MiKTeX\2.9\tex\latex\colortbl\colortbl.sty
Package: colortbl 2012/02/13 v1.0a Color table columns (DPC)
\everycr=\toks47
\minrowclearance=\skip59
)
("C:\Program Files\MiKTeX 2.9\tex\latex\multirow\multirow.sty"
\bigstrutjot=\dimen207
)

Package hyperref Warning: Token not allowed in a PDF string (PDFDocEncoding):
(hyperref)                removing `\\' on input line 54.


Package hyperref Warning: Token not allowed in a PDF string (PDFDocEncoding):
(hyperref)                removing `\\' on input line 54.


Package hyperref Warning: Token not allowed in a PDF string (PDFDocEncoding):
(hyperref)                removing `\\' on input line 54.

("C:\Users\Deepa\Desktop\Tutorial Latex Files\PWM_Slides\PWM.aux")
LaTeX Font Info:    Checking defaults for OML/cmm/m/it on input line 61.
LaTeX Font Info:    ... okay on input line 61.
LaTeX Font Info:    Checking defaults for T1/cmr/m/n on input line 61.
LaTeX Font Info:    ... okay on input line 61.
LaTeX Font Info:    Checking defaults for OT1/cmr/m/n on input line 61.
LaTeX Font Info:    ... okay on input line 61.
LaTeX Font Info:    Checking defaults for OMS/cmsy/m/n on input line 61.
LaTeX Font Info:    ... okay on input line 61.
LaTeX Font Info:    Checking defaults for OMX/cmex/m/n on input line 61.
LaTeX Font Info:    ... okay on input line 61.
LaTeX Font Info:    Checking defaults for U/cmr/m/n on input line 61.
LaTeX Font Info:    ... okay on input line 61.
LaTeX Font Info:    Checking defaults for PD1/pdf/m/n on input line 61.
LaTeX Font Info:    ... okay on input line 61.

*geometry* driver: auto-detecting
*geometry* detected driver: pdftex
*geometry* verbose mode - [ preamble ] result:
* driver: pdftex
* paper: custom
* layout: <same size as paper>
* layoutoffset:(h,v)=(0.0pt,0.0pt)
* modes: includehead includefoot 
* h-part:(L,W,R)=(28.45274pt, 307.28987pt, 28.45274pt)
* v-part:(T,H,B)=(0.0pt, 273.14662pt, 0.0pt)
* \paperwidth=364.19536pt
* \paperheight=273.14662pt
* \textwidth=307.28987pt
* \textheight=244.6939pt
* \oddsidemargin=-43.81725pt
* \evensidemargin=-43.81725pt
* \topmargin=-72.26999pt
* \headheight=14.22636pt
* \headsep=0.0pt
* \topskip=10.0pt
* \footskip=14.22636pt
* \marginparwidth=3.0pt
* \marginparsep=11.0pt
* \columnsep=10.0pt
* \skip\footins=9.0pt plus 4.0pt minus 2.0pt
* \hoffset=0.0pt
* \voffset=0.0pt
* \mag=1000
* \@twocolumnfalse
* \@twosidefalse
* \@mparswitchfalse
* \@reversemarginfalse
* (1in=72.27pt=25.4mm, 1cm=28.453pt)

(C:\Users\Deepa\AppData\Roaming\MiKTeX\2.9\tex\context\base\supp-pdf.mkii
[Loading MPS to PDF converter (version 2006.09.02).]
\scratchcounter=\count168
\scratchdimen=\dimen208
\scratchbox=\box55
\nofMPsegments=\count169
\nofMParguments=\count170
\everyMPshowfont=\toks48
\MPscratchCnt=\count171
\MPscratchDim=\dimen209
\MPnumerator=\count172
\makeMPintoPDFobject=\count173
\everyMPtoPDFconversion=\toks49
) ABD: EveryShipout initializing macros
\AtBeginShipoutBox=\box56
Package hyperref Info: Link coloring OFF on input line 61.
 ("C:\Program Files\MiKTeX 2.9\tex\latex\hyperref\nameref.sty"
Package: nameref 2012/10/27 v2.43 Cross-referencing by name of section

("C:\Program Files\MiKTeX 2.9\tex\generic\oberdiek\gettitlestring.sty"
Package: gettitlestring 2010/12/03 v1.4 Cleanup title references (HO)
)
\c@section@level=\count174
)
LaTeX Info: Redefining \ref on input line 61.
LaTeX Info: Redefining \pageref on input line 61.
LaTeX Info: Redefining \nameref on input line 61.

("C:\Users\Deepa\Desktop\Tutorial Latex Files\PWM_Slides\PWM.out")
("C:\Users\Deepa\Desktop\Tutorial Latex Files\PWM_Slides\PWM.out")
\@outlinefile=\write5
LaTeX Font Info:    Overwriting symbol font `operators' in version `normal'
(Font)                  OT1/cmr/m/n --> OT1/cmss/m/n on input line 61.
LaTeX Font Info:    Overwriting symbol font `operators' in version `bold'
(Font)                  OT1/cmr/bx/n --> OT1/cmss/bx/n on input line 61.
\symnumbers=\mathgroup6
\sympureletters=\mathgroup7
LaTeX Font Info:    Overwriting math alphabet `\mathrm' in version `normal'
(Font)                  OT1/cmss/m/n --> OT1/cmr/m/n on input line 61.
LaTeX Font Info:    Redeclaring math alphabet \mathbf on input line 61.
LaTeX Font Info:    Overwriting math alphabet `\mathbf' in version `normal'
(Font)                  OT1/cmr/bx/n --> OT1/cmss/bx/n on input line 61.
LaTeX Font Info:    Overwriting math alphabet `\mathbf' in version `bold'
(Font)                  OT1/cmr/bx/n --> OT1/cmss/bx/n on input line 61.
LaTeX Font Info:    Redeclaring math alphabet \mathsf on input line 61.
LaTeX Font Info:    Overwriting math alphabet `\mathsf' in version `normal'
(Font)                  OT1/cmss/m/n --> OT1/cmss/m/n on input line 61.
LaTeX Font Info:    Overwriting math alphabet `\mathsf' in version `bold'
(Font)                  OT1/cmss/bx/n --> OT1/cmss/m/n on input line 61.
LaTeX Font Info:    Redeclaring math alphabet \mathit on input line 61.
LaTeX Font Info:    Overwriting math alphabet `\mathit' in version `normal'
(Font)                  OT1/cmr/m/it --> OT1/cmss/m/it on input line 61.
LaTeX Font Info:    Overwriting math alphabet `\mathit' in version `bold'
(Font)                  OT1/cmr/bx/it --> OT1/cmss/m/it on input line 61.
LaTeX Font Info:    Redeclaring math alphabet \mathtt on input line 61.
LaTeX Font Info:    Overwriting math alphabet `\mathtt' in version `normal'
(Font)                  OT1/cmtt/m/n --> OT1/cmtt/m/n on input line 61.
LaTeX Font Info:    Overwriting math alphabet `\mathtt' in version `bold'
(Font)                  OT1/cmtt/m/n --> OT1/cmtt/m/n on input line 61.
LaTeX Font Info:    Overwriting symbol font `numbers' in version `bold'
(Font)                  OT1/cmss/m/n --> OT1/cmss/bx/n on input line 61.
LaTeX Font Info:    Overwriting symbol font `pureletters' in version `bold'
(Font)                  OT1/cmss/m/it --> OT1/cmss/bx/it on input line 61.
LaTeX Font Info:    Overwriting math alphabet `\mathrm' in version `bold'
(Font)                  OT1/cmss/bx/n --> OT1/cmr/bx/n on input line 61.
LaTeX Font Info:    Overwriting math alphabet `\mathbf' in version `bold'
(Font)                  OT1/cmss/bx/n --> OT1/cmss/bx/n on input line 61.
LaTeX Font Info:    Overwriting math alphabet `\mathsf' in version `bold'
(Font)                  OT1/cmss/m/n --> OT1/cmss/bx/n on input line 61.
LaTeX Font Info:    Overwriting math alphabet `\mathit' in version `bold'
(Font)                  OT1/cmss/m/it --> OT1/cmss/bx/it on input line 61.
LaTeX Font Info:    Overwriting math alphabet `\mathtt' in version `bold'
(Font)                  OT1/cmtt/m/n --> OT1/cmtt/bx/n on input line 61.
LaTeX Font Info:    Redeclaring symbol font `pureletters' on input line 61.
LaTeX Font Info:    Overwriting symbol font `pureletters' in version `normal'
(Font)                  OT1/cmss/m/it --> OT1/mathkerncmss/m/sl on input line 61.
LaTeX Font Info:    Overwriting symbol font `pureletters' in version `bold'
(Font)                  OT1/cmss/bx/it --> OT1/mathkerncmss/m/sl on input line 61.
LaTeX Font Info:    Overwriting symbol font `pureletters' in version `bold'
(Font)                  OT1/mathkerncmss/m/sl --> OT1/mathkerncmss/bx/sl on input line 61.

("C:\Program Files\MiKTeX 2.9\tex\latex\beamer\base\translator\dicts\translator-basic-dictionary\translator-basic-dictio
nary-English.dict"
Dictionary: translator-basic-dictionary, Language: English 
)
("C:\Program Files\MiKTeX 2.9\tex\latex\beamer\base\translator\dicts\translator-bibliography-dictionary\translator-bibli
ography-dictionary-English.dict"
Dictionary: translator-bibliography-dictionary, Language: English 
)
("C:\Program Files\MiKTeX 2.9\tex\latex\beamer\base\translator\dicts\translator-environment-dictionary\translator-enviro
nment-dictionary-English.dict"
Dictionary: translator-environment-dictionary, Language: English 
)
("C:\Program Files\MiKTeX 2.9\tex\latex\beamer\base\translator\dicts\translator-months-dictionary\translator-months-dict
ionary-English.dict"
Dictionary: translator-months-dictionary, Language: English 
)
("C:\Program Files\MiKTeX 2.9\tex\latex\beamer\base\translator\dicts\translator-numbers-dictionary\translator-numbers-di
ctionary-English.dict"
Dictionary: translator-numbers-dictionary, Language: English 
)
("C:\Program Files\MiKTeX 2.9\tex\latex\beamer\base\translator\dicts\translator-theorem-dictionary\translator-theorem-di
ctionary-English.dict"
Dictionary: translator-theorem-dictionary, Language: English 
)
LaTeX Info: Redefining \includegraphics on input line 61.
\c@lstlisting=\count175
 ("C:\Users\Deepa\Desktop\Tutorial Latex Files\PWM_Slides\PWM.nav")

LaTeX Font Warning: Font shape `OT1/cmss/bx/n' in size <4> not available
(Font)              size <5> substituted on input line 66.

<iitblogo.pdf, id=81, 262.9825pt x 257.96375pt>
File: iitblogo.pdf Graphic file (type pdf)
 <use iitblogo.pdf>
Package pdftex.def Info: iitblogo.pdf used on input line 66.
(pdftex.def)             Requested size: 29.0044pt x 28.45274pt.


LaTeX Font Warning: Font shape `OT1/cmss/m/n' in size <4> not available
(Font)              size <5> substituted on input line 66.

[1{C:/Users/Deepa/AppData/Local/MiKTeX/2.9/pdftex/config/pdftex.map}

 <C:/Users/Deepa/Desktop/Tutorial Latex Files/PWM_Slides/iitblogo.pdf>] ("C:\Users\Deepa\Desktop\Tutorial Latex Files\PW
M_Slides\PWM.toc")
File: iitblogo.pdf Graphic file (type pdf)
 <use iitblogo.pdf>
Package pdftex.def Info: iitblogo.pdf used on input line 73.
(pdftex.def)             Requested size: 29.0044pt x 28.45274pt.
 [2

]
<electric_stove.png, id=184, 199.4652pt x 104.5506pt>
File: electric_stove.png Graphic file (type png)
 <use electric_stove.png>
Package pdftex.def Info: electric_stove.png used on input line 86.
(pdftex.def)             Requested size: 153.64493pt x 80.5377pt.
File: iitblogo.pdf Graphic file (type pdf)
 <use iitblogo.pdf>
Package pdftex.def Info: iitblogo.pdf used on input line 86.
(pdftex.def)             Requested size: 29.0044pt x 28.45274pt.
 [3

 <C:/Users/Deepa/Desktop/Tutorial Latex Files/PWM_Slides/electric_stove.png>]
File: electric_stove.png Graphic file (type png)
 <use electric_stove.png>
Package pdftex.def Info: electric_stove.png used on input line 86.
(pdftex.def)             Requested size: 153.64493pt x 80.5377pt.
File: iitblogo.pdf Graphic file (type pdf)
 <use iitblogo.pdf>
Package pdftex.def Info: iitblogo.pdf used on input line 86.
(pdftex.def)             Requested size: 29.0044pt x 28.45274pt.
 [4

]
File: electric_stove.png Graphic file (type png)

<use electric_stove.png>
Package pdftex.def Info: electric_stove.png used on input line 86.
(pdftex.def)             Requested size: 153.64493pt x 80.5377pt.
File: iitblogo.pdf Graphic file (type pdf)
 <use iitblogo.pdf>
Package pdftex.def Info: iitblogo.pdf used on input line 86.
(pdftex.def)             Requested size: 29.0044pt x 28.45274pt.
 [5

]
File: electric_stove.png Graphic file (type png)
 <use electric_stove.png>
Package pdftex.def Info: electric_stove.png used on input line 86.
(pdftex.def)             Requested size: 153.64493pt x 80.5377pt.
File: iitblogo.pdf Graphic file (type pdf)
 <use iitblogo.pdf>
Package pdftex.def Info: iitblogo.pdf used on input line 86.
(pdftex.def)             Requested size: 29.0044pt x 28.45274pt.
 [6

]
File: electric_stove.png Graphic file (type png)

<use electric_stove.png>
Package pdftex.def Info: electric_stove.png used on input line 86.
(pdftex.def)             Requested size: 153.64493pt x 80.5377pt.
File: iitblogo.pdf Graphic file (type pdf)
 <use iitblogo.pdf>
Package pdftex.def Info: iitblogo.pdf used on input line 86.
(pdftex.def)             Requested size: 29.0044pt x 28.45274pt.
 [7

]
File: electric_stove.png Graphic file (type png)
 <use electric_stove.png>
Package pdftex.def Info: electric_stove.png used on input line 86.
(pdftex.def)             Requested size: 153.64493pt x 80.5377pt.
File: iitblogo.pdf Graphic file (type pdf)
 <use iitblogo.pdf>
Package pdftex.def Info: iitblogo.pdf used on input line 86.
(pdftex.def)             Requested size: 29.0044pt x 28.45274pt.
 [8

]
<50_dutycycle.png, id=382, 466.58527pt x 190.1842pt>
File: 50_dutycycle.png Graphic file (type png)
 <use 50_dutycycle.png>
Package pdftex.def Info: 50_dutycycle.png used on input line 103.
(pdftex.def)             Requested size: 314.66077pt x 128.26431pt.


LaTeX Warning: The counter will not be printed.
             The label is: $\checkmark $ on input line 103.

LaTeX Font Info:    Try loading font information for U+msa on input line 103.
("C:\Program Files\MiKTeX 2.9\tex\latex\amsfonts\umsa.fd"
File: umsa.fd 2013/01/14 v3.01 AMS symbols A
)
LaTeX Font Info:    Try loading font information for U+msb on input line 103.
 ("C:\Program Files\MiKTeX 2.9\tex\latex\amsfonts\umsb.fd"
File: umsb.fd 2013/01/14 v3.01 AMS symbols B
)
LaTeX Font Info:    Try loading font information for OT1+mathkerncmss on input line 103.

(C:\Users\Deepa\AppData\Roaming\MiKTeX\2.9\tex\latex\sansmathaccent\ot1mathkerncmss.fd
File: ot1mathkerncmss.fd 2013/03/27 Fontinst v1.933 font definitions for OT1/mathkerncmss.
)

Class beamer Warning: Frame text is shrunk by a factor of 21.28448 percent instead of 2 percent on input line 103.

File: iitblogo.pdf Graphic file (type pdf)
<use iitblogo.pdf>
Package pdftex.def Info: iitblogo.pdf used on input line 103.
(pdftex.def)             Requested size: 29.0044pt x 28.45274pt.
 [9

 <C:/Users/Deepa/Desktop/Tutorial Latex Files/PWM_Slides/50_dutycycle.png>]
File: 50_dutycycle.png Graphic file (type png)
 <use 50_dutycycle.png>
Package pdftex.def Info: 50_dutycycle.png used on input line 103.
(pdftex.def)             Requested size: 314.66077pt x 128.26431pt.


LaTeX Warning: The counter will not be printed.
             The label is: $\checkmark $ on input line 103.


Class beamer Warning: Frame text is shrunk by a factor of 21.28448 percent instead of 2 percent on input line 103.

File: iitblogo.pdf Graphic file (type pdf)
<use iitblogo.pdf>
Package pdftex.def Info: iitblogo.pdf used on input line 103.
(pdftex.def)             Requested size: 29.0044pt x 28.45274pt.
 [10

]
File: 50_dutycycle.png Graphic file (type png)
 <use 50_dutycycle.png>
Package pdftex.def Info: 50_dutycycle.png used on input line 103.
(pdftex.def)             Requested size: 314.66077pt x 128.26431pt.


LaTeX Warning: The counter will not be printed.
             The label is: $\checkmark $ on input line 103.


Class beamer Warning: Frame text is shrunk by a factor of 21.28448 percent instead of 2 percent on input line 103.

File: iitblogo.pdf Graphic file (type pdf)
<use iitblogo.pdf>
Package pdftex.def Info: iitblogo.pdf used on input line 103.
(pdftex.def)             Requested size: 29.0044pt x 28.45274pt.
 [11

]
File: 50_dutycycle.png Graphic file (type png)
 <use 50_dutycycle.png>
Package pdftex.def Info: 50_dutycycle.png used on input line 103.
(pdftex.def)             Requested size: 314.66077pt x 128.26431pt.


LaTeX Warning: The counter will not be printed.
             The label is: $\checkmark $ on input line 103.


Class beamer Warning: Frame text is shrunk by a factor of 21.28448 percent instead of 2 percent on input line 103.

File: iitblogo.pdf Graphic file (type pdf)
<use iitblogo.pdf>
Package pdftex.def Info: iitblogo.pdf used on input line 103.
(pdftex.def)             Requested size: 29.0044pt x 28.45274pt.
 [12

]
File: 50_dutycycle.png Graphic file (type png)
 <use 50_dutycycle.png>
Package pdftex.def Info: 50_dutycycle.png used on input line 103.
(pdftex.def)             Requested size: 314.66077pt x 128.26431pt.


LaTeX Warning: The counter will not be printed.
             The label is: $\checkmark $ on input line 103.


Class beamer Warning: Frame text is shrunk by a factor of 21.28448 percent instead of 2 percent on input line 103.

File: iitblogo.pdf Graphic file (type pdf)
<use iitblogo.pdf>
Package pdftex.def Info: iitblogo.pdf used on input line 103.
(pdftex.def)             Requested size: 29.0044pt x 28.45274pt.
 [13

]
File: 50_dutycycle.png Graphic file (type png)
 <use 50_dutycycle.png>
Package pdftex.def Info: 50_dutycycle.png used on input line 103.
(pdftex.def)             Requested size: 314.66077pt x 128.26431pt.


LaTeX Warning: The counter will not be printed.
             The label is: $\checkmark $ on input line 103.


Class beamer Warning: Frame text is shrunk by a factor of 21.28448 percent instead of 2 percent on input line 103.

File: iitblogo.pdf Graphic file (type pdf)
<use iitblogo.pdf>
Package pdftex.def Info: iitblogo.pdf used on input line 103.
(pdftex.def)             Requested size: 29.0044pt x 28.45274pt.
 [14

]
File: 50_dutycycle.png Graphic file (type png)
 <use 50_dutycycle.png>
Package pdftex.def Info: 50_dutycycle.png used on input line 103.
(pdftex.def)             Requested size: 314.66077pt x 128.26431pt.


LaTeX Warning: The counter will not be printed.
             The label is: $\checkmark $ on input line 103.


Class beamer Warning: Frame text is shrunk by a factor of 21.28448 percent instead of 2 percent on input line 103.

File: iitblogo.pdf Graphic file (type pdf)
<use iitblogo.pdf>
Package pdftex.def Info: iitblogo.pdf used on input line 103.
(pdftex.def)             Requested size: 29.0044pt x 28.45274pt.
 [15

]
File: 50_dutycycle.png Graphic file (type png)
 <use 50_dutycycle.png>
Package pdftex.def Info: 50_dutycycle.png used on input line 103.
(pdftex.def)             Requested size: 314.66077pt x 128.26431pt.


LaTeX Warning: The counter will not be printed.
             The label is: $\checkmark $ on input line 103.


Class beamer Warning: Frame text is shrunk by a factor of 21.28448 percent instead of 2 percent on input line 103.

File: iitblogo.pdf Graphic file (type pdf)
<use iitblogo.pdf>
Package pdftex.def Info: iitblogo.pdf used on input line 103.
(pdftex.def)             Requested size: 29.0044pt x 28.45274pt.
 [16

]
File: 50_dutycycle.png Graphic file (type png)
 <use 50_dutycycle.png>
Package pdftex.def Info: 50_dutycycle.png used on input line 103.
(pdftex.def)             Requested size: 314.66077pt x 128.26431pt.


LaTeX Warning: The counter will not be printed.
             The label is: $\checkmark $ on input line 103.


Class beamer Warning: Frame text is shrunk by a factor of 21.28448 percent instead of 2 percent on input line 103.

File: iitblogo.pdf Graphic file (type pdf)
<use iitblogo.pdf>
Package pdftex.def Info: iitblogo.pdf used on input line 103.
(pdftex.def)             Requested size: 29.0044pt x 28.45274pt.
 [17

]
File: 50_dutycycle.png Graphic file (type png)
 <use 50_dutycycle.png>
Package pdftex.def Info: 50_dutycycle.png used on input line 103.
(pdftex.def)             Requested size: 314.66077pt x 128.26431pt.


LaTeX Warning: The counter will not be printed.
             The label is: $\checkmark $ on input line 103.


Class beamer Warning: Frame text is shrunk by a factor of 21.28448 percent instead of 2 percent on input line 103.

File: iitblogo.pdf Graphic file (type pdf)
<use iitblogo.pdf>
Package pdftex.def Info: iitblogo.pdf used on input line 103.
(pdftex.def)             Requested size: 29.0044pt x 28.45274pt.
 [18

] <12_dutycycle.png, id=706, 566.86781pt x 352.31625pt>
File: 12_dutycycle.png Graphic file (type png)
 <use 12_dutycycle.png>
Package pdftex.def Info: 12_dutycycle.png used on input line 114.
(pdftex.def)             Requested size: 314.66077pt x 195.57008pt.


LaTeX Warning: The counter will not be printed.
             The label is: $\checkmark $ on input line 114.


Class beamer Warning: Frame text is shrunk by a factor of 23.47107 percent instead of 2 percent on input line 114.

File: iitblogo.pdf Graphic file (type pdf)
<use iitblogo.pdf>
Package pdftex.def Info: iitblogo.pdf used on input line 114.
(pdftex.def)             Requested size: 29.0044pt x 28.45274pt.
 [19

 <C:/Users/Deepa/Desktop/Tutorial Latex Files/PWM_Slides/12_dutycycle.png>]
File: 12_dutycycle.png Graphic file (type png)

<use 12_dutycycle.png>
Package pdftex.def Info: 12_dutycycle.png used on input line 114.
(pdftex.def)             Requested size: 314.66077pt x 195.57008pt.


LaTeX Warning: The counter will not be printed.
             The label is: $\checkmark $ on input line 114.


Class beamer Warning: Frame text is shrunk by a factor of 23.47107 percent instead of 2 percent on input line 114.

File: iitblogo.pdf Graphic file (type pdf)
<use iitblogo.pdf>
Package pdftex.def Info: iitblogo.pdf used on input line 114.
(pdftex.def)             Requested size: 29.0044pt x 28.45274pt.
 [20

]
File: 12_dutycycle.png Graphic file (type png)
 <use 12_dutycycle.png>
Package pdftex.def Info: 12_dutycycle.png used on input line 114.
(pdftex.def)             Requested size: 314.66077pt x 195.57008pt.


LaTeX Warning: The counter will not be printed.
             The label is: $\checkmark $ on input line 114.


Class beamer Warning: Frame text is shrunk by a factor of 23.47107 percent instead of 2 percent on input line 114.

File: iitblogo.pdf Graphic file (type pdf)
<use iitblogo.pdf>
Package pdftex.def Info: iitblogo.pdf used on input line 114.
(pdftex.def)             Requested size: 29.0044pt x 28.45274pt.
 [21

]
File: 12_dutycycle.png Graphic file (type png)
 <use 12_dutycycle.png>
Package pdftex.def Info: 12_dutycycle.png used on input line 114.
(pdftex.def)             Requested size: 314.66077pt x 195.57008pt.


LaTeX Warning: The counter will not be printed.
             The label is: $\checkmark $ on input line 114.


Class beamer Warning: Frame text is shrunk by a factor of 23.47107 percent instead of 2 percent on input line 114.

File: iitblogo.pdf Graphic file (type pdf)
<use iitblogo.pdf>
Package pdftex.def Info: iitblogo.pdf used on input line 114.
(pdftex.def)             Requested size: 29.0044pt x 28.45274pt.
 [22

]
File: 12_dutycycle.png Graphic file (type png)
 <use 12_dutycycle.png>
Package pdftex.def Info: 12_dutycycle.png used on input line 114.
(pdftex.def)             Requested size: 314.66077pt x 195.57008pt.


LaTeX Warning: The counter will not be printed.
             The label is: $\checkmark $ on input line 114.


Class beamer Warning: Frame text is shrunk by a factor of 23.47107 percent instead of 2 percent on input line 114.

File: iitblogo.pdf Graphic file (type pdf)
<use iitblogo.pdf>
Package pdftex.def Info: iitblogo.pdf used on input line 114.
(pdftex.def)             Requested size: 29.0044pt x 28.45274pt.
 [23

] <75_dutycycle.png, id=869, 566.86781pt x 335.37798pt>
File: 75_dutycycle.png Graphic file (type png)
 <use 75_dutycycle.png>
Package pdftex.def Info: 75_dutycycle.png used on input line 125.
(pdftex.def)             Requested size: 314.66077pt x 186.16768pt.


LaTeX Warning: The counter will not be printed.
             The label is: $\checkmark $ on input line 125.


Class beamer Warning: Frame text is shrunk by a factor of 20.63599 percent instead of 2 percent on input line 125.

File: iitblogo.pdf Graphic file (type pdf)
<use iitblogo.pdf>
Package pdftex.def Info: iitblogo.pdf used on input line 125.
(pdftex.def)             Requested size: 29.0044pt x 28.45274pt.
 [24

 <C:/Users/Deepa/Desktop/Tutorial Latex Files/PWM_Slides/75_dutycycle.png>]
File: 75_dutycycle.png Graphic file (type png)

<use 75_dutycycle.png>
Package pdftex.def Info: 75_dutycycle.png used on input line 125.
(pdftex.def)             Requested size: 314.66077pt x 186.16768pt.


LaTeX Warning: The counter will not be printed.
             The label is: $\checkmark $ on input line 125.


Class beamer Warning: Frame text is shrunk by a factor of 20.63599 percent instead of 2 percent on input line 125.

File: iitblogo.pdf Graphic file (type pdf)
<use iitblogo.pdf>
Package pdftex.def Info: iitblogo.pdf used on input line 125.
(pdftex.def)             Requested size: 29.0044pt x 28.45274pt.
 [25

]
File: 75_dutycycle.png Graphic file (type png)
 <use 75_dutycycle.png>
Package pdftex.def Info: 75_dutycycle.png used on input line 125.
(pdftex.def)             Requested size: 314.66077pt x 186.16768pt.


LaTeX Warning: The counter will not be printed.
             The label is: $\checkmark $ on input line 125.


Class beamer Warning: Frame text is shrunk by a factor of 20.63599 percent instead of 2 percent on input line 125.

File: iitblogo.pdf Graphic file (type pdf)
<use iitblogo.pdf>
Package pdftex.def Info: iitblogo.pdf used on input line 125.
(pdftex.def)             Requested size: 29.0044pt x 28.45274pt.
 [26

]
File: 75_dutycycle.png Graphic file (type png)
 <use 75_dutycycle.png>
Package pdftex.def Info: 75_dutycycle.png used on input line 125.
(pdftex.def)             Requested size: 314.66077pt x 186.16768pt.


LaTeX Warning: The counter will not be printed.
             The label is: $\checkmark $ on input line 125.


Class beamer Warning: Frame text is shrunk by a factor of 20.63599 percent instead of 2 percent on input line 125.

File: iitblogo.pdf Graphic file (type pdf)
<use iitblogo.pdf>
Package pdftex.def Info: iitblogo.pdf used on input line 125.
(pdftex.def)             Requested size: 29.0044pt x 28.45274pt.
 [27

]
File: 75_dutycycle.png Graphic file (type png)
 <use 75_dutycycle.png>
Package pdftex.def Info: 75_dutycycle.png used on input line 125.
(pdftex.def)             Requested size: 314.66077pt x 186.16768pt.


LaTeX Warning: The counter will not be printed.
             The label is: $\checkmark $ on input line 125.


Class beamer Warning: Frame text is shrunk by a factor of 20.63599 percent instead of 2 percent on input line 125.

File: iitblogo.pdf Graphic file (type pdf)
<use iitblogo.pdf>
Package pdftex.def Info: iitblogo.pdf used on input line 125.
(pdftex.def)             Requested size: 29.0044pt x 28.45274pt.
 [28

]
File: iitblogo.pdf Graphic file (type pdf)
 <use iitblogo.pdf>
Package pdftex.def Info: iitblogo.pdf used on input line 146.
(pdftex.def)             Requested size: 29.0044pt x 28.45274pt.
 [29

]
File: iitblogo.pdf Graphic file (type pdf)
 <use iitblogo.pdf>
Package pdftex.def Info: iitblogo.pdf used on input line 146.
(pdftex.def)             Requested size: 29.0044pt x 28.45274pt.
 [30

]
File: iitblogo.pdf Graphic file (type pdf)
 <use iitblogo.pdf>
Package pdftex.def Info: iitblogo.pdf used on input line 146.
(pdftex.def)             Requested size: 29.0044pt x 28.45274pt.
 [31

]
File: iitblogo.pdf Graphic file (type pdf)
 <use iitblogo.pdf>
Package pdftex.def Info: iitblogo.pdf used on input line 146.
(pdftex.def)             Requested size: 29.0044pt x 28.45274pt.

[32

]
File: iitblogo.pdf Graphic file (type pdf)
 <use iitblogo.pdf>
Package pdftex.def Info: iitblogo.pdf used on input line 146.
(pdftex.def)             Requested size: 29.0044pt x 28.45274pt.
 [33

]
File: iitblogo.pdf Graphic file (type pdf)
 <use iitblogo.pdf>
Package pdftex.def Info: iitblogo.pdf used on input line 146.
(pdftex.def)             Requested size: 29.0044pt x 28.45274pt.
 [34

]
File: iitblogo.pdf Graphic file (type pdf)
 <use iitblogo.pdf>
Package pdftex.def Info: iitblogo.pdf used on input line 146.
(pdftex.def)             Requested size: 29.0044pt x 28.45274pt.
 [35

]
File: iitblogo.pdf Graphic file (type pdf)
 <use iitblogo.pdf>
Package pdftex.def Info: iitblogo.pdf used on input line 157.
(pdftex.def)             Requested size: 29.0044pt x 28.45274pt.
 [36

]
File: iitblogo.pdf Graphic file (type pdf)
 <use iitblogo.pdf>
Package pdftex.def Info: iitblogo.pdf used on input line 157.
(pdftex.def)             Requested size: 29.0044pt x 28.45274pt.

[37

]
File: iitblogo.pdf Graphic file (type pdf)
 <use iitblogo.pdf>
Package pdftex.def Info: iitblogo.pdf used on input line 157.
(pdftex.def)             Requested size: 29.0044pt x 28.45274pt.
 [38

]
File: iitblogo.pdf Graphic file (type pdf)
 <use iitblogo.pdf>
Package pdftex.def Info: iitblogo.pdf used on input line 157.
(pdftex.def)             Requested size: 29.0044pt x 28.45274pt.
 [39

]
File: iitblogo.pdf Graphic file (type pdf)
 <use iitblogo.pdf>
Package pdftex.def Info: iitblogo.pdf used on input line 174.
(pdftex.def)             Requested size: 29.0044pt x 28.45274pt.
 [40

]
File: iitblogo.pdf Graphic file (type pdf)
 <use iitblogo.pdf>
Package pdftex.def Info: iitblogo.pdf used on input line 174.
(pdftex.def)             Requested size: 29.0044pt x 28.45274pt.
 [41

]
File: iitblogo.pdf Graphic file (type pdf)
 <use iitblogo.pdf>
Package pdftex.def Info: iitblogo.pdf used on input line 174.
(pdftex.def)             Requested size: 29.0044pt x 28.45274pt.

[42

]
File: iitblogo.pdf Graphic file (type pdf)
 <use iitblogo.pdf>
Package pdftex.def Info: iitblogo.pdf used on input line 174.
(pdftex.def)             Requested size: 29.0044pt x 28.45274pt.
 [43

]
File: iitblogo.pdf Graphic file (type pdf)
 <use iitblogo.pdf>
Package pdftex.def Info: iitblogo.pdf used on input line 174.
(pdftex.def)             Requested size: 29.0044pt x 28.45274pt.
 [44

]
File: iitblogo.pdf Graphic file (type pdf)
 <use iitblogo.pdf>
Package pdftex.def Info: iitblogo.pdf used on input line 174.
(pdftex.def)             Requested size: 29.0044pt x 28.45274pt.
 [45

]
File: iitblogo.pdf Graphic file (type pdf)
 <use iitblogo.pdf>
Package pdftex.def Info: iitblogo.pdf used on input line 174.
(pdftex.def)             Requested size: 29.0044pt x 28.45274pt.
 [46

]
Overfull \hbox (16.03833pt too wide) in paragraph at lines 205--205
[][][][]  
 []

File: iitblogo.pdf Graphic file (type pdf)
<use iitblogo.pdf>
Package pdftex.def Info: iitblogo.pdf used on input line 205.
(pdftex.def)             Requested size: 29.0044pt x 28.45274pt.
 [47

]
Overfull \hbox (16.03833pt too wide) in paragraph at lines 205--205
[][][][][]  
 []

File: iitblogo.pdf Graphic file (type pdf)
<use iitblogo.pdf>
Package pdftex.def Info: iitblogo.pdf used on input line 205.
(pdftex.def)             Requested size: 29.0044pt x 28.45274pt.
 [48

]
Overfull \hbox (16.03833pt too wide) in paragraph at lines 205--205
[][][][][][]  
 []

File: iitblogo.pdf Graphic file (type pdf)
<use iitblogo.pdf>
Package pdftex.def Info: iitblogo.pdf used on input line 205.
(pdftex.def)             Requested size: 29.0044pt x 28.45274pt.
 [49

] <compare_output_mode_fastpwm.png, id=1760, 822.82407pt x 444.91219pt>
File: compare_output_mode_fastpwm.png Graphic file (type png)

<use compare_output_mode_fastpwm.png>
Package pdftex.def Info: compare_output_mode_fastpwm.png used on input line 211.
(pdftex.def)             Requested size: 307.28987pt x 166.15598pt.
File: iitblogo.pdf Graphic file (type pdf)
 <use iitblogo.pdf>
Package pdftex.def Info: iitblogo.pdf used on input line 211.
(pdftex.def)             Requested size: 29.0044pt x 28.45274pt.
 [50

 <C:/Users/Deepa/Desktop/Tutorial Latex Files/PWM_Slides/compare_output_mode_fastpwm.png>]
File: compare_output_mode_fastpwm.png Graphic file (type png)
 <use compare_output_mode_fastpwm.png>
Package pdftex.def Info: compare_output_mode_fastpwm.png used on input line 211.
(pdftex.def)             Requested size: 307.28987pt x 166.15598pt.
File: iitblogo.pdf Graphic file (type pdf)
 <use iitblogo.pdf>
Package pdftex.def Info: iitblogo.pdf used on input line 211.
(pdftex.def)             Requested size: 29.0044pt x 28.45274pt.
 [51

]
<waveform_generation.png, id=1836, 603.0028pt x 364.36125pt>
File: waveform_generation.png Graphic file (type png)
 <use waveform_generation.png>
Package pdftex.def Info: waveform_generation.png used on input line 217.
(pdftex.def)             Requested size: 323.72905pt x 195.60684pt.
File: iitblogo.pdf Graphic file (type pdf)
 <use iitblogo.pdf>
Package pdftex.def Info: iitblogo.pdf used on input line 217.
(pdftex.def)             Requested size: 29.0044pt x 28.45274pt.
 [52

 <C:/Users/Deepa/Desktop/Tutorial Latex Files/PWM_Slides/waveform_generation.png>]
File: waveform_generation.png Graphic file (type png)
 <use waveform_generation.png>
Package pdftex.def Info: waveform_generation.png used on input line 217.
(pdftex.def)             Requested size: 323.72905pt x 195.60684pt.
File: iitblogo.pdf Graphic file (type pdf)

<use iitblogo.pdf>
Package pdftex.def Info: iitblogo.pdf used on input line 217.
(pdftex.def)             Requested size: 29.0044pt x 28.45274pt.
 [53

]
File: iitblogo.pdf Graphic file (type pdf)
 <use iitblogo.pdf>
Package pdftex.def Info: iitblogo.pdf used on input line 248.
(pdftex.def)             Requested size: 29.0044pt x 28.45274pt.
 [54

]
File: iitblogo.pdf Graphic file (type pdf)
 <use iitblogo.pdf>
Package pdftex.def Info: iitblogo.pdf used on input line 248.
(pdftex.def)             Requested size: 29.0044pt x 28.45274pt.
 [55

]
File: iitblogo.pdf Graphic file (type pdf)
 <use iitblogo.pdf>
Package pdftex.def Info: iitblogo.pdf used on input line 248.
(pdftex.def)             Requested size: 29.0044pt x 28.45274pt.
 [56

]
<clock_select_bit.png, id=2022, 822.82407pt x 444.91219pt>
File: clock_select_bit.png Graphic file (type png)
 <use clock_select_bit.png>
Package pdftex.def Info: clock_select_bit.png used on input line 254.
(pdftex.def)             Requested size: 307.28987pt x 166.15598pt.
File: iitblogo.pdf Graphic file (type pdf)
 <use iitblogo.pdf>
Package pdftex.def Info: iitblogo.pdf used on input line 254.
(pdftex.def)             Requested size: 29.0044pt x 28.45274pt.
 [57

 <C:/Users/Deepa/Desktop/Tutorial Latex Files/PWM_Slides/clock_select_bit.png>]
File: clock_select_bit.png Graphic file (type png)
 <use clock_select_bit.png>
Package pdftex.def Info: clock_select_bit.png used on input line 254.
(pdftex.def)             Requested size: 307.28987pt x 166.15598pt.
File: iitblogo.pdf Graphic file (type pdf)
 <use iitblogo.pdf>
Package pdftex.def Info: iitblogo.pdf used on input line 254.
(pdftex.def)             Requested size: 29.0044pt x 28.45274pt.

[58

]
File: iitblogo.pdf Graphic file (type pdf)
 <use iitblogo.pdf>
Package pdftex.def Info: iitblogo.pdf used on input line 266.
(pdftex.def)             Requested size: 29.0044pt x 28.45274pt.
 [59

]
File: iitblogo.pdf Graphic file (type pdf)
 <use iitblogo.pdf>
Package pdftex.def Info: iitblogo.pdf used on input line 266.
(pdftex.def)             Requested size: 29.0044pt x 28.45274pt.
 [60

]
File: iitblogo.pdf Graphic file (type pdf)
 <use iitblogo.pdf>
Package pdftex.def Info: iitblogo.pdf used on input line 266.
(pdftex.def)             Requested size: 29.0044pt x 28.45274pt.
 [61

]
File: iitblogo.pdf Graphic file (type pdf)
 <use iitblogo.pdf>
Package pdftex.def Info: iitblogo.pdf used on input line 266.
(pdftex.def)             Requested size: 29.0044pt x 28.45274pt.
 [62

]
File: iitblogo.pdf Graphic file (type pdf)
 <use iitblogo.pdf>
Package pdftex.def Info: iitblogo.pdf used on input line 266.
(pdftex.def)             Requested size: 29.0044pt x 28.45274pt.

[63

]
File: iitblogo.pdf Graphic file (type pdf)
 <use iitblogo.pdf>
Package pdftex.def Info: iitblogo.pdf used on input line 281.
(pdftex.def)             Requested size: 29.0044pt x 28.45274pt.
 [64

]
File: iitblogo.pdf Graphic file (type pdf)
 <use iitblogo.pdf>
Package pdftex.def Info: iitblogo.pdf used on input line 281.
(pdftex.def)             Requested size: 29.0044pt x 28.45274pt.
 [65

]
File: iitblogo.pdf Graphic file (type pdf)
 <use iitblogo.pdf>
Package pdftex.def Info: iitblogo.pdf used on input line 281.
(pdftex.def)             Requested size: 29.0044pt x 28.45274pt.
 [66

]
File: iitblogo.pdf Graphic file (type pdf)
 <use iitblogo.pdf>
Package pdftex.def Info: iitblogo.pdf used on input line 281.
(pdftex.def)             Requested size: 29.0044pt x 28.45274pt.
 [67

]
File: iitblogo.pdf Graphic file (type pdf)
 <use iitblogo.pdf>
Package pdftex.def Info: iitblogo.pdf used on input line 281.
(pdftex.def)             Requested size: 29.0044pt x 28.45274pt.

[68

]
File: iitblogo.pdf Graphic file (type pdf)
 <use iitblogo.pdf>
Package pdftex.def Info: iitblogo.pdf used on input line 281.
(pdftex.def)             Requested size: 29.0044pt x 28.45274pt.
 [69

]
File: iitblogo.pdf Graphic file (type pdf)
 <use iitblogo.pdf>
Package pdftex.def Info: iitblogo.pdf used on input line 281.
(pdftex.def)             Requested size: 29.0044pt x 28.45274pt.
 [70

]
File: iitblogo.pdf Graphic file (type pdf)
 <use iitblogo.pdf>
Package pdftex.def Info: iitblogo.pdf used on input line 281.
(pdftex.def)             Requested size: 29.0044pt x 28.45274pt.
 [71

]
<ocr5_1.png, id=2579, 712.50807pt x 77.90143pt>
File: ocr5_1.png Graphic file (type png)
 <use ocr5_1.png>
Package pdftex.def Info: ocr5_1.png used on input line 288.
(pdftex.def)             Requested size: 307.28987pt x 33.5968pt.
 <ocr5_2.png, id=2580, 724.1033pt x 165.72258pt>
File: ocr5_2.png Graphic file (type png)

<use ocr5_2.png>
Package pdftex.def Info: ocr5_2.png used on input line 288.
(pdftex.def)             Requested size: 307.28987pt x 70.32874pt.
File: iitblogo.pdf Graphic file (type pdf)
 <use iitblogo.pdf>
Package pdftex.def Info: iitblogo.pdf used on input line 288.
(pdftex.def)             Requested size: 29.0044pt x 28.45274pt.
 [72

 <C:/Users/Deepa/Desktop/Tutorial Latex Files/PWM_Slides/ocr5_1.png> <C:/Users/Deepa/Desktop/Tutorial Latex Files/PWM_Sl
ides/ocr5_2.png>]
File: ocr5_1.png Graphic file (type png)
 <use ocr5_1.png>
Package pdftex.def Info: ocr5_1.png used on input line 288.
(pdftex.def)             Requested size: 307.28987pt x 33.5968pt.
File: ocr5_2.png Graphic file (type png)
 <use ocr5_2.png>
Package pdftex.def Info: ocr5_2.png used on input line 288.
(pdftex.def)             Requested size: 307.28987pt x 70.32874pt.
File: iitblogo.pdf Graphic file (type pdf)
 <use iitblogo.pdf>
Package pdftex.def Info: iitblogo.pdf used on input line 288.
(pdftex.def)             Requested size: 29.0044pt x 28.45274pt.
 [73

]
File: ocr5_1.png Graphic file (type png)

<use ocr5_1.png>
Package pdftex.def Info: ocr5_1.png used on input line 288.
(pdftex.def)             Requested size: 307.28987pt x 33.5968pt.
File: ocr5_2.png Graphic file (type png)
 <use ocr5_2.png>
Package pdftex.def Info: ocr5_2.png used on input line 288.
(pdftex.def)             Requested size: 307.28987pt x 70.32874pt.
File: iitblogo.pdf Graphic file (type pdf)
 <use iitblogo.pdf>
Package pdftex.def Info: iitblogo.pdf used on input line 288.
(pdftex.def)             Requested size: 29.0044pt x 28.45274pt.
 [74

]
<block_diagram_output_compare_unit.png, id=2693, 659.1024pt x 405.75687pt>
File: block_diagram_output_compare_unit.png Graphic file (type png)
 <use block_diagram_output_compare_unit.png>
Package pdftex.def Info: block_diagram_output_compare_unit.png used on input line 295.
(pdftex.def)             Requested size: 307.28987pt x 189.17029pt.
File: iitblogo.pdf Graphic file (type pdf)

<use iitblogo.pdf>
Package pdftex.def Info: iitblogo.pdf used on input line 295.
(pdftex.def)             Requested size: 29.0044pt x 28.45274pt.
 [75

 <C:/Users/Deepa/Desktop/Tutorial Latex Files/PWM_Slides/block_diagram_output_compare_unit.png>]
File: block_diagram_output_compare_unit.png Graphic file (type png)

<use block_diagram_output_compare_unit.png>
Package pdftex.def Info: block_diagram_output_compare_unit.png used on input line 295.
(pdftex.def)             Requested size: 307.28987pt x 189.17029pt.
File: iitblogo.pdf Graphic file (type pdf)
 <use iitblogo.pdf>
Package pdftex.def Info: iitblogo.pdf used on input line 295.
(pdftex.def)             Requested size: 29.0044pt x 28.45274pt.
 [76

]
<Timing_diagram_fast_PWM.png, id=2770, 654.63174pt x 387.53479pt>
File: Timing_diagram_fast_PWM.png Graphic file (type png)
 <use Timing_diagram_fast_PWM.png>
Package pdftex.def Info: Timing_diagram_fast_PWM.png used on input line 301.
(pdftex.def)             Requested size: 307.28987pt x 181.91075pt.
File: iitblogo.pdf Graphic file (type pdf)
 <use iitblogo.pdf>
Package pdftex.def Info: iitblogo.pdf used on input line 301.
(pdftex.def)             Requested size: 29.0044pt x 28.45274pt.

[77

 <C:/Users/Deepa/Desktop/Tutorial Latex Files/PWM_Slides/Timing_diagram_fast_PWM.png>]
File: Timing_diagram_fast_PWM.png Graphic file (type png)

<use Timing_diagram_fast_PWM.png>
Package pdftex.def Info: Timing_diagram_fast_PWM.png used on input line 301.
(pdftex.def)             Requested size: 307.28987pt x 181.91075pt.
File: iitblogo.pdf Graphic file (type pdf)
 <use iitblogo.pdf>
Package pdftex.def Info: iitblogo.pdf used on input line 301.
(pdftex.def)             Requested size: 29.0044pt x 28.45274pt.
 [78

]
("C:\Users\Deepa\Desktop\Tutorial Latex Files\PWM_Slides\PWM.vrb")

Class beamer Warning: Frame text is shrunk by a factor of 12.30927 percent instead of 4 percent on input line 337.

File: iitblogo.pdf Graphic file (type pdf)
<use iitblogo.pdf>
Package pdftex.def Info: iitblogo.pdf used on input line 337.
(pdftex.def)             Requested size: 29.0044pt x 28.45274pt.
 [79

] ("C:\Users\Deepa\Desktop\Tutorial Latex Files\PWM_Slides\PWM.vrb")

Class beamer Warning: Frame text is shrunk by a factor of 12.30927 percent instead of 4 percent on input line 337.

File: iitblogo.pdf Graphic file (type pdf)
<use iitblogo.pdf>
Package pdftex.def Info: iitblogo.pdf used on input line 337.
(pdftex.def)             Requested size: 29.0044pt x 28.45274pt.
 [80

] ("C:\Users\Deepa\Desktop\Tutorial Latex Files\PWM_Slides\PWM.vrb")

Class beamer Warning: Frame text is shrunk by a factor of 12.30927 percent instead of 4 percent on input line 337.

File: iitblogo.pdf Graphic file (type pdf)
<use iitblogo.pdf>
Package pdftex.def Info: iitblogo.pdf used on input line 337.
(pdftex.def)             Requested size: 29.0044pt x 28.45274pt.
 [81

] ("C:\Users\Deepa\Desktop\Tutorial Latex Files\PWM_Slides\PWM.vrb")

Class beamer Warning: Frame text is shrunk by a factor of 12.30927 percent instead of 4 percent on input line 337.

File: iitblogo.pdf Graphic file (type pdf)
<use iitblogo.pdf>
Package pdftex.def Info: iitblogo.pdf used on input line 337.
(pdftex.def)             Requested size: 29.0044pt x 28.45274pt.
 [82

] ("C:\Users\Deepa\Desktop\Tutorial Latex Files\PWM_Slides\PWM.vrb")

Class beamer Warning: Frame text is shrunk by a factor of 12.30927 percent instead of 4 percent on input line 337.

File: iitblogo.pdf Graphic file (type pdf)
<use iitblogo.pdf>
Package pdftex.def Info: iitblogo.pdf used on input line 337.
(pdftex.def)             Requested size: 29.0044pt x 28.45274pt.
 [83

] ("C:\Users\Deepa\Desktop\Tutorial Latex Files\PWM_Slides\PWM.vrb")

Class beamer Warning: Frame text is shrunk by a factor of 15.49835 percent instead of 2 percent on input line 373.

File: iitblogo.pdf Graphic file (type pdf)
<use iitblogo.pdf>
Package pdftex.def Info: iitblogo.pdf used on input line 373.
(pdftex.def)             Requested size: 29.0044pt x 28.45274pt.
 [84

] ("C:\Users\Deepa\Desktop\Tutorial Latex Files\PWM_Slides\PWM.vrb")

Class beamer Warning: Frame text is shrunk by a factor of 15.49835 percent instead of 2 percent on input line 373.

File: iitblogo.pdf Graphic file (type pdf)
<use iitblogo.pdf>
Package pdftex.def Info: iitblogo.pdf used on input line 373.
(pdftex.def)             Requested size: 29.0044pt x 28.45274pt.
 [85

] ("C:\Users\Deepa\Desktop\Tutorial Latex Files\PWM_Slides\PWM.vrb")

Class beamer Warning: Frame text is shrunk by a factor of 15.49835 percent instead of 2 percent on input line 373.

File: iitblogo.pdf Graphic file (type pdf)
<use iitblogo.pdf>
Package pdftex.def Info: iitblogo.pdf used on input line 373.
(pdftex.def)             Requested size: 29.0044pt x 28.45274pt.
 [86

] ("C:\Users\Deepa\Desktop\Tutorial Latex Files\PWM_Slides\PWM.vrb")

Class beamer Warning: Frame text is shrunk by a factor of 15.49835 percent instead of 2 percent on input line 373.

File: iitblogo.pdf Graphic file (type pdf)
<use iitblogo.pdf>
Package pdftex.def Info: iitblogo.pdf used on input line 373.
(pdftex.def)             Requested size: 29.0044pt x 28.45274pt.
 [87

] ("C:\Users\Deepa\Desktop\Tutorial Latex Files\PWM_Slides\PWM.vrb")

Class beamer Warning: Frame text is shrunk by a factor of 15.49835 percent instead of 2 percent on input line 373.

File: iitblogo.pdf Graphic file (type pdf)
<use iitblogo.pdf>
Package pdftex.def Info: iitblogo.pdf used on input line 373.
(pdftex.def)             Requested size: 29.0044pt x 28.45274pt.
 [88

]

LaTeX Warning: Hyper reference `www.e-yantra.org' on page 89 undefined on input line 382.

File: iitblogo.pdf Graphic file (type pdf)
<use iitblogo.pdf>
Package pdftex.def Info: iitblogo.pdf used on input line 382.
(pdftex.def)             Requested size: 29.0044pt x 28.45274pt.
 [89

]
\tf@nav=\write6
\tf@toc=\write7
\tf@snm=\write8
Package atveryend Info: Empty hook `BeforeClearDocument' on input line 383.
Package atveryend Info: Empty hook `AfterLastShipout' on input line 383.
 ("C:\Users\Deepa\Desktop\Tutorial Latex Files\PWM_Slides\PWM.aux")
Package atveryend Info: Executing hook `AtVeryEndDocument' on input line 383.
Package atveryend Info: Executing hook `AtEndAfterFileList' on input line 383.
Package rerunfilecheck Info: File `PWM.out' has not changed.
(rerunfilecheck)             Checksum: A7057A7D309B39AADD4231D2DB16DA9F;863.


LaTeX Font Warning: Size substitutions with differences
(Font)              up to 1.0pt have occurred.


LaTeX Warning: There were undefined references.

Package atveryend Info: Empty hook `AtVeryVeryEnd' on input line 383.
 ) 
Here is how much of TeX's memory you used:
 18561 strings out of 493921
 354445 string characters out of 3147281
 420709 words of memory out of 3000000
 21182 multiletter control sequences out of 15000+200000
 9859 words of font info for 37 fonts, out of 3000000 for 9000
 841 hyphenation exceptions out of 8191
 56i,19n,62p,422b,779s stack positions out of 5000i,500n,10000p,200000b,50000s
<C:/Program Files/MiKTeX 2.9/fonts/type1/public/amsfonts/cm/cmss10.pfb><C:/Program Files/MiKTeX 2.9/fonts/type1/public
/amsfonts/cm/cmss12.pfb><C:/Program Files/MiKTeX 2.9/fonts/type1/public/amsfonts/cm/cmss8.pfb><C:/Program Files/MiKTeX 2
.9/fonts/type1/public/amsfonts/cm/cmss9.pfb><C:/Program Files/MiKTeX 2.9/fonts/type1/public/amsfonts/cm/cmssbx10.pfb><C:
/Program Files/MiKTeX 2.9/fonts/type1/public/amsfonts/cm/cmtt8.pfb><C:/Program Files/MiKTeX 2.9/fonts/type1/public/amsfo
nts/symbols/msam10.pfb>
Output written on PWM.pdf (89 pages, 1311370 bytes).
PDF statistics:
 3322 PDF objects out of 3580 (max. 8388607)
 194 named destinations out of 1000 (max. 500000)
 281 words of extra memory for PDF output out of 10000 (max. 10000000)

