C51 COMPILER V9.01   LCD_STRING_DISPLAY                                                    06/06/2015 14:57:29 PAGE 1   


C51 COMPILER V9.01, COMPILATION OF MODULE LCD_STRING_DISPLAY
OBJECT MODULE PLACED IN lcd_string_display.OBJ
COMPILER INVOKED BY: C:\Keil\C51\BIN\C51.EXE lcd_string_display.c BROWSE DEBUG OBJECTEXTEND

line level    source

   1          /*
   2          * Author: Bhumika Varshney, ERTS Lab, IIT Bombay
   3          * File name: lcd_string_display.c
   4          * Functions: lcd_init(), lcd_clear(), lcd_cursor(char row, char column), lcd_string(char *str)
   5          * This experiment demonstrates simple LCD display operation.
   6          * Concepts covered: LCD Interfacing
   7            
   8           Note: 
   9           1. Make sure that in the configuration options following settings are 
  10           done for proper operation of the code
  11            Microcontroller: P89V51RD2
  12           Frequency: 11.0592 MHz                                                            
  13          2.  Coding Standards followed(For further reference on Coding Standards go to portal link).
  14          *********************************************************************************/
  15          #include<intrins.h>
  16          #include"p89v51rx2.h"
  17          #include"lcd_display.h"
  18          /*                                                
  19          * Function Name: main
  20          * Input: None
  21          * Output: int to inform the caller that the program exited correctly or incorrectly (C code standard)
  22          * Logic: calls various functions given in the header file of lcd to display a string on lcd.
  23          * Example Call: Called automatically by the Operating System
  24          *
  25          */
  26          void main()
  27          {
  28   1              lcd_init();       //initializes the LCD
  29   1              lcd_clear();  //clears screen of LCD
  30   1              lcd_cursor(1,5);        //places cursor at 5th column of 1st row
  31   1              lcd_string("e-yantra"); //writes string on LCD screen
  32   1              lcd_cursor(2,4);                //places cursor at 4th column of 2nd row
  33   1              lcd_string("Firebird V");  //writes string on LCD screen
  34   1              while(1);
  35   1      
  36   1      } //main ends here


MODULE INFORMATION:   STATIC OVERLAYABLE
   CODE SIZE        =    442    ----
   CONSTANT SIZE    =     20    ----
   XDATA SIZE       =   ----    ----
   PDATA SIZE       =   ----    ----
   DATA SIZE        =      1       3
   IDATA SIZE       =   ----    ----
   BIT SIZE         =   ----       1
END OF MODULE INFORMATION.


C51 COMPILATION COMPLETE.  0 WARNING(S),  0 ERROR(S)
