C51 COMPILER V9.01   LED                                                                   05/29/2015 13:58:40 PAGE 1   


C51 COMPILER V9.01, COMPILATION OF MODULE LED
OBJECT MODULE PLACED IN led.OBJ
COMPILER INVOKED BY: C:\Keil\C51\BIN\C51.EXE led.c BROWSE DEBUG OBJECTEXTEND

line level    source

   1          #include<intrins.h>
   2          #include"p89v51rx2.h"
   3          sbit en=P0^0;
   4          void delay_ms(unsigned int ms)
   5          {
   6   1      unsigned int i,j;
   7   1      for(i=0; i<ms; i++)
   8   1      for(j=0; j<53; j++);
   9   1      }
  10          void main()
  11          {
  12   1      while(1)
  13   1      {
  14   2         en=1;
  15   2         delay_ms(1000);
  16   2         en=0;
  17   2         delay_ms(1000);
  18   2      }
  19   1      }


MODULE INFORMATION:   STATIC OVERLAYABLE
   CODE SIZE        =     48    ----
   CONSTANT SIZE    =   ----    ----
   XDATA SIZE       =   ----    ----
   PDATA SIZE       =   ----    ----
   DATA SIZE        =   ----    ----
   IDATA SIZE       =   ----    ----
   BIT SIZE         =   ----    ----
END OF MODULE INFORMATION.


C51 COMPILATION COMPLETE.  0 WARNING(S),  0 ERROR(S)
