C51 COMPILER V9.01   MAIN                                                                  05/30/2015 15:49:20 PAGE 1   


C51 COMPILER V9.01, COMPILATION OF MODULE MAIN
OBJECT MODULE PLACED IN main.OBJ
COMPILER INVOKED BY: C:\Keil\C51\BIN\C51.EXE main.c BROWSE DEBUG OBJECTEXTEND

line level    source

   1          /*********************************************************************************************************
             -*****
   2                          Platform: Fire Bird V P89V51RD2
   3                          Position Control Using Interrupt 1
   4                          Written by: Omkar Pradhan, NEX Robotics Pvt. Ltd.
   5                          Edited By: Sachitanand Malewar, NEX Robotics Pvt. Ltd.
   6                          Last Modification: 2009-12-08
   7                          This program shows how to control position of the robot using left position encoder using interrupt 1.
   8                          Compiled with: uVision3 V3.90; C Compiler: C51.Exe, V8.18
   9          **********************************************************************************************************
             -****/                
  10          
  11          /********************************************************************************
  12          
  13             Copyright (c) 2010, NEX Robotics Pvt. Ltd.                       -*- c -*-
  14             All rights reserved.
  15          
  16             Redistribution and use in source and binary forms, with or without
  17             modification, are permitted provided that the following conditions are met:
  18          
  19             * Redistributions of source code must retain the above copyright
  20               notice, this list of conditions and the following disclaimer.
  21          
  22             * Redistributions in binary form must reproduce the above copyright
  23               notice, this list of conditions and the following disclaimer in
  24               the documentation and/or other materials provided with the
  25               distribution.
  26          
  27             * Neither the name of the copyright holders nor the names of
  28               contributors may be used to endorse or promote products derived
  29               from this software without specific prior written permission.
  30          
  31             * Source code can be used for academic purpose. 
  32                   For commercial use permission form the author needs to be taken.
  33          
  34            THIS SOFTWARE IS PROVIDED BY THE COPYRIGHT HOLDERS AND CONTRIBUTORS "AS IS"
  35            AND ANY EXPRESS OR IMPLIED WARRANTIES, INCLUDING, BUT NOT LIMITED TO, THE
  36            IMPLIED WARRANTIES OF MERCHANTABILITY AND FITNESS FOR A PARTICULAR PURPOSE
  37            ARE DISCLAIMED. IN NO EVENT SHALL THE COPYRIGHT OWNER OR CONTRIBUTORS BE
  38            LIABLE FOR ANY DIRECT, INDIRECT, INCIDENTAL, SPECIAL, EXEMPLARY, OR
  39            CONSEQUENTIAL DAMAGES (INCLUDING, BUT NOT LIMITED TO, PROCUREMENT OF
  40            SUBSTITUTE GOODS OR SERVICES; LOSS OF USE, DATA, OR PROFITS; OR BUSINESS
  41            INTERRUPTION) HOWEVER CAUSED AND ON ANY THEORY OF LIABILITY, WHETHER IN
  42            CONTRACT, STRICT LIABILITY, OR TORT (INCLUDING NEGLIGENCE OR OTHERWISE)
  43            ARISING IN ANY WAY OUT OF THE USE OF THIS SOFTWARE, EVEN IF ADVISED OF THE
  44            POSSIBILITY OF SUCH DAMAGE. 
  45          
  46            Software released under Creative Commence cc by-nc-sa licence.
  47            For legal information refer to: 
  48            http://creativecommons.org/licenses/by-nc-sa/3.0/legalcode
  49          
  50          ********************************************************************************/
  51          
  52          
  53          #include <intrins.h>
C51 COMPILER V9.01   MAIN                                                                  05/30/2015 15:49:20 PAGE 2   

  54          #include "p89v51rx2.H"
  55          
  56          
  57          //program specific declarations
  58          sbit LB=P1^0;       //LEFT BACK Pin.
  59          sbit LF=P1^1;           //LEFT FRONT Pin.
  60          sbit RF=P1^2;           //RIGHT FRONT Pin.
  61          sbit RB=P3^4;           //RIGHT BACK Pin.
  62          
  63          sbit left_velocity=P1^3;  //Left velocity control pin. 
  64          sbit right_velocity=P1^4; //Right velocity control pin. 
  65          
  66          unsigned int left_shaft_count=0;//initialize a variable to store the count pulses of the left position enc
             -oder.
  67          
  68          //initialization routine for Interrupt 1 setup.
  69          void int1_setup() //Initalisation of the Int 1 should be done in the same sequence as given in this functi
             -on.
  70          {
  71   1      TCON = 0x04; //Set Interrupt 1 trigger type to falling edge trigger.
  72   1      IEN0 = 0x84; //External Interrupt 1 Enable and Global Interrupt Enable. 
  73   1      
  74   1      P3 = 0x08; //set P3.3 (INT 1) as input port.
  75   1                         // Can also be written as INT1 = 0; (refer to p89v51rx2.H).
  76   1      }
  77          
  78          
  79          //ISR for external Interrupt 1
  80          void int1_isr(void)interrupt 2     //ISR Routine for External Interrupt 1.
  81                                                                             //Refer to chapter 4 in the software manual (table 4.1)for syntax explanation.
  82          {
  83   1       left_shaft_count++;//when the slotted disc passes through the encoder pulses will be generated,each pulse
             - will generate an interrupt and the right shaft count value will be incremented.
  84   1       IE1 = 0; // When interrupt is processed it is cleared automatically by the hardware  or it can also be cl
             -eared by the software.
  85   1                        // Clearing IE1 flag to 0.    
  86   1      }
  87          
  88          // function for forward motion. 
  89          void forward(void)
  90          {
  91   1      RF=1;
  92   1      LF=1;
  93   1      RB=0;
  94   1      LB=0;
  95   1      }
  96          
  97          // function to stop robot.
  98          void stop(void)
  99          {
 100   1      RF=0;
 101   1      LF=0;
 102   1      RB=0;
 103   1      LB=0;
 104   1      }
 105          
 106          void main()
 107          { 
 108   1       unsigned int reqd_shaft_count_int=0;
 109   1       unsigned int distance=0;
 110   1      
 111   1       distance=10000;  //Enter here the distance to be travelled in mm.     
C51 COMPILER V9.01   MAIN                                                                  05/30/2015 15:49:20 PAGE 3   

 112   1       
 113   1       reqd_shaft_count_int=(unsigned int)(distance * 100 / 544);  //This equation will calculate the count requ
             -ired for distance to be travelled.
 114   1       
 115   1       int1_setup();//external linterrupt 1 initialization.
 116   1                                              
 117   1       left_velocity = 1;      //setting motor enable pines to 1
 118   1       right_velocity = 1; //setting motor enable pines to 1
 119   1       forward();       //go forward
 120   1                                    
 121   1       while(left_shaft_count<reqd_shaft_count_int); //wait till desired distance is covered.
 122   1      
 123   1       stop();         //stop motor                                           
 124   1      
 125   1       while(1);
 126   1       
 127   1      }//main ends                
 128          


MODULE INFORMATION:   STATIC OVERLAYABLE
   CODE SIZE        =     85    ----
   CONSTANT SIZE    =   ----    ----
   XDATA SIZE       =   ----    ----
   PDATA SIZE       =   ----    ----
   DATA SIZE        =      2    ----
   IDATA SIZE       =   ----    ----
   BIT SIZE         =   ----    ----
END OF MODULE INFORMATION.


C51 COMPILATION COMPLETE.  0 WARNING(S),  0 ERROR(S)
