C51 COMPILER V9.01   TRACE_SQUARE_CLOCKWISE                                                06/06/2015 14:18:47 PAGE 1   


C51 COMPILER V9.01, COMPILATION OF MODULE TRACE_SQUARE_CLOCKWISE
OBJECT MODULE PLACED IN trace_square_clockwise.OBJ
COMPILER INVOKED BY: C:\Keil\C51\BIN\C51.EXE trace_square_clockwise.c BROWSE DEBUG OBJECTEXTEND

line level    source

   1          /*
   2          * Author: Bhumika Varshney, ERTS Lab, IIT Bombay
   3          * File name: trace_square_clockwise.c
   4          * Functions: delay_ms(unsigned int)
   5          * Global variable: left_velocity, right_velocity, LB, LF, RB, RF
   6          * This experiment demonstrates simple Motion control of robot.
   7          * Concepts covered: Motor related operations
   8            
   9           Note: 
  10           1. Make sure that in the configuration options following settings are 
  11           done for proper operation of the code
  12            Microcontroller: P89V51RD2
  13           Frequency: 11.0592 MHz                                                            
  14          2.  Coding Standards followed(For further reference on Coding Standards go to portal link).
  15          *********************************************************************************/
  16          #include <intrins.h>
  17          #include "p89v51rx2.h"
  18          //The appropriate bits have been defined as per the logic table for motion control
  19          sbit left_velocity=P1^3;
  20          sbit right_velocity=P1^4;
  21          sbit LB=P1^0;
  22          sbit LF=P1^1;
  23          sbit RF=P1^2;
  24          sbit RB=P3^4;
  25          /* Function name - delay_ms
  26          * Input - time in milli seconds 
  27          * Outut - gives delay for the spcified time before executing next instruction
  28          * Logic - delay can be given in the program by introducing loops
  29          */
  30          void delay_ms(unsigned int ms)
  31          {
  32   1      unsigned int i,j;
  33   1      for(i=0; i<ms; i++)
  34   1      for(j=0; j<53; j++);
  35   1      }
  36          //These are the direction functions to move the motors in various directions
  37          /* Function name - forward
  38          * Input - none 
  39          * Outut - moves the robot in forward direction
  40          * Logic - set appropriate bits high to move forward as per the logic table
  41          */
  42          void forward(void) //go forward
  43          {
  44   1      RF=1;
  45   1      LF=1;
  46   1      RB=0;
  47   1      LB=0;
  48   1      }
  49          /* Function name - right
  50          * Input - none 
  51          * Outut - turns the robot in right direction
  52          * Logic - set appropriate bits high to turn right as per the logic table
  53          */
  54          void right(void) //go right ( hard right)
  55          {
C51 COMPILER V9.01   TRACE_SQUARE_CLOCKWISE                                                06/06/2015 14:18:47 PAGE 2   

  56   1      RF=0;
  57   1      LF=1;
  58   1      RB=1;
  59   1      LB=0;
  60   1      }
  61          /* Function name - stop
  62          * Input - none 
  63          * Outut - stops the robot
  64          * Logic - set appropriate bits high to stop all motors as per the logic table
  65          */
  66          void stop(void) //stop ( soft stop )
  67          {
  68   1      RF= 0;
  69   1      LF= 0;
  70   1      RB= 0;
  71   1      LB= 0;
  72   1      }
  73          /*
  74          * Function Name: main
  75          * Input: None
  76          * Output: int to inform the caller that the program exited correctly or incorrectly (C code standard)
  77          * Logic: calls the function forward and right to trace a square.
  78          * Example Call: Called automatically by the Operating System
  79          *
  80          */
  81          void main (void)
  82          {
  83   1      int count=1;
  84   1      /*here maximum velocity has been set for both the
  85   1      * motors but to vary it one can apply PWM signal on these 2 pins*/
  86   1      left_velocity=1;      
  87   1      right_velocity=1;
  88   1      while(count<5)
  89   1      {        
  90   2      forward(); //go forward
  91   2      delay_ms(2000); //delay of 2 seconds
  92   2      stop(); //stop
  93   2      right(); //take a right turn
  94   2      delay_ms(1500); //delay of 1.5 seconds
  95   2      stop(); //stop
  96   2      count++;
  97   2      }
  98   1      while(1);
  99   1      }// main ends here


MODULE INFORMATION:   STATIC OVERLAYABLE
   CODE SIZE        =    103    ----
   CONSTANT SIZE    =   ----    ----
   XDATA SIZE       =   ----    ----
   PDATA SIZE       =   ----    ----
   DATA SIZE        =   ----    ----
   IDATA SIZE       =   ----    ----
   BIT SIZE         =   ----    ----
END OF MODULE INFORMATION.


C51 COMPILATION COMPLETE.  0 WARNING(S),  0 ERROR(S)
