C51 COMPILER V9.01   BUZZER_ON_RESET_SWITCH                                                06/04/2015 18:28:58 PAGE 1   


C51 COMPILER V9.01, COMPILATION OF MODULE BUZZER_ON_RESET_SWITCH
OBJECT MODULE PLACED IN buzzer_on_reset_switch.OBJ
COMPILER INVOKED BY: C:\Keil\C51\BIN\C51.EXE buzzer_on_reset_switch.c BROWSE DEBUG OBJECTEXTEND

line level    source

   1          /*
   2          * Author: Bhumika Varshney, ERTS Lab, IIT Bombay
   3          * File name: buzzer_on_reset_switch.c
   4          * Functions: delay_ms(unsigned int)
   5          * Global variable: buzzer, switch1
   6          * This experiment demonstrates simple Input and Output operation.It takes input from a pin and gives outpu
             -t to another.
   7          * Concepts covered: Input and Output operations
   8            
   9           Note: 
  10           
  11           1. Make sure that in the configuration options following settings are 
  12           done for proper operation of the code
  13            Microcontroller: P89V51RD2
  14           Frequency: 11.0592 MHz                                                            
  15          3.  Coding Standards followed(For further reference on Coding Standards go to portal link).
  16          *********************************************************************************/
  17          
  18          #include <intrins.h>
  19          #include "p89v51rx2.h"
  20          sbit buzzer=P2^7;
  21          sbit switch1=P3^3;
  22          /*
  23          * Function Name: main
  24          * Input: None
  25          * Output: int to inform the caller that the program exited correctly or incorrectly (C code standard)
  26          * Logic: blows and stops the buzzer for specified time delays 
  27          * Example Call: Called automatically by the Operating System
  28          *
  29          */
  30          void main (void)
  31          {       
  32   1              switch1=1;       //setting P3^3 as an input pin
  33   1                 while(1)
  34   1                      {               
  35   2                              if(switch1==0)
  36   2                              {
  37   3                              buzzer=0;  //buzzer blows
  38   3                              }
  39   2                              else
  40   2                              buzzer=1;       //buzzer stops
  41   2                              
  42   2                      }
  43   1      }


MODULE INFORMATION:   STATIC OVERLAYABLE
   CODE SIZE        =     13    ----
   CONSTANT SIZE    =   ----    ----
   XDATA SIZE       =   ----    ----
   PDATA SIZE       =   ----    ----
   DATA SIZE        =   ----    ----
   IDATA SIZE       =   ----    ----
   BIT SIZE         =   ----    ----
END OF MODULE INFORMATION.

C51 COMPILER V9.01   BUZZER_ON_RESET_SWITCH                                                06/04/2015 18:28:58 PAGE 2   


C51 COMPILATION COMPLETE.  0 WARNING(S),  0 ERROR(S)
