C51 COMPILER V9.01   MAIN                                                                  06/08/2015 14:05:35 PAGE 1   


C51 COMPILER V9.01, COMPILATION OF MODULE MAIN
OBJECT MODULE PLACED IN main.OBJ
COMPILER INVOKED BY: C:\Keil\C51\BIN\C51.EXE main.c BROWSE DEBUG OBJECTEXTEND

line level    source

   1          /*
   2          * Author: Bhumika Varshney, ERTS Lab, IIT Bombay
   3          * File name: lcdtextdisp.c
   4          * Functions: lcd_init(), lcd_clear(), lcd_cursor(char row, char column), lcd_string(char *str)
   5          * This experiment demonstrates simple LCD display operation.
   6          * Concepts covered: LCD Interfacing
   7            
   8           Note: 
   9           1. Make sure that in the configuration options following settings are 
  10           done for proper operation of the code
  11            Microcontroller: P89V51RD2
  12           Frequency: 11.0592 MHz                                                            
  13          2.  Coding Standards followed(For further reference on Coding Standards go to portal link).
  14          *********************************************************************************/
  15          #include<intrins.h>
  16          #include"p89v51rx2.h"
  17          #include"lcd_display.h"
  18          /*                                                
  19          * Function Name: main
  20          * Input: None
  21          * Output: int to inform the caller that the program exited correctly or incorrectly (C code standard)
  22          * Logic: calls various functions given in the header file of lcd to display a string on lcd.
  23          * Example Call: Called automatically by the Operating System
  24          *
  25          */
  26          void main (void)
  27          {
  28   1      lcd_init();       //initializes the LCD
  29   1      lcd_clear();  //clears screen of LCD
  30   1      lcd_cursor(1,5);  //places cursor at 5th column of 2nd row
  31   1       lcd_string("YOUR NAME");  //writes your name on the screen of LCD
  32   1       while(1);
  33   1      } //main ends here
  34          


MODULE INFORMATION:   STATIC OVERLAYABLE
   CODE SIZE        =    712    ----
   CONSTANT SIZE    =     16    ----
   XDATA SIZE       =   ----    ----
   PDATA SIZE       =   ----    ----
   DATA SIZE        =     13      10
   IDATA SIZE       =   ----    ----
   BIT SIZE         =   ----       1
END OF MODULE INFORMATION.


C51 COMPILATION COMPLETE.  0 WARNING(S),  0 ERROR(S)
