This is pdfTeX, Version 3.14159265-2.6-1.40.15 (MiKTeX 2.9 64-bit) (preloaded format=pdflatex 2015.5.27)  29 JUN 2015 15:04
entering extended mode
**Intoduction_to_firebird.tex
(Intoduction_to_firebird.tex
LaTeX2e <2014/05/01>
Babel <3.9l> and hyphenation patterns for 68 languages loaded.
("C:\Program Files\MiKTeX 2.9\tex\latex\beamer\base\beamer.cls"
("C:\Program Files\MiKTeX 2.9\tex\latex\beamer\base\beamerbasercs.sty"
Package: beamerbasercs 2015/03/08 (rcs-revision 368aa9ba9d38)
)
Document Class: beamer 2015/01/05 3.36 A class for typesetting presentations (r
cs-revision 8a39122e1f63)
("C:\Program Files\MiKTeX 2.9\tex\latex\beamer\base\beamerbasemodes.sty"
Package: beamerbasemodes 2013/09/03 (rcs-revision 768f2d98ca64)
\beamer@tempbox=\box26
\beamer@tempcount=\count79
\c@beamerpauses=\count80

("C:\Program Files\MiKTeX 2.9\tex\latex\beamer\base\beamerbasedecode.sty"
Package: beamerbasedecode 2010/05/01 (rcs-revision efa082c6111d)
\beamer@slideinframe=\count81
\beamer@minimum=\count82
)
\beamer@commentbox=\box27
\beamer@modecount=\count83
)
("C:\Program Files\MiKTeX 2.9\tex\generic\oberdiek\ifpdf.sty"
Package: ifpdf 2011/01/30 v2.3 Provides the ifpdf switch (HO)
Package ifpdf Info: pdfTeX in PDF mode is detected.
)
\headheight=\dimen102
\headdp=\dimen103
\footheight=\dimen104
\sidebarheight=\dimen105
\beamer@tempdim=\dimen106
\beamer@finalheight=\dimen107
\beamer@animht=\dimen108
\beamer@animdp=\dimen109
\beamer@animwd=\dimen110
\beamer@leftmargin=\dimen111
\beamer@rightmargin=\dimen112
\beamer@leftsidebar=\dimen113
\beamer@rightsidebar=\dimen114
\beamer@boxsize=\dimen115
\beamer@vboxoffset=\dimen116
\beamer@descdefault=\dimen117
\beamer@descriptionwidth=\dimen118
\beamer@lastskip=\skip41
\beamer@areabox=\box28
\beamer@animcurrent=\box29
\beamer@animshowbox=\box30
\beamer@sectionbox=\box31
\beamer@logobox=\box32
\beamer@linebox=\box33
\beamer@sectioncount=\count84
\beamer@subsubsectionmax=\count85
\beamer@subsectionmax=\count86
\beamer@sectionmax=\count87
\beamer@totalheads=\count88
\beamer@headcounter=\count89
\beamer@partstartpage=\count90
\beamer@sectionstartpage=\count91
\beamer@subsectionstartpage=\count92
\beamer@animationtempa=\count93
\beamer@animationtempb=\count94
\beamer@xpos=\count95
\beamer@ypos=\count96
\beamer@showpartnumber=\count97
\beamer@currentsubsection=\count98
\beamer@coveringdepth=\count99
\beamer@sectionadjust=\count100
\beamer@tocsectionnumber=\count101

("C:\Program Files\MiKTeX 2.9\tex\latex\beamer\base\beamerbaseoptions.sty"
Package: beamerbaseoptions 2013/03/10 (rcs-revision 47431932db0d)

("C:\Program Files\MiKTeX 2.9\tex\latex\graphics\keyval.sty"
Package: keyval 2014/10/28 v1.15 key=value parser (DPC)
\KV@toks@=\toks14
))
\beamer@paperwidth=\skip42
\beamer@paperheight=\skip43

("C:\Program Files\MiKTeX 2.9\tex\latex\geometry\geometry.sty"
Package: geometry 2010/09/12 v5.6 Page Geometry

("C:\Program Files\MiKTeX 2.9\tex\generic\oberdiek\ifvtex.sty"
Package: ifvtex 2010/03/01 v1.5 Detect VTeX and its facilities (HO)
Package ifvtex Info: VTeX not detected.
)
("C:\Program Files\MiKTeX 2.9\tex\generic\ifxetex\ifxetex.sty"
Package: ifxetex 2010/09/12 v0.6 Provides ifxetex conditional
)
\Gm@cnth=\count102
\Gm@cntv=\count103
\c@Gm@tempcnt=\count104
\Gm@bindingoffset=\dimen119
\Gm@wd@mp=\dimen120
\Gm@odd@mp=\dimen121
\Gm@even@mp=\dimen122
\Gm@layoutwidth=\dimen123
\Gm@layoutheight=\dimen124
\Gm@layouthoffset=\dimen125
\Gm@layoutvoffset=\dimen126
\Gm@dimlist=\toks15

("C:\Program Files\MiKTeX 2.9\tex\latex\geometry\geometry.cfg"))

Class beamer Warning: ``red'' is obsolete. Use color theme structure instead on
 input line 348.

("C:\Program Files\MiKTeX 2.9\tex\latex\base\size10.clo"
File: size10.clo 2014/09/29 v1.4h Standard LaTeX file (size option)
)
("C:\Program Files\MiKTeX 2.9\tex\latex\pgf\basiclayer\pgfcore.sty"
("C:\Program Files\MiKTeX 2.9\tex\latex\graphics\graphicx.sty"
Package: graphicx 2014/10/28 v1.0g Enhanced LaTeX Graphics (DPC,SPQR)

("C:\Program Files\MiKTeX 2.9\tex\latex\graphics\graphics.sty"
Package: graphics 2014/10/28 v1.0p Standard LaTeX Graphics (DPC,SPQR)

("C:\Program Files\MiKTeX 2.9\tex\latex\graphics\trig.sty"
Package: trig 1999/03/16 v1.09 sin cos tan (DPC)
)
("C:\Program Files\MiKTeX 2.9\tex\latex\00miktex\graphics.cfg"
File: graphics.cfg 2007/01/18 v1.5 graphics configuration of teTeX/TeXLive
)
Package graphics Info: Driver file: pdftex.def on input line 91.

("C:\Program Files\MiKTeX 2.9\tex\latex\pdftex-def\pdftex.def"
File: pdftex.def 2011/05/27 v0.06d Graphics/color for pdfTeX

("C:\Program Files\MiKTeX 2.9\tex\generic\oberdiek\infwarerr.sty"
Package: infwarerr 2010/04/08 v1.3 Providing info/warning/error messages (HO)
)
("C:\Program Files\MiKTeX 2.9\tex\generic\oberdiek\ltxcmds.sty"
Package: ltxcmds 2011/11/09 v1.22 LaTeX kernel commands for general use (HO)
)
\Gread@gobject=\count105
))
\Gin@req@height=\dimen127
\Gin@req@width=\dimen128
)
("C:\Program Files\MiKTeX 2.9\tex\latex\pgf\systemlayer\pgfsys.sty"
("C:\Program Files\MiKTeX 2.9\tex\latex\pgf\utilities\pgfrcs.sty"
("C:\Program Files\MiKTeX 2.9\tex\generic\pgf\utilities\pgfutil-common.tex"
\pgfutil@everybye=\toks16
\pgfutil@tempdima=\dimen129
\pgfutil@tempdimb=\dimen130

("C:\Program Files\MiKTeX 2.9\tex\generic\pgf\utilities\pgfutil-common-lists.te
x")) ("C:\Program Files\MiKTeX 2.9\tex\generic\pgf\utilities\pgfutil-latex.def"
\pgfutil@abb=\box34
("C:\Program Files\MiKTeX 2.9\tex\latex\ms\everyshi.sty"
Package: everyshi 2001/05/15 v3.00 EveryShipout Package (MS)
))
("C:\Program Files\MiKTeX 2.9\tex\generic\pgf\utilities\pgfrcs.code.tex"
Package: pgfrcs 2013/12/20 v3.0.0 (rcs-revision 1.28)
))
("C:\Program Files\MiKTeX 2.9\tex\generic\pgf\systemlayer\pgfsys.code.tex"
Package: pgfsys 2013/11/30 v3.0.0 (rcs-revision 1.47)

("C:\Program Files\MiKTeX 2.9\tex\generic\pgf\utilities\pgfkeys.code.tex"
\pgfkeys@pathtoks=\toks17
\pgfkeys@temptoks=\toks18

("C:\Program Files\MiKTeX 2.9\tex\generic\pgf\utilities\pgfkeysfiltered.code.te
x"
\pgfkeys@tmptoks=\toks19
))
\pgf@x=\dimen131
\pgf@y=\dimen132
\pgf@xa=\dimen133
\pgf@ya=\dimen134
\pgf@xb=\dimen135
\pgf@yb=\dimen136
\pgf@xc=\dimen137
\pgf@yc=\dimen138
\w@pgf@writea=\write3
\r@pgf@reada=\read1
\c@pgf@counta=\count106
\c@pgf@countb=\count107
\c@pgf@countc=\count108
\c@pgf@countd=\count109
\t@pgf@toka=\toks20
\t@pgf@tokb=\toks21
\t@pgf@tokc=\toks22
 ("C:\Program Files\MiKTeX 2.9\tex\generic\pgf\systemlayer\pgf.cfg"
File: pgf.cfg 2008/05/14  (rcs-revision 1.7)
)
Driver file for pgf: pgfsys-pdftex.def

("C:\Program Files\MiKTeX 2.9\tex\generic\pgf\systemlayer\pgfsys-pdftex.def"
File: pgfsys-pdftex.def 2013/07/18  (rcs-revision 1.33)

("C:\Program Files\MiKTeX 2.9\tex\generic\pgf\systemlayer\pgfsys-common-pdf.def
"
File: pgfsys-common-pdf.def 2013/10/10  (rcs-revision 1.13)
)))
("C:\Program Files\MiKTeX 2.9\tex\generic\pgf\systemlayer\pgfsyssoftpath.code.t
ex"
File: pgfsyssoftpath.code.tex 2013/09/09  (rcs-revision 1.9)
\pgfsyssoftpath@smallbuffer@items=\count110
\pgfsyssoftpath@bigbuffer@items=\count111
)
("C:\Program Files\MiKTeX 2.9\tex\generic\pgf\systemlayer\pgfsysprotocol.code.t
ex"
File: pgfsysprotocol.code.tex 2006/10/16  (rcs-revision 1.4)
)) ("C:\Program Files\MiKTeX 2.9\tex\latex\xcolor\xcolor.sty"
Package: xcolor 2007/01/21 v2.11 LaTeX color extensions (UK)

("C:\Program Files\MiKTeX 2.9\tex\latex\00miktex\color.cfg"
File: color.cfg 2007/01/18 v1.5 color configuration of teTeX/TeXLive
)
Package xcolor Info: Driver file: pdftex.def on input line 225.
Package xcolor Info: Model `cmy' substituted by `cmy0' on input line 1337.
Package xcolor Info: Model `hsb' substituted by `rgb' on input line 1341.
Package xcolor Info: Model `RGB' extended on input line 1353.
Package xcolor Info: Model `HTML' substituted by `rgb' on input line 1355.
Package xcolor Info: Model `Hsb' substituted by `hsb' on input line 1356.
Package xcolor Info: Model `tHsb' substituted by `hsb' on input line 1357.
Package xcolor Info: Model `HSB' substituted by `hsb' on input line 1358.
Package xcolor Info: Model `Gray' substituted by `gray' on input line 1359.
Package xcolor Info: Model `wave' substituted by `hsb' on input line 1360.
)
("C:\Program Files\MiKTeX 2.9\tex\generic\pgf\basiclayer\pgfcore.code.tex"
Package: pgfcore 2010/04/11 v3.0.0 (rcs-revision 1.7)

("C:\Program Files\MiKTeX 2.9\tex\generic\pgf\math\pgfmath.code.tex"
("C:\Program Files\MiKTeX 2.9\tex\generic\pgf\math\pgfmathcalc.code.tex"
("C:\Program Files\MiKTeX 2.9\tex\generic\pgf\math\pgfmathutil.code.tex")
("C:\Program Files\MiKTeX 2.9\tex\generic\pgf\math\pgfmathparser.code.tex"
\pgfmath@dimen=\dimen139
\pgfmath@count=\count112
\pgfmath@box=\box35
\pgfmath@toks=\toks23
\pgfmath@stack@operand=\toks24
\pgfmath@stack@operation=\toks25
)
("C:\Program Files\MiKTeX 2.9\tex\generic\pgf\math\pgfmathfunctions.code.tex"
("C:\Program Files\MiKTeX 2.9\tex\generic\pgf\math\pgfmathfunctions.basic.code.
tex")
("C:\Program Files\MiKTeX 2.9\tex\generic\pgf\math\pgfmathfunctions.trigonometr
ic.code.tex")
("C:\Program Files\MiKTeX 2.9\tex\generic\pgf\math\pgfmathfunctions.random.code
.tex")
("C:\Program Files\MiKTeX 2.9\tex\generic\pgf\math\pgfmathfunctions.comparison.
code.tex")
("C:\Program Files\MiKTeX 2.9\tex\generic\pgf\math\pgfmathfunctions.base.code.t
ex")
("C:\Program Files\MiKTeX 2.9\tex\generic\pgf\math\pgfmathfunctions.round.code.
tex")
("C:\Program Files\MiKTeX 2.9\tex\generic\pgf\math\pgfmathfunctions.misc.code.t
ex")
("C:\Program Files\MiKTeX 2.9\tex\generic\pgf\math\pgfmathfunctions.integerarit
hmetics.code.tex")))
("C:\Program Files\MiKTeX 2.9\tex\generic\pgf\math\pgfmathfloat.code.tex"
\c@pgfmathroundto@lastzeros=\count113
))
("C:\Program Files\MiKTeX 2.9\tex\generic\pgf\basiclayer\pgfcorepoints.code.tex
"
File: pgfcorepoints.code.tex 2013/10/07  (rcs-revision 1.27)
\pgf@picminx=\dimen140
\pgf@picmaxx=\dimen141
\pgf@picminy=\dimen142
\pgf@picmaxy=\dimen143
\pgf@pathminx=\dimen144
\pgf@pathmaxx=\dimen145
\pgf@pathminy=\dimen146
\pgf@pathmaxy=\dimen147
\pgf@xx=\dimen148
\pgf@xy=\dimen149
\pgf@yx=\dimen150
\pgf@yy=\dimen151
\pgf@zx=\dimen152
\pgf@zy=\dimen153
)
("C:\Program Files\MiKTeX 2.9\tex\generic\pgf\basiclayer\pgfcorepathconstruct.c
ode.tex"
File: pgfcorepathconstruct.code.tex 2013/10/07  (rcs-revision 1.29)
\pgf@path@lastx=\dimen154
\pgf@path@lasty=\dimen155
)
("C:\Program Files\MiKTeX 2.9\tex\generic\pgf\basiclayer\pgfcorepathusage.code.
tex"
File: pgfcorepathusage.code.tex 2013/12/13  (rcs-revision 1.23)
\pgf@shorten@end@additional=\dimen156
\pgf@shorten@start@additional=\dimen157
)
("C:\Program Files\MiKTeX 2.9\tex\generic\pgf\basiclayer\pgfcorescopes.code.tex
"
File: pgfcorescopes.code.tex 2013/10/09  (rcs-revision 1.44)
\pgfpic=\box36
\pgf@hbox=\box37
\pgf@layerbox@main=\box38
\pgf@picture@serial@count=\count114
)
("C:\Program Files\MiKTeX 2.9\tex\generic\pgf\basiclayer\pgfcoregraphicstate.co
de.tex"
File: pgfcoregraphicstate.code.tex 2013/09/19  (rcs-revision 1.11)
\pgflinewidth=\dimen158
)
("C:\Program Files\MiKTeX 2.9\tex\generic\pgf\basiclayer\pgfcoretransformations
.code.tex"
File: pgfcoretransformations.code.tex 2013/10/10  (rcs-revision 1.17)
\pgf@pt@x=\dimen159
\pgf@pt@y=\dimen160
\pgf@pt@temp=\dimen161
)
("C:\Program Files\MiKTeX 2.9\tex\generic\pgf\basiclayer\pgfcorequick.code.tex"
File: pgfcorequick.code.tex 2008/10/09  (rcs-revision 1.3)
)
("C:\Program Files\MiKTeX 2.9\tex\generic\pgf\basiclayer\pgfcoreobjects.code.te
x"
File: pgfcoreobjects.code.tex 2006/10/11  (rcs-revision 1.2)
)
("C:\Program Files\MiKTeX 2.9\tex\generic\pgf\basiclayer\pgfcorepathprocessing.
code.tex"
File: pgfcorepathprocessing.code.tex 2013/09/09  (rcs-revision 1.9)
)
("C:\Program Files\MiKTeX 2.9\tex\generic\pgf\basiclayer\pgfcorearrows.code.tex
"
File: pgfcorearrows.code.tex 2013/11/07  (rcs-revision 1.40)
\pgfarrowsep=\dimen162
)
("C:\Program Files\MiKTeX 2.9\tex\generic\pgf\basiclayer\pgfcoreshade.code.tex"
File: pgfcoreshade.code.tex 2013/07/15  (rcs-revision 1.15)
\pgf@max=\dimen163
\pgf@sys@shading@range@num=\count115
) ("C:\Program Files\MiKTeX 2.9\tex\generic\pgf\basiclayer\pgfcoreimage.code.te
x"
File: pgfcoreimage.code.tex 2013/07/15  (rcs-revision 1.18)

("C:\Program Files\MiKTeX 2.9\tex\generic\pgf\basiclayer\pgfcoreexternal.code.t
ex"
File: pgfcoreexternal.code.tex 2013/07/15  (rcs-revision 1.20)
\pgfexternal@startupbox=\box39
))
("C:\Program Files\MiKTeX 2.9\tex\generic\pgf\basiclayer\pgfcorelayers.code.tex
"
File: pgfcorelayers.code.tex 2013/07/18  (rcs-revision 1.7)
)
("C:\Program Files\MiKTeX 2.9\tex\generic\pgf\basiclayer\pgfcoretransparency.co
de.tex"
File: pgfcoretransparency.code.tex 2013/09/30  (rcs-revision 1.5)
)
("C:\Program Files\MiKTeX 2.9\tex\generic\pgf\basiclayer\pgfcorepatterns.code.t
ex"
File: pgfcorepatterns.code.tex 2013/11/07  (rcs-revision 1.5)
))) ("C:\Program Files\MiKTeX 2.9\tex\latex\pgf\utilities\xxcolor.sty"
Package: xxcolor 2003/10/24 ver 0.1
\XC@nummixins=\count116
\XC@countmixins=\count117
)
("C:\Program Files\MiKTeX 2.9\tex\generic\oberdiek\atbegshi.sty"
Package: atbegshi 2011/10/05 v1.16 At begin shipout hook (HO)
)
("C:\Program Files\MiKTeX 2.9\tex\latex\hyperref\hyperref.sty"
Package: hyperref 2012/11/06 v6.83m Hypertext links for LaTeX

("C:\Program Files\MiKTeX 2.9\tex\generic\oberdiek\hobsub-hyperref.sty"
Package: hobsub-hyperref 2012/04/25 v1.12 Bundle oberdiek, subset hyperref (HO)


("C:\Program Files\MiKTeX 2.9\tex\generic\oberdiek\hobsub-generic.sty"
Package: hobsub-generic 2012/04/25 v1.12 Bundle oberdiek, subset generic (HO)
Package: hobsub 2012/04/25 v1.12 Construct package bundles (HO)
Package hobsub Info: Skipping package `infwarerr' (already loaded).
Package hobsub Info: Skipping package `ltxcmds' (already loaded).
Package: ifluatex 2010/03/01 v1.3 Provides the ifluatex switch (HO)
Package ifluatex Info: LuaTeX not detected.
Package hobsub Info: Skipping package `ifvtex' (already loaded).
Package: intcalc 2007/09/27 v1.1 Expandable calculations with integers (HO)
Package hobsub Info: Skipping package `ifpdf' (already loaded).
Package: etexcmds 2011/02/16 v1.5 Avoid name clashes with e-TeX commands (HO)
Package etexcmds Info: Could not find \expanded.
(etexcmds)             That can mean that you are not using pdfTeX 1.50 or
(etexcmds)             that some package has redefined \expanded.
(etexcmds)             In the latter case, load this package earlier.
Package: kvsetkeys 2012/04/25 v1.16 Key value parser (HO)
Package: kvdefinekeys 2011/04/07 v1.3 Define keys (HO)
Package: pdftexcmds 2011/11/29 v0.20 Utility functions of pdfTeX for LuaTeX (HO
)
Package pdftexcmds Info: LuaTeX not detected.
Package pdftexcmds Info: \pdf@primitive is available.
Package pdftexcmds Info: \pdf@ifprimitive is available.
Package pdftexcmds Info: \pdfdraftmode found.
Package: pdfescape 2011/11/25 v1.13 Implements pdfTeX's escape features (HO)
Package: bigintcalc 2012/04/08 v1.3 Expandable calculations on big integers (HO
)
Package: bitset 2011/01/30 v1.1 Handle bit-vector datatype (HO)
Package: uniquecounter 2011/01/30 v1.2 Provide unlimited unique counter (HO)
)
Package hobsub Info: Skipping package `hobsub' (already loaded).
Package: letltxmacro 2010/09/02 v1.4 Let assignment for LaTeX macros (HO)
Package: hopatch 2011/06/24 v1.1 Wrapper for package hooks (HO)
Package: xcolor-patch 2011/01/30 xcolor patch
Package: atveryend 2011/06/30 v1.8 Hooks at the very end of document (HO)
Package atveryend Info: \enddocument detected (standard20110627).
Package hobsub Info: Skipping package `atbegshi' (already loaded).
Package: refcount 2011/10/16 v3.4 Data extraction from label references (HO)
Package: hycolor 2011/01/30 v1.7 Color options for hyperref/bookmark (HO)
)
("C:\Program Files\MiKTeX 2.9\tex\latex\oberdiek\auxhook.sty"
Package: auxhook 2011/03/04 v1.3 Hooks for auxiliary files (HO)
)
("C:\Program Files\MiKTeX 2.9\tex\latex\oberdiek\kvoptions.sty"
Package: kvoptions 2011/06/30 v3.11 Key value format for package options (HO)
)
\@linkdim=\dimen164
\Hy@linkcounter=\count118
\Hy@pagecounter=\count119

("C:\Program Files\MiKTeX 2.9\tex\latex\hyperref\pd1enc.def"
File: pd1enc.def 2012/11/06 v6.83m Hyperref: PDFDocEncoding definition (HO)
)
\Hy@SavedSpaceFactor=\count120

("C:\Program Files\MiKTeX 2.9\tex\latex\00miktex\hyperref.cfg"
File: hyperref.cfg 2002/06/06 v1.2 hyperref configuration of TeXLive
)
Package hyperref Info: Option `bookmarks' set `true' on input line 4319.
Package hyperref Info: Option `bookmarksopen' set `true' on input line 4319.
Package hyperref Info: Option `implicit' set `false' on input line 4319.
Package hyperref Info: Hyper figures OFF on input line 4443.
Package hyperref Info: Link nesting OFF on input line 4448.
Package hyperref Info: Hyper index ON on input line 4451.
Package hyperref Info: Plain pages OFF on input line 4458.
Package hyperref Info: Backreferencing OFF on input line 4463.
Package hyperref Info: Implicit mode OFF; no redefinition of LaTeX internals.
Package hyperref Info: Bookmarks ON on input line 4688.
\c@Hy@tempcnt=\count121

("C:\Program Files\MiKTeX 2.9\tex\latex\url\url.sty"
\Urlmuskip=\muskip10
Package: url 2013/09/16  ver 3.4  Verb mode for urls, etc.
)
LaTeX Info: Redefining \url on input line 5041.
\XeTeXLinkMargin=\dimen165
\Fld@menulength=\count122
\Field@Width=\dimen166
\Fld@charsize=\dimen167
Package hyperref Info: Hyper figures OFF on input line 6295.
Package hyperref Info: Link nesting OFF on input line 6300.
Package hyperref Info: Hyper index ON on input line 6303.
Package hyperref Info: backreferencing OFF on input line 6310.
Package hyperref Info: Link coloring OFF on input line 6315.
Package hyperref Info: Link coloring with OCG OFF on input line 6320.
Package hyperref Info: PDF/A mode OFF on input line 6325.
LaTeX Info: Redefining \ref on input line 6365.
LaTeX Info: Redefining \pageref on input line 6369.
\Hy@abspage=\count123


Package hyperref Message: Stopped early.

)

Package hyperref Message: Driver (autodetected): hpdftex.

("C:\Program Files\MiKTeX 2.9\tex\latex\hyperref\hpdftex.def"
File: hpdftex.def 2012/11/06 v6.83m Hyperref driver for pdfTeX
\Fld@listcount=\count124
\c@bookmark@seq@number=\count125

("C:\Program Files\MiKTeX 2.9\tex\latex\oberdiek\rerunfilecheck.sty"
Package: rerunfilecheck 2011/04/15 v1.7 Rerun checks for auxiliary files (HO)
Package uniquecounter Info: New unique counter `rerunfilecheck' on input line 2
82.
))
("C:\Program Files\MiKTeX 2.9\tex\latex\beamer\base\beamerbaserequires.sty"
Package: beamerbaserequires 2010/05/01  (rcs-revision efa082c6111d)

("C:\Program Files\MiKTeX 2.9\tex\latex\beamer\base\beamerbasecompatibility.sty
"
Package: beamerbasecompatibility 2012/05/01  (rcs-revision 67c48b3b652d)
) ("C:\Program Files\MiKTeX 2.9\tex\latex\beamer\base\beamerbasefont.sty"
Package: beamerbasefont 2015/01/05  (rcs-revision b4b4bee242e2)

("C:\Program Files\MiKTeX 2.9\tex\latex\amsfonts\amssymb.sty"
Package: amssymb 2013/01/14 v3.01 AMS font symbols

("C:\Program Files\MiKTeX 2.9\tex\latex\amsfonts\amsfonts.sty"
Package: amsfonts 2013/01/14 v3.01 Basic AMSFonts support
\@emptytoks=\toks26
\symAMSa=\mathgroup4
\symAMSb=\mathgroup5
LaTeX Font Info:    Overwriting math alphabet `\mathfrak' in version `bold'
(Font)                  U/euf/m/n --> U/euf/b/n on input line 106.
))
("C:\Program Files\MiKTeX 2.9\tex\latex\sansmathaccent\sansmathaccent.sty"
Package: sansmathaccent 2013/03/28

("C:\Program Files\MiKTeX 2.9\tex\latex\filehook\filehook.sty"
Package: filehook 2011/10/12 v0.5d Hooks for input files
)))
("C:\Program Files\MiKTeX 2.9\tex\latex\beamer\base\beamerbasetranslator.sty"
Package: beamerbasetranslator 2010/06/11  (rcs-revision 85fd1cc7fc42)

("C:\Program Files\MiKTeX 2.9\tex\latex\beamer\base\translator\translator.sty"
Package: translator 2010/06/12 ver 1.10

("C:\Program Files\MiKTeX 2.9\tex\latex\beamer\base\translator\translator-langu
age-mappings.tex")))
("C:\Program Files\MiKTeX 2.9\tex\latex\beamer\base\beamerbasemisc.sty"
Package: beamerbasemisc 2013/09/03  (rcs-revision a55719c41d85)
)
("C:\Program Files\MiKTeX 2.9\tex\latex\beamer\base\beamerbasetwoscreens.sty"
Package: beamerbasetwoscreens 2010/05/01  (rcs-revision efa082c6111d)
)
("C:\Program Files\MiKTeX 2.9\tex\latex\beamer\base\beamerbaseoverlay.sty"
Package: beamerbaseoverlay 2013/12/25  (rcs-revision f6bd5e3805da)
\beamer@argscount=\count126
\beamer@lastskipcover=\skip44
\beamer@trivlistdepth=\count127
)
("C:\Program Files\MiKTeX 2.9\tex\latex\beamer\base\beamerbasetitle.sty"
Package: beamerbasetitle 2010/09/21  (rcs-revision f0446ed0b6ae)
)
("C:\Program Files\MiKTeX 2.9\tex\latex\beamer\base\beamerbasesection.sty"
Package: beamerbasesection 2013/06/07  (rcs-revision 60b9fe0f342f)
\c@lecture=\count128
\c@part=\count129
\c@section=\count130
\c@subsection=\count131
\c@subsubsection=\count132
)
("C:\Program Files\MiKTeX 2.9\tex\latex\beamer\base\beamerbaseframe.sty"
Package: beamerbaseframe 2014/02/20  (rcs-revision 4b8ceeeff434)
\beamer@framebox=\box40
\beamer@frametitlebox=\box41
\beamer@zoombox=\box42
\beamer@zoomcount=\count133
\beamer@zoomframecount=\count134
\beamer@frametextheight=\dimen168
\c@subsectionslide=\count135
\beamer@frametopskip=\skip45
\beamer@framebottomskip=\skip46
\beamer@frametopskipautobreak=\skip47
\beamer@framebottomskipautobreak=\skip48
\beamer@envbody=\toks27
\framewidth=\dimen169
\c@framenumber=\count136
)
("C:\Program Files\MiKTeX 2.9\tex\latex\beamer\base\beamerbaseverbatim.sty"
Package: beamerbaseverbatim 2015/01/05  (rcs-revision 431510bb5890)
\beamer@verbatimfileout=\write4
)
("C:\Program Files\MiKTeX 2.9\tex\latex\beamer\base\beamerbaseframesize.sty"
Package: beamerbaseframesize 2011/09/12  (rcs-revision 70f9d8411e54)
\beamer@splitbox=\box43
\beamer@autobreakcount=\count137
\beamer@autobreaklastheight=\dimen170
\beamer@frametitletoks=\toks28
\beamer@framesubtitletoks=\toks29
)
("C:\Program Files\MiKTeX 2.9\tex\latex\beamer\base\beamerbaseframecomponents.s
ty"
Package: beamerbaseframecomponents 2013/10/18  (rcs-revision 5cf6c5555a45)
\beamer@footins=\box44
) ("C:\Program Files\MiKTeX 2.9\tex\latex\beamer\base\beamerbasecolor.sty"
Package: beamerbasecolor 2015/02/21  (rcs-revision d944b04ee2d5)
)
("C:\Program Files\MiKTeX 2.9\tex\latex\beamer\base\beamerbasenotes.sty"
Package: beamerbasenotes 2012/12/19  (rcs-revision 1686da3db3c9)
\beamer@frameboxcopy=\box45
)
("C:\Program Files\MiKTeX 2.9\tex\latex\beamer\base\beamerbasetoc.sty"
Package: beamerbasetoc 2015/03/08  (rcs-revision 7270298bbaae)
)
("C:\Program Files\MiKTeX 2.9\tex\latex\beamer\base\beamerbasetemplates.sty"
Package: beamerbasetemplates 2010/05/01  (rcs-revision efa082c6111d)
\beamer@sbttoks=\toks30

("C:\Program Files\MiKTeX 2.9\tex\latex\beamer\base\beamerbaseauxtemplates.sty"
Package: beamerbaseauxtemplates 2014/06/30  (rcs-revision 580088513a67)
("C:\Program Files\MiKTeX 2.9\tex\latex\beamer\base\beamerbaseboxes.sty"
Package: beamerbaseboxes 2012/05/13  (rcs-revision 56972908a390)
\bmb@box=\box46
\bmb@colorbox=\box47
\bmb@boxshadow=\box48
\bmb@boxshadowball=\box49
\bmb@boxshadowballlarge=\box50
\bmb@temp=\dimen171
\bmb@dima=\dimen172
\bmb@dimb=\dimen173
\bmb@prevheight=\dimen174
)
\beamer@blockheadheight=\dimen175
))
("C:\Program Files\MiKTeX 2.9\tex\latex\beamer\base\beamerbaselocalstructure.st
y"
Package: beamerbaselocalstructure 2014/09/10  (rcs-revision 393f6dcff371)
 ("C:\Program Files\MiKTeX 2.9\tex\latex\tools\enumerate.sty"
Package: enumerate 2014/10/28 v3.00 enumerate extensions (DPC)
\@enLab=\toks31
)
\c@figure=\count138
\c@table=\count139
\abovecaptionskip=\skip49
\belowcaptionskip=\skip50
)
("C:\Program Files\MiKTeX 2.9\tex\latex\beamer\base\beamerbasenavigation.sty"
Package: beamerbasenavigation 2015/02/27  (rcs-revision 923f4bf87efa)
\beamer@section@min@dim=\dimen176
)
("C:\Program Files\MiKTeX 2.9\tex\latex\beamer\base\beamerbasetheorems.sty"
Package: beamerbasetheorems 2010/06/06  (rcs-revision 7e7cc5e53e9d)

("C:\Program Files\MiKTeX 2.9\tex\latex\amsmath\amsmath.sty"
Package: amsmath 2013/01/14 v2.14 AMS math features
\@mathmargin=\skip51

For additional information on amsmath, use the `?' option.
("C:\Program Files\MiKTeX 2.9\tex\latex\amsmath\amstext.sty"
Package: amstext 2000/06/29 v2.01

("C:\Program Files\MiKTeX 2.9\tex\latex\amsmath\amsgen.sty"
File: amsgen.sty 1999/11/30 v2.0
\@emptytoks=\toks32
\ex@=\dimen177
))
("C:\Program Files\MiKTeX 2.9\tex\latex\amsmath\amsbsy.sty"
Package: amsbsy 1999/11/29 v1.2d
\pmbraise@=\dimen178
)
("C:\Program Files\MiKTeX 2.9\tex\latex\amsmath\amsopn.sty"
Package: amsopn 1999/12/14 v2.01 operator names
)
\inf@bad=\count140
LaTeX Info: Redefining \frac on input line 210.
\uproot@=\count141
\leftroot@=\count142
LaTeX Info: Redefining \overline on input line 306.
\classnum@=\count143
\DOTSCASE@=\count144
LaTeX Info: Redefining \ldots on input line 378.
LaTeX Info: Redefining \dots on input line 381.
LaTeX Info: Redefining \cdots on input line 466.
\Mathstrutbox@=\box51
\strutbox@=\box52
\big@size=\dimen179
LaTeX Font Info:    Redeclaring font encoding OML on input line 566.
LaTeX Font Info:    Redeclaring font encoding OMS on input line 567.
\macc@depth=\count145
\c@MaxMatrixCols=\count146
\dotsspace@=\muskip11
\c@parentequation=\count147
\dspbrk@lvl=\count148
\tag@help=\toks33
\row@=\count149
\column@=\count150
\maxfields@=\count151
\andhelp@=\toks34
\eqnshift@=\dimen180
\alignsep@=\dimen181
\tagshift@=\dimen182
\tagwidth@=\dimen183
\totwidth@=\dimen184
\lineht@=\dimen185
\@envbody=\toks35
\multlinegap=\skip52
\multlinetaggap=\skip53
\mathdisplay@stack=\toks36
LaTeX Info: Redefining \[ on input line 2665.
LaTeX Info: Redefining \] on input line 2666.
)
("C:\Program Files\MiKTeX 2.9\tex\latex\amscls\amsthm.sty"
Package: amsthm 2009/07/02 v2.20.1
\thm@style=\toks37
\thm@bodyfont=\toks38
\thm@headfont=\toks39
\thm@notefont=\toks40
\thm@headpunct=\toks41
\thm@preskip=\skip54
\thm@postskip=\skip55
\thm@headsep=\skip56
\dth@everypar=\toks42
)
\c@theorem=\count152
)
("C:\Program Files\MiKTeX 2.9\tex\latex\beamer\base\beamerbasethemes.sty"
Package: beamerbasethemes 2010/05/01  (rcs-revision efa082c6111d)
))
("C:\Program Files\MiKTeX 2.9\tex\latex\beamer\base\themes\theme\beamerthemedef
ault.sty"
Package: beamerthemedefault 2010/06/17  (rcs-revision d02a7cf4d8ae)

("C:\Program Files\MiKTeX 2.9\tex\latex\beamer\base\themes\font\beamerfonttheme
default.sty"
Package: beamerfontthemedefault 2012/12/19  (rcs-revision 1686da3db3c9)
)
("C:\Program Files\MiKTeX 2.9\tex\latex\beamer\base\themes\color\beamercolorthe
medefault.sty"
Package: beamercolorthemedefault 2012/12/19  (rcs-revision 1686da3db3c9)
)
("C:\Program Files\MiKTeX 2.9\tex\latex\beamer\base\themes\inner\beamerinnerthe
medefault.sty"
Package: beamerinnerthemedefault 2014/06/30  (rcs-revision 580088513a67)
\beamer@dima=\dimen186
\beamer@dimb=\dimen187
)
("C:\Program Files\MiKTeX 2.9\tex\latex\beamer\base\themes\outer\beamerouterthe
medefault.sty"
Package: beamerouterthemedefault 2012/12/19  (rcs-revision 1686da3db3c9)
))
("C:\Program Files\MiKTeX 2.9\tex\latex\beamer\base\themes\color\beamercolorthe
mestructure.sty"
Package: beamercolorthemestructure 2010/06/17  (rcs-revision d02a7cf4d8ae)
))
("C:\Program Files\MiKTeX 2.9\tex\latex\beamer\base\themes\theme\beamerthemeber
lin.sty"

LaTeX Warning: You have requested package `beamerthemeberlin',
               but the package provides `beamerthemeBerlin'.

Package: beamerthemeBerlin 2010/06/17  (rcs-revision d02a7cf4d8ae)

("C:\Program Files\MiKTeX 2.9\tex\latex\beamer\base\themes\outer\beamerouterthe
meminiframes.sty"
Package: beamerouterthememiniframes 2010/06/17  (rcs-revision d02a7cf4d8ae)
)
("C:\Program Files\MiKTeX 2.9\tex\latex\beamer\base\themes\color\beamercolorthe
mewhale.sty"
Package: beamercolorthemewhale 2010/06/17  (rcs-revision d02a7cf4d8ae)
)
("C:\Program Files\MiKTeX 2.9\tex\latex\beamer\base\themes\color\beamercolorthe
meorchid.sty"
Package: beamercolorthemeorchid 2010/06/17  (rcs-revision d02a7cf4d8ae)
)
("C:\Program Files\MiKTeX 2.9\tex\latex\beamer\base\themes\inner\beamerinnerthe
merectangles.sty"
Package: beamerinnerthemerectangles 2010/06/17  (rcs-revision d02a7cf4d8ae)
))
("C:\Program Files\MiKTeX 2.9\tex\latex\beamer\base\themes\theme\compatibility\
beamerthemesplit.sty"
Package: beamerthemesplit 2010/06/17  (rcs-revision d02a7cf4d8ae)

("C:\Program Files\MiKTeX 2.9\tex\latex\beamer\base\themes\outer\beamerouterthe
mesplit.sty"
Package: beamerouterthemesplit 2012/10/16  (rcs-revision 51a8c72084af)
)
("C:\Program Files\MiKTeX 2.9\tex\latex\beamer\base\themes\font\beamerfonttheme
structurebold.sty"
Package: beamerfontthemestructurebold 2010/06/17  (rcs-revision d02a7cf4d8ae)
))

Package hyperref Warning: Token not allowed in a PDF string (PDFDocEncoding):
(hyperref)                removing `\\' on input line 52.


Package hyperref Warning: Token not allowed in a PDF string (PDFDocEncoding):
(hyperref)                removing `\\' on input line 52.


Package hyperref Warning: Token not allowed in a PDF string (PDFDocEncoding):
(hyperref)                removing `\\' on input line 52.

(Intoduction_to_firebird.aux)
LaTeX Font Info:    Checking defaults for OML/cmm/m/it on input line 59.
LaTeX Font Info:    ... okay on input line 59.
LaTeX Font Info:    Checking defaults for T1/cmr/m/n on input line 59.
LaTeX Font Info:    ... okay on input line 59.
LaTeX Font Info:    Checking defaults for OT1/cmr/m/n on input line 59.
LaTeX Font Info:    ... okay on input line 59.
LaTeX Font Info:    Checking defaults for OMS/cmsy/m/n on input line 59.
LaTeX Font Info:    ... okay on input line 59.
LaTeX Font Info:    Checking defaults for OMX/cmex/m/n on input line 59.
LaTeX Font Info:    ... okay on input line 59.
LaTeX Font Info:    Checking defaults for U/cmr/m/n on input line 59.
LaTeX Font Info:    ... okay on input line 59.
LaTeX Font Info:    Checking defaults for PD1/pdf/m/n on input line 59.
LaTeX Font Info:    ... okay on input line 59.

*geometry* driver: auto-detecting
*geometry* detected driver: pdftex
*geometry* verbose mode - [ preamble ] result:
* driver: pdftex
* paper: custom
* layout: <same size as paper>
* layoutoffset:(h,v)=(0.0pt,0.0pt)
* modes: includehead includefoot 
* h-part:(L,W,R)=(28.45274pt, 307.28987pt, 28.45274pt)
* v-part:(T,H,B)=(0.0pt, 273.14662pt, 0.0pt)
* \paperwidth=364.19536pt
* \paperheight=273.14662pt
* \textwidth=307.28987pt
* \textheight=244.6939pt
* \oddsidemargin=-43.81725pt
* \evensidemargin=-43.81725pt
* \topmargin=-72.26999pt
* \headheight=14.22636pt
* \headsep=0.0pt
* \topskip=10.0pt
* \footskip=14.22636pt
* \marginparwidth=3.0pt
* \marginparsep=11.0pt
* \columnsep=10.0pt
* \skip\footins=9.0pt plus 4.0pt minus 2.0pt
* \hoffset=0.0pt
* \voffset=0.0pt
* \mag=1000
* \@twocolumnfalse
* \@twosidefalse
* \@mparswitchfalse
* \@reversemarginfalse
* (1in=72.27pt=25.4mm, 1cm=28.453pt)

("C:\Program Files\MiKTeX 2.9\tex\context\base\supp-pdf.mkii"
[Loading MPS to PDF converter (version 2006.09.02).]
\scratchcounter=\count153
\scratchdimen=\dimen188
\scratchbox=\box53
\nofMPsegments=\count154
\nofMParguments=\count155
\everyMPshowfont=\toks43
\MPscratchCnt=\count156
\MPscratchDim=\dimen189
\MPnumerator=\count157
\makeMPintoPDFobject=\count158
\everyMPtoPDFconversion=\toks44
) ABD: EveryShipout initializing macros
\AtBeginShipoutBox=\box54
Package hyperref Info: Link coloring OFF on input line 59.

("C:\Program Files\MiKTeX 2.9\tex\latex\hyperref\nameref.sty"
Package: nameref 2012/10/27 v2.43 Cross-referencing by name of section

("C:\Program Files\MiKTeX 2.9\tex\generic\oberdiek\gettitlestring.sty"
Package: gettitlestring 2010/12/03 v1.4 Cleanup title references (HO)
)
\c@section@level=\count159
)
LaTeX Info: Redefining \ref on input line 59.
LaTeX Info: Redefining \pageref on input line 59.
LaTeX Info: Redefining \nameref on input line 59.

(Intoduction_to_firebird.out) (Intoduction_to_firebird.out)
\@outlinefile=\write5
LaTeX Font Info:    Overwriting symbol font `operators' in version `normal'
(Font)                  OT1/cmr/m/n --> OT1/cmss/m/n on input line 59.
LaTeX Font Info:    Overwriting symbol font `operators' in version `bold'
(Font)                  OT1/cmr/bx/n --> OT1/cmss/bx/n on input line 59.
\symnumbers=\mathgroup6
\sympureletters=\mathgroup7
LaTeX Font Info:    Overwriting math alphabet `\mathrm' in version `normal'
(Font)                  OT1/cmss/m/n --> OT1/cmr/m/n on input line 59.
LaTeX Font Info:    Redeclaring math alphabet \mathbf on input line 59.
LaTeX Font Info:    Overwriting math alphabet `\mathbf' in version `normal'
(Font)                  OT1/cmr/bx/n --> OT1/cmss/bx/n on input line 59.
LaTeX Font Info:    Overwriting math alphabet `\mathbf' in version `bold'
(Font)                  OT1/cmr/bx/n --> OT1/cmss/bx/n on input line 59.
LaTeX Font Info:    Redeclaring math alphabet \mathsf on input line 59.
LaTeX Font Info:    Overwriting math alphabet `\mathsf' in version `normal'
(Font)                  OT1/cmss/m/n --> OT1/cmss/m/n on input line 59.
LaTeX Font Info:    Overwriting math alphabet `\mathsf' in version `bold'
(Font)                  OT1/cmss/bx/n --> OT1/cmss/m/n on input line 59.
LaTeX Font Info:    Redeclaring math alphabet \mathit on input line 59.
LaTeX Font Info:    Overwriting math alphabet `\mathit' in version `normal'
(Font)                  OT1/cmr/m/it --> OT1/cmss/m/it on input line 59.
LaTeX Font Info:    Overwriting math alphabet `\mathit' in version `bold'
(Font)                  OT1/cmr/bx/it --> OT1/cmss/m/it on input line 59.
LaTeX Font Info:    Redeclaring math alphabet \mathtt on input line 59.
LaTeX Font Info:    Overwriting math alphabet `\mathtt' in version `normal'
(Font)                  OT1/cmtt/m/n --> OT1/cmtt/m/n on input line 59.
LaTeX Font Info:    Overwriting math alphabet `\mathtt' in version `bold'
(Font)                  OT1/cmtt/m/n --> OT1/cmtt/m/n on input line 59.
LaTeX Font Info:    Overwriting symbol font `numbers' in version `bold'
(Font)                  OT1/cmss/m/n --> OT1/cmss/bx/n on input line 59.
LaTeX Font Info:    Overwriting symbol font `pureletters' in version `bold'
(Font)                  OT1/cmss/m/it --> OT1/cmss/bx/it on input line 59.
LaTeX Font Info:    Overwriting math alphabet `\mathrm' in version `bold'
(Font)                  OT1/cmss/bx/n --> OT1/cmr/bx/n on input line 59.
LaTeX Font Info:    Overwriting math alphabet `\mathbf' in version `bold'
(Font)                  OT1/cmss/bx/n --> OT1/cmss/bx/n on input line 59.
LaTeX Font Info:    Overwriting math alphabet `\mathsf' in version `bold'
(Font)                  OT1/cmss/m/n --> OT1/cmss/bx/n on input line 59.
LaTeX Font Info:    Overwriting math alphabet `\mathit' in version `bold'
(Font)                  OT1/cmss/m/it --> OT1/cmss/bx/it on input line 59.
LaTeX Font Info:    Overwriting math alphabet `\mathtt' in version `bold'
(Font)                  OT1/cmtt/m/n --> OT1/cmtt/bx/n on input line 59.
LaTeX Font Info:    Redeclaring symbol font `pureletters' on input line 59.
LaTeX Font Info:    Overwriting symbol font `pureletters' in version `normal'
(Font)                  OT1/cmss/m/it --> OT1/mathkerncmss/m/sl on input line 5
9.
LaTeX Font Info:    Overwriting symbol font `pureletters' in version `bold'
(Font)                  OT1/cmss/bx/it --> OT1/mathkerncmss/m/sl on input line 
59.
LaTeX Font Info:    Overwriting symbol font `pureletters' in version `bold'
(Font)                  OT1/mathkerncmss/m/sl --> OT1/mathkerncmss/bx/sl on inp
ut line 59.

("C:\Program Files\MiKTeX 2.9\tex\latex\beamer\base\translator\dicts\translator
-basic-dictionary\translator-basic-dictionary-English.dict"
Dictionary: translator-basic-dictionary, Language: English 
)
("C:\Program Files\MiKTeX 2.9\tex\latex\beamer\base\translator\dicts\translator
-bibliography-dictionary\translator-bibliography-dictionary-English.dict"
Dictionary: translator-bibliography-dictionary, Language: English 
)
("C:\Program Files\MiKTeX 2.9\tex\latex\beamer\base\translator\dicts\translator
-environment-dictionary\translator-environment-dictionary-English.dict"
Dictionary: translator-environment-dictionary, Language: English 
)
("C:\Program Files\MiKTeX 2.9\tex\latex\beamer\base\translator\dicts\translator
-months-dictionary\translator-months-dictionary-English.dict"
Dictionary: translator-months-dictionary, Language: English 
)
("C:\Program Files\MiKTeX 2.9\tex\latex\beamer\base\translator\dicts\translator
-numbers-dictionary\translator-numbers-dictionary-English.dict"
Dictionary: translator-numbers-dictionary, Language: English 
)
("C:\Program Files\MiKTeX 2.9\tex\latex\beamer\base\translator\dicts\translator
-theorem-dictionary\translator-theorem-dictionary-English.dict"
Dictionary: translator-theorem-dictionary, Language: English 
)
LaTeX Info: Redefining \includegraphics on input line 59.

(Intoduction_to_firebird.nav)

LaTeX Font Warning: Font shape `OT1/cmss/bx/n' in size <4> not available
(Font)              size <5> substituted on input line 64.

<iitblogo.pdf, id=81, 262.9825pt x 257.96375pt>
File: iitblogo.pdf Graphic file (type pdf)
 <use iitblogo.pdf>
Package pdftex.def Info: iitblogo.pdf used on input line 64.
(pdftex.def)             Requested size: 23.20192pt x 22.76228pt.


LaTeX Font Warning: Font shape `OT1/cmss/m/n' in size <4> not available
(Font)              size <5> substituted on input line 64.

[1{C:/ProgramData/MiKTeX/2.9/pdftex/config/pdftex.map}

 <./iitblogo.pdf>]
(Intoduction_to_firebird.toc)
File: iitblogo.pdf Graphic file (type pdf)
 <use iitblogo.pdf>
Package pdftex.def Info: iitblogo.pdf used on input line 71.
(pdftex.def)             Requested size: 23.20192pt x 22.76228pt.
 [2

]
File: iitblogo.pdf Graphic file (type pdf)
 <use iitblogo.pdf>
Package pdftex.def Info: iitblogo.pdf used on input line 88.
(pdftex.def)             Requested size: 23.20192pt x 22.76228pt.

[3

]
File: iitblogo.pdf Graphic file (type pdf)
 <use iitblogo.pdf>
Package pdftex.def Info: iitblogo.pdf used on input line 88.
(pdftex.def)             Requested size: 23.20192pt x 22.76228pt.
 [4

]
File: iitblogo.pdf Graphic file (type pdf)
 <use iitblogo.pdf>
Package pdftex.def Info: iitblogo.pdf used on input line 88.
(pdftex.def)             Requested size: 23.20192pt x 22.76228pt.
 [5

]
File: iitblogo.pdf Graphic file (type pdf)
 <use iitblogo.pdf>
Package pdftex.def Info: iitblogo.pdf used on input line 88.
(pdftex.def)             Requested size: 23.20192pt x 22.76228pt.
 [6

]
File: iitblogo.pdf Graphic file (type pdf)

<use iitblogo.pdf>
Package pdftex.def Info: iitblogo.pdf used on input line 88.
(pdftex.def)             Requested size: 23.20192pt x 22.76228pt.
 [7

]
File: iitblogo.pdf Graphic file (type pdf)
 <use iitblogo.pdf>
Package pdftex.def Info: iitblogo.pdf used on input line 88.
(pdftex.def)             Requested size: 23.20192pt x 22.76228pt.
 [8

]
File: iitblogo.pdf Graphic file (type pdf)
 <use iitblogo.pdf>
Package pdftex.def Info: iitblogo.pdf used on input line 88.
(pdftex.def)             Requested size: 23.20192pt x 22.76228pt.
 [9

]
File: iitblogo.pdf Graphic file (type pdf)

<use iitblogo.pdf>
Package pdftex.def Info: iitblogo.pdf used on input line 108.
(pdftex.def)             Requested size: 23.20192pt x 22.76228pt.
 [10

]
File: iitblogo.pdf Graphic file (type pdf)
 <use iitblogo.pdf>
Package pdftex.def Info: iitblogo.pdf used on input line 108.
(pdftex.def)             Requested size: 23.20192pt x 22.76228pt.
 [11

]
File: iitblogo.pdf Graphic file (type pdf)
 <use iitblogo.pdf>
Package pdftex.def Info: iitblogo.pdf used on input line 108.
(pdftex.def)             Requested size: 23.20192pt x 22.76228pt.
 [12

]
File: iitblogo.pdf Graphic file (type pdf)

<use iitblogo.pdf>
Package pdftex.def Info: iitblogo.pdf used on input line 108.
(pdftex.def)             Requested size: 23.20192pt x 22.76228pt.
 [13

] <fb_v_8051.jpg, id=533, 428.3202pt x 428.802pt>
File: fb_v_8051.jpg Graphic file (type jpg)

<use fb_v_8051.jpg>
Package pdftex.def Info: fb_v_8051.jpg used on input line 125.
(pdftex.def)             Requested size: 122.91406pt x 123.05388pt.
LaTeX Font Info:    Try loading font information for U+msa on input line 125.
 ("C:\Program Files\MiKTeX 2.9\tex\latex\amsfonts\umsa.fd"
File: umsa.fd 2013/01/14 v3.01 AMS symbols A
)
LaTeX Font Info:    Try loading font information for U+msb on input line 125.

("C:\Program Files\MiKTeX 2.9\tex\latex\amsfonts\umsb.fd"
File: umsb.fd 2013/01/14 v3.01 AMS symbols B
)
LaTeX Font Info:    Try loading font information for OT1+mathkerncmss on input 
line 125.

("C:\Program Files\MiKTeX 2.9\tex\latex\sansmathaccent\ot1mathkerncmss.fd"
File: ot1mathkerncmss.fd 2013/03/27 Fontinst v1.933 font definitions for OT1/ma
thkerncmss.
)
File: iitblogo.pdf Graphic file (type pdf)

<use iitblogo.pdf>
Package pdftex.def Info: iitblogo.pdf used on input line 125.
(pdftex.def)             Requested size: 23.20192pt x 22.76228pt.
 [14

 <./fb_v_8051.jpg>]
File: fb_v_8051.jpg Graphic file (type jpg)
 <use fb_v_8051.jpg>
Package pdftex.def Info: fb_v_8051.jpg used on input line 125.
(pdftex.def)             Requested size: 122.91406pt x 123.05388pt.
File: iitblogo.pdf Graphic file (type pdf)

<use iitblogo.pdf>
Package pdftex.def Info: iitblogo.pdf used on input line 125.
(pdftex.def)             Requested size: 23.20192pt x 22.76228pt.
 [15

]
File: fb_v_8051.jpg Graphic file (type jpg)
 <use fb_v_8051.jpg>
Package pdftex.def Info: fb_v_8051.jpg used on input line 125.
(pdftex.def)             Requested size: 122.91406pt x 123.05388pt.
File: iitblogo.pdf Graphic file (type pdf)
 <use iitblogo.pdf>
Package pdftex.def Info: iitblogo.pdf used on input line 125.
(pdftex.def)             Requested size: 23.20192pt x 22.76228pt.
 [16

]
File: fb_v_8051.jpg Graphic file (type jpg)

<use fb_v_8051.jpg>
Package pdftex.def Info: fb_v_8051.jpg used on input line 125.
(pdftex.def)             Requested size: 122.91406pt x 123.05388pt.
File: iitblogo.pdf Graphic file (type pdf)
 <use iitblogo.pdf>
Package pdftex.def Info: iitblogo.pdf used on input line 125.
(pdftex.def)             Requested size: 23.20192pt x 22.76228pt.
 [17

]
<fb_v_avr.jpg, id=665, 468.7914pt x 420.6114pt>
File: fb_v_avr.jpg Graphic file (type jpg)
 <use fb_v_avr.jpg>
Package pdftex.def Info: fb_v_avr.jpg used on input line 144.
(pdftex.def)             Requested size: 122.91406pt x 110.28058pt.
File: iitblogo.pdf Graphic file (type pdf)

<use iitblogo.pdf>
Package pdftex.def Info: iitblogo.pdf used on input line 144.
(pdftex.def)             Requested size: 23.20192pt x 22.76228pt.
 [18

 <./fb_v_avr.jpg>]
File: fb_v_avr.jpg Graphic file (type jpg)
 <use fb_v_avr.jpg>
Package pdftex.def Info: fb_v_avr.jpg used on input line 144.
(pdftex.def)             Requested size: 122.91406pt x 110.28058pt.
File: iitblogo.pdf Graphic file (type pdf)
 <use iitblogo.pdf>
Package pdftex.def Info: iitblogo.pdf used on input line 144.
(pdftex.def)             Requested size: 23.20192pt x 22.76228pt.

[19

]
File: fb_v_avr.jpg Graphic file (type jpg)
 <use fb_v_avr.jpg>
Package pdftex.def Info: fb_v_avr.jpg used on input line 144.
(pdftex.def)             Requested size: 122.91406pt x 110.28058pt.
File: iitblogo.pdf Graphic file (type pdf)
 <use iitblogo.pdf>
Package pdftex.def Info: iitblogo.pdf used on input line 144.
(pdftex.def)             Requested size: 23.20192pt x 22.76228pt.
 [20

]
File: fb_v_avr.jpg Graphic file (type jpg)
 <use fb_v_avr.jpg>
Package pdftex.def Info: fb_v_avr.jpg used on input line 144.
(pdftex.def)             Requested size: 122.91406pt x 110.28058pt.
File: iitblogo.pdf Graphic file (type pdf)

<use iitblogo.pdf>
Package pdftex.def Info: iitblogo.pdf used on input line 144.
(pdftex.def)             Requested size: 23.20192pt x 22.76228pt.
 [21

] <fb_v_arm.jpg, id=798, 452.4102pt x 410.4936pt>
File: fb_v_arm.jpg Graphic file (type jpg)

<use fb_v_arm.jpg>
Package pdftex.def Info: fb_v_arm.jpg used on input line 164.
(pdftex.def)             Requested size: 122.91406pt x 111.52374pt.
File: iitblogo.pdf Graphic file (type pdf)
 <use iitblogo.pdf>
Package pdftex.def Info: iitblogo.pdf used on input line 164.
(pdftex.def)             Requested size: 23.20192pt x 22.76228pt.
 [22

 <./fb_v_arm.jpg>]
File: fb_v_arm.jpg Graphic file (type jpg)
 <use fb_v_arm.jpg>
Package pdftex.def Info: fb_v_arm.jpg used on input line 164.
(pdftex.def)             Requested size: 122.91406pt x 111.52374pt.
File: iitblogo.pdf Graphic file (type pdf)

<use iitblogo.pdf>
Package pdftex.def Info: iitblogo.pdf used on input line 164.
(pdftex.def)             Requested size: 23.20192pt x 22.76228pt.
 [23

]
File: fb_v_arm.jpg Graphic file (type jpg)
 <use fb_v_arm.jpg>
Package pdftex.def Info: fb_v_arm.jpg used on input line 164.
(pdftex.def)             Requested size: 122.91406pt x 111.52374pt.
File: iitblogo.pdf Graphic file (type pdf)
 <use iitblogo.pdf>
Package pdftex.def Info: iitblogo.pdf used on input line 164.
(pdftex.def)             Requested size: 23.20192pt x 22.76228pt.
 [24

]
File: fb_v_arm.jpg Graphic file (type jpg)

<use fb_v_arm.jpg>
Package pdftex.def Info: fb_v_arm.jpg used on input line 164.
(pdftex.def)             Requested size: 122.91406pt x 111.52374pt.
File: iitblogo.pdf Graphic file (type pdf)
 <use iitblogo.pdf>
Package pdftex.def Info: iitblogo.pdf used on input line 164.
(pdftex.def)             Requested size: 23.20192pt x 22.76228pt.
 [25

]
File: iitblogo.pdf Graphic file (type pdf)
 <use iitblogo.pdf>
Package pdftex.def Info: iitblogo.pdf used on input line 186.
(pdftex.def)             Requested size: 23.20192pt x 22.76228pt.
 [26

]
<ir_sharp.jpg, id=968, 198.5016pt x 123.3408pt>
File: ir_sharp.jpg Graphic file (type jpg)
 <use ir_sharp.jpg>
Package pdftex.def Info: ir_sharp.jpg used on input line 209.
(pdftex.def)             Requested size: 98.33162pt x 61.0981pt.

<sharp_on_fb.jpg, id=969, 822.82407pt x 508.90125pt>
File: sharp_on_fb.jpg Graphic file (type jpg)
 <use sharp_on_fb.jpg>
Package pdftex.def Info: sharp_on_fb.jpg used on input line 209.
(pdftex.def)             Requested size: 122.91406pt x 76.01352pt.
File: iitblogo.pdf Graphic file (type pdf)

<use iitblogo.pdf>
Package pdftex.def Info: iitblogo.pdf used on input line 209.
(pdftex.def)             Requested size: 23.20192pt x 22.76228pt.
 [27

 <./ir_sharp.jpg> <./sharp_on_fb.jpg>]
File: ir_sharp.jpg Graphic file (type jpg)

<use ir_sharp.jpg>
Package pdftex.def Info: ir_sharp.jpg used on input line 209.
(pdftex.def)             Requested size: 98.33162pt x 61.0981pt.
File: sharp_on_fb.jpg Graphic file (type jpg)
 <use sharp_on_fb.jpg>
Package pdftex.def Info: sharp_on_fb.jpg used on input line 209.
(pdftex.def)             Requested size: 122.91406pt x 76.01352pt.
File: iitblogo.pdf Graphic file (type pdf)
 <use iitblogo.pdf>
Package pdftex.def Info: iitblogo.pdf used on input line 209.
(pdftex.def)             Requested size: 23.20192pt x 22.76228pt.
 [28

]
File: ir_sharp.jpg Graphic file (type jpg)

<use ir_sharp.jpg>
Package pdftex.def Info: ir_sharp.jpg used on input line 209.
(pdftex.def)             Requested size: 98.33162pt x 61.0981pt.
File: sharp_on_fb.jpg Graphic file (type jpg)
 <use sharp_on_fb.jpg>
Package pdftex.def Info: sharp_on_fb.jpg used on input line 209.
(pdftex.def)             Requested size: 122.91406pt x 76.01352pt.
File: iitblogo.pdf Graphic file (type pdf)
 <use iitblogo.pdf>
Package pdftex.def Info: iitblogo.pdf used on input line 209.
(pdftex.def)             Requested size: 23.20192pt x 22.76228pt.
 [29

]
<ir_proximity.jpg, id=1088, 212.34889pt x 232.87pt>
File: ir_proximity.jpg Graphic file (type jpg)
 <use ir_proximity.jpg>
Package pdftex.def Info: ir_proximity.jpg used on input line 229.
(pdftex.def)             Requested size: 49.16487pt x 53.91429pt.

<proximity_on_fb.jpg, id=1089, 822.82407pt x 590.205pt>
File: proximity_on_fb.jpg Graphic file (type jpg)

<use proximity_on_fb.jpg>
Package pdftex.def Info: proximity_on_fb.jpg used on input line 229.
(pdftex.def)             Requested size: 98.33162pt x 70.52435pt.
File: iitblogo.pdf Graphic file (type pdf)
 <use iitblogo.pdf>
Package pdftex.def Info: iitblogo.pdf used on input line 229.
(pdftex.def)             Requested size: 23.20192pt x 22.76228pt.
 [30

 <./ir_proximity.jpg> <./proximity_on_fb.jpg>]
File: ir_proximity.jpg Graphic file (type jpg)
 <use ir_proximity.jpg>
Package pdftex.def Info: ir_proximity.jpg used on input line 229.
(pdftex.def)             Requested size: 49.16487pt x 53.91429pt.
File: proximity_on_fb.jpg Graphic file (type jpg)
 <use proximity_on_fb.jpg>
Package pdftex.def Info: proximity_on_fb.jpg used on input line 229.
(pdftex.def)             Requested size: 98.33162pt x 70.52435pt.
File: iitblogo.pdf Graphic file (type pdf)

<use iitblogo.pdf>
Package pdftex.def Info: iitblogo.pdf used on input line 229.
(pdftex.def)             Requested size: 23.20192pt x 22.76228pt.
 [31

]
File: ir_proximity.jpg Graphic file (type jpg)
 <use ir_proximity.jpg>
Package pdftex.def Info: ir_proximity.jpg used on input line 229.
(pdftex.def)             Requested size: 49.16487pt x 53.91429pt.
File: proximity_on_fb.jpg Graphic file (type jpg)
 <use proximity_on_fb.jpg>
Package pdftex.def Info: proximity_on_fb.jpg used on input line 229.
(pdftex.def)             Requested size: 98.33162pt x 70.52435pt.
File: iitblogo.pdf Graphic file (type pdf)

<use iitblogo.pdf>
Package pdftex.def Info: iitblogo.pdf used on input line 229.
(pdftex.def)             Requested size: 23.20192pt x 22.76228pt.
 [32

] <line_sensor.jpg, id=1208, 224.26051pt x 225.00557pt>
File: line_sensor.jpg Graphic file (type jpg)

<use line_sensor.jpg>
Package pdftex.def Info: line_sensor.jpg used on input line 249.
(pdftex.def)             Requested size: 98.33162pt x 98.65598pt.
 <line_sensor_on_fb.jpg, id=1209, 481.8pt x 301.125pt>
File: line_sensor_on_fb.jpg Graphic file (type jpg)

<use line_sensor_on_fb.jpg>
Package pdftex.def Info: line_sensor_on_fb.jpg used on input line 249.
(pdftex.def)             Requested size: 122.91406pt x 76.82031pt.

Overfull \vbox (13.26424pt too high) detected at line 249
 []

File: iitblogo.pdf Graphic file (type pdf)
<use iitblogo.pdf>
Package pdftex.def Info: iitblogo.pdf used on input line 249.
(pdftex.def)             Requested size: 23.20192pt x 22.76228pt.
 [33

 <./line_sensor.jpg> <./line_sensor_on_fb.jpg>]
File: line_sensor.jpg Graphic file (type jpg)

<use line_sensor.jpg>
Package pdftex.def Info: line_sensor.jpg used on input line 249.
(pdftex.def)             Requested size: 98.33162pt x 98.65598pt.
File: line_sensor_on_fb.jpg Graphic file (type jpg)
 <use line_sensor_on_fb.jpg>
Package pdftex.def Info: line_sensor_on_fb.jpg used on input line 249.
(pdftex.def)             Requested size: 122.91406pt x 76.82031pt.

Overfull \vbox (13.26424pt too high) detected at line 249
 []

File: iitblogo.pdf Graphic file (type pdf)
<use iitblogo.pdf>
Package pdftex.def Info: iitblogo.pdf used on input line 249.
(pdftex.def)             Requested size: 23.20192pt x 22.76228pt.
 [34

]
File: line_sensor.jpg Graphic file (type jpg)
 <use line_sensor.jpg>
Package pdftex.def Info: line_sensor.jpg used on input line 249.
(pdftex.def)             Requested size: 98.33162pt x 98.65598pt.
File: line_sensor_on_fb.jpg Graphic file (type jpg)
 <use line_sensor_on_fb.jpg>
Package pdftex.def Info: line_sensor_on_fb.jpg used on input line 249.
(pdftex.def)             Requested size: 122.91406pt x 76.82031pt.

Overfull \vbox (13.26424pt too high) detected at line 249
 []

File: iitblogo.pdf Graphic file (type pdf)
<use iitblogo.pdf>
Package pdftex.def Info: iitblogo.pdf used on input line 249.
(pdftex.def)             Requested size: 23.20192pt x 22.76228pt.
 [35

]
<Position_encoder.jpg, id=1327, 227.34938pt x 227.34938pt>
File: Position_encoder.jpg Graphic file (type jpg)

<use Position_encoder.jpg>
Package pdftex.def Info: Position_encoder.jpg used on input line 269.
(pdftex.def)             Requested size: 73.74918pt x 73.7489pt.

<encoder_on_fb.jpg, id=1328, 1423.3175pt x 1590.94376pt>
File: encoder_on_fb.jpg Graphic file (type jpg)

<use encoder_on_fb.jpg>
Package pdftex.def Info: encoder_on_fb.jpg used on input line 269.
(pdftex.def)             Requested size: 73.74918pt x 82.41638pt.
File: iitblogo.pdf Graphic file (type pdf)
 <use iitblogo.pdf>
Package pdftex.def Info: iitblogo.pdf used on input line 269.
(pdftex.def)             Requested size: 23.20192pt x 22.76228pt.
 [36

 <./Position_encoder.jpg> <./encoder_on_fb.jpg>]
File: Position_encoder.jpg Graphic file (type jpg)
 <use Position_encoder.jpg>
Package pdftex.def Info: Position_encoder.jpg used on input line 269.
(pdftex.def)             Requested size: 73.74918pt x 73.7489pt.
File: encoder_on_fb.jpg Graphic file (type jpg)
 <use encoder_on_fb.jpg>
Package pdftex.def Info: encoder_on_fb.jpg used on input line 269.
(pdftex.def)             Requested size: 73.74918pt x 82.41638pt.
File: iitblogo.pdf Graphic file (type pdf)

<use iitblogo.pdf>
Package pdftex.def Info: iitblogo.pdf used on input line 269.
(pdftex.def)             Requested size: 23.20192pt x 22.76228pt.
 [37

]
File: Position_encoder.jpg Graphic file (type jpg)
 <use Position_encoder.jpg>
Package pdftex.def Info: Position_encoder.jpg used on input line 269.
(pdftex.def)             Requested size: 73.74918pt x 73.7489pt.
File: encoder_on_fb.jpg Graphic file (type jpg)
 <use encoder_on_fb.jpg>
Package pdftex.def Info: encoder_on_fb.jpg used on input line 269.
(pdftex.def)             Requested size: 73.74918pt x 82.41638pt.
File: iitblogo.pdf Graphic file (type pdf)

<use iitblogo.pdf>
Package pdftex.def Info: iitblogo.pdf used on input line 269.
(pdftex.def)             Requested size: 23.20192pt x 22.76228pt.
 [38

] <tsop_receiver.jpg, id=1447, 212.6001pt x 212.6001pt>
File: tsop_receiver.jpg Graphic file (type jpg)

<use tsop_receiver.jpg>
Package pdftex.def Info: tsop_receiver.jpg used on input line 290.
(pdftex.def)             Requested size: 73.74918pt x 73.74936pt.

Underfull \hbox (badness 10000) in paragraph at lines 290--290

 []

<tsop_on_fb.jpg, id=1448, 1928.20375pt x 1309.89375pt>
File: tsop_on_fb.jpg Graphic file (type jpg)
 <use tsop_on_fb.jpg>
Package pdftex.def Info: tsop_on_fb.jpg used on input line 290.
(pdftex.def)             Requested size: 73.74918pt x 50.08827pt.
File: iitblogo.pdf Graphic file (type pdf)

<use iitblogo.pdf>
Package pdftex.def Info: iitblogo.pdf used on input line 290.
(pdftex.def)             Requested size: 23.20192pt x 22.76228pt.
 [39

 <./tsop_receiver.jpg> <./tsop_on_fb.jpg>]
File: tsop_receiver.jpg Graphic file (type jpg)

<use tsop_receiver.jpg>
Package pdftex.def Info: tsop_receiver.jpg used on input line 290.
(pdftex.def)             Requested size: 73.74918pt x 73.74936pt.

Underfull \hbox (badness 10000) in paragraph at lines 290--290

 []

File: tsop_on_fb.jpg Graphic file (type jpg)
<use tsop_on_fb.jpg>
Package pdftex.def Info: tsop_on_fb.jpg used on input line 290.
(pdftex.def)             Requested size: 73.74918pt x 50.08827pt.
File: iitblogo.pdf Graphic file (type pdf)
 <use iitblogo.pdf>
Package pdftex.def Info: iitblogo.pdf used on input line 290.
(pdftex.def)             Requested size: 23.20192pt x 22.76228pt.
 [40

]
File: tsop_receiver.jpg Graphic file (type jpg)
 <use tsop_receiver.jpg>
Package pdftex.def Info: tsop_receiver.jpg used on input line 290.
(pdftex.def)             Requested size: 73.74918pt x 73.74936pt.

Underfull \hbox (badness 10000) in paragraph at lines 290--290

 []

File: tsop_on_fb.jpg Graphic file (type jpg)
<use tsop_on_fb.jpg>
Package pdftex.def Info: tsop_on_fb.jpg used on input line 290.
(pdftex.def)             Requested size: 73.74918pt x 50.08827pt.
File: iitblogo.pdf Graphic file (type pdf)
 <use iitblogo.pdf>
Package pdftex.def Info: iitblogo.pdf used on input line 290.
(pdftex.def)             Requested size: 23.20192pt x 22.76228pt.
 [41

]
File: tsop_receiver.jpg Graphic file (type jpg)
 <use tsop_receiver.jpg>
Package pdftex.def Info: tsop_receiver.jpg used on input line 290.
(pdftex.def)             Requested size: 73.74918pt x 73.74936pt.

Underfull \hbox (badness 10000) in paragraph at lines 290--290

 []

File: tsop_on_fb.jpg Graphic file (type jpg)
<use tsop_on_fb.jpg>
Package pdftex.def Info: tsop_on_fb.jpg used on input line 290.
(pdftex.def)             Requested size: 73.74918pt x 50.08827pt.
File: iitblogo.pdf Graphic file (type pdf)
 <use iitblogo.pdf>
Package pdftex.def Info: iitblogo.pdf used on input line 290.
(pdftex.def)             Requested size: 23.20192pt x 22.76228pt.
 [42

]
<servo_pod.jpg, id=1605, 224.26051pt x 224.26051pt>
File: servo_pod.jpg Graphic file (type jpg)
 <use servo_pod.jpg>
Package pdftex.def Info: servo_pod.jpg used on input line 308.
(pdftex.def)             Requested size: 122.91406pt x 122.91249pt.
File: iitblogo.pdf Graphic file (type pdf)

<use iitblogo.pdf>
Package pdftex.def Info: iitblogo.pdf used on input line 308.
(pdftex.def)             Requested size: 23.20192pt x 22.76228pt.
 [43

 <./servo_pod.jpg>]
File: servo_pod.jpg Graphic file (type jpg)
 <use servo_pod.jpg>
Package pdftex.def Info: servo_pod.jpg used on input line 308.
(pdftex.def)             Requested size: 122.91406pt x 122.91249pt.
File: iitblogo.pdf Graphic file (type pdf)

<use iitblogo.pdf>
Package pdftex.def Info: iitblogo.pdf used on input line 308.
(pdftex.def)             Requested size: 23.20192pt x 22.76228pt.
 [44

]
File: servo_pod.jpg Graphic file (type jpg)
 <use servo_pod.jpg>
Package pdftex.def Info: servo_pod.jpg used on input line 308.
(pdftex.def)             Requested size: 122.91406pt x 122.91249pt.
File: iitblogo.pdf Graphic file (type pdf)
 <use iitblogo.pdf>
Package pdftex.def Info: iitblogo.pdf used on input line 308.
(pdftex.def)             Requested size: 23.20192pt x 22.76228pt.
 [45

]
<accelerometer.jpg, id=1724, 206.13374pt x 206.955pt>
File: accelerometer.jpg Graphic file (type jpg)
 <use accelerometer.jpg>
Package pdftex.def Info: accelerometer.jpg used on input line 326.
(pdftex.def)             Requested size: 122.91406pt x 123.40343pt.
File: iitblogo.pdf Graphic file (type pdf)

<use iitblogo.pdf>
Package pdftex.def Info: iitblogo.pdf used on input line 326.
(pdftex.def)             Requested size: 23.20192pt x 22.76228pt.
 [46

 <./accelerometer.jpg>]
File: accelerometer.jpg Graphic file (type jpg)
 <use accelerometer.jpg>
Package pdftex.def Info: accelerometer.jpg used on input line 326.
(pdftex.def)             Requested size: 122.91406pt x 123.40343pt.
File: iitblogo.pdf Graphic file (type pdf)

<use iitblogo.pdf>
Package pdftex.def Info: iitblogo.pdf used on input line 326.
(pdftex.def)             Requested size: 23.20192pt x 22.76228pt.
 [47

]
File: accelerometer.jpg Graphic file (type jpg)
 <use accelerometer.jpg>
Package pdftex.def Info: accelerometer.jpg used on input line 326.
(pdftex.def)             Requested size: 122.91406pt x 123.40343pt.
File: iitblogo.pdf Graphic file (type pdf)
 <use iitblogo.pdf>
Package pdftex.def Info: iitblogo.pdf used on input line 326.
(pdftex.def)             Requested size: 23.20192pt x 22.76228pt.
 [48

]
<gyroscope.jpg, id=1842, 226.9278pt x 226.446pt>
File: gyroscope.jpg Graphic file (type jpg)
 <use gyroscope.jpg>
Package pdftex.def Info: gyroscope.jpg used on input line 344.
(pdftex.def)             Requested size: 122.91406pt x 122.65564pt.
File: iitblogo.pdf Graphic file (type pdf)

<use iitblogo.pdf>
Package pdftex.def Info: iitblogo.pdf used on input line 344.
(pdftex.def)             Requested size: 23.20192pt x 22.76228pt.
 [49

 <./gyroscope.jpg>]
File: gyroscope.jpg Graphic file (type jpg)
 <use gyroscope.jpg>
Package pdftex.def Info: gyroscope.jpg used on input line 344.
(pdftex.def)             Requested size: 122.91406pt x 122.65564pt.
File: iitblogo.pdf Graphic file (type pdf)

<use iitblogo.pdf>
Package pdftex.def Info: iitblogo.pdf used on input line 344.
(pdftex.def)             Requested size: 23.20192pt x 22.76228pt.
 [50

]
File: gyroscope.jpg Graphic file (type jpg)
 <use gyroscope.jpg>
Package pdftex.def Info: gyroscope.jpg used on input line 344.
(pdftex.def)             Requested size: 122.91406pt x 122.65564pt.
File: iitblogo.pdf Graphic file (type pdf)
 <use iitblogo.pdf>
Package pdftex.def Info: iitblogo.pdf used on input line 344.
(pdftex.def)             Requested size: 23.20192pt x 22.76228pt.
 [51

]
<ultrasonic.jpg, id=1961, 236.91519pt x 175.51286pt>
File: ultrasonic.jpg Graphic file (type jpg)
 <use ultrasonic.jpg>
Package pdftex.def Info: ultrasonic.jpg used on input line 362.
(pdftex.def)             Requested size: 122.91406pt x 91.05563pt.
File: iitblogo.pdf Graphic file (type pdf)

<use iitblogo.pdf>
Package pdftex.def Info: iitblogo.pdf used on input line 362.
(pdftex.def)             Requested size: 23.20192pt x 22.76228pt.
 [52

 <./ultrasonic.jpg>]
File: ultrasonic.jpg Graphic file (type jpg)
 <use ultrasonic.jpg>
Package pdftex.def Info: ultrasonic.jpg used on input line 362.
(pdftex.def)             Requested size: 122.91406pt x 91.05563pt.
File: iitblogo.pdf Graphic file (type pdf)

<use iitblogo.pdf>
Package pdftex.def Info: iitblogo.pdf used on input line 362.
(pdftex.def)             Requested size: 23.20192pt x 22.76228pt.
 [53

]
File: ultrasonic.jpg Graphic file (type jpg)
 <use ultrasonic.jpg>
Package pdftex.def Info: ultrasonic.jpg used on input line 362.
(pdftex.def)             Requested size: 122.91406pt x 91.05563pt.
File: iitblogo.pdf Graphic file (type pdf)
 <use iitblogo.pdf>
Package pdftex.def Info: iitblogo.pdf used on input line 362.
(pdftex.def)             Requested size: 23.20192pt x 22.76228pt.
 [54

]
<PIR_motion.jpg, id=2079, 224.26051pt x 224.26051pt>
File: PIR_motion.jpg Graphic file (type jpg)
 <use PIR_motion.jpg>
Package pdftex.def Info: PIR_motion.jpg used on input line 380.
(pdftex.def)             Requested size: 122.91406pt x 122.91249pt.
File: iitblogo.pdf Graphic file (type pdf)

<use iitblogo.pdf>
Package pdftex.def Info: iitblogo.pdf used on input line 380.
(pdftex.def)             Requested size: 23.20192pt x 22.76228pt.
 [55

 <./PIR_motion.jpg>]
File: PIR_motion.jpg Graphic file (type jpg)
 <use PIR_motion.jpg>
Package pdftex.def Info: PIR_motion.jpg used on input line 380.
(pdftex.def)             Requested size: 122.91406pt x 122.91249pt.
File: iitblogo.pdf Graphic file (type pdf)

<use iitblogo.pdf>
Package pdftex.def Info: iitblogo.pdf used on input line 380.
(pdftex.def)             Requested size: 23.20192pt x 22.76228pt.
 [56

]
File: PIR_motion.jpg Graphic file (type jpg)
 <use PIR_motion.jpg>
Package pdftex.def Info: PIR_motion.jpg used on input line 380.
(pdftex.def)             Requested size: 122.91406pt x 122.91249pt.
File: iitblogo.pdf Graphic file (type pdf)
 <use iitblogo.pdf>
Package pdftex.def Info: iitblogo.pdf used on input line 380.
(pdftex.def)             Requested size: 23.20192pt x 22.76228pt.
 [57

]
<GPS.jpg, id=2198, 199.947pt x 199.4652pt>
File: GPS.jpg Graphic file (type jpg)
 <use GPS.jpg>
Package pdftex.def Info: GPS.jpg used on input line 399.
(pdftex.def)             Requested size: 122.91406pt x 122.6171pt.
File: iitblogo.pdf Graphic file (type pdf)
 <use iitblogo.pdf>
Package pdftex.def Info: iitblogo.pdf used on input line 399.
(pdftex.def)             Requested size: 23.20192pt x 22.76228pt.

[58

 <./GPS.jpg>]
File: GPS.jpg Graphic file (type jpg)
 <use GPS.jpg>
Package pdftex.def Info: GPS.jpg used on input line 399.
(pdftex.def)             Requested size: 122.91406pt x 122.6171pt.
File: iitblogo.pdf Graphic file (type pdf)
 <use iitblogo.pdf>
Package pdftex.def Info: iitblogo.pdf used on input line 399.
(pdftex.def)             Requested size: 23.20192pt x 22.76228pt.
 [59

]
File: GPS.jpg Graphic file (type jpg)
 <use GPS.jpg>
Package pdftex.def Info: GPS.jpg used on input line 399.
(pdftex.def)             Requested size: 122.91406pt x 122.6171pt.
File: iitblogo.pdf Graphic file (type pdf)

<use iitblogo.pdf>
Package pdftex.def Info: iitblogo.pdf used on input line 399.
(pdftex.def)             Requested size: 23.20192pt x 22.76228pt.
 [60

]
File: GPS.jpg Graphic file (type jpg)
 <use GPS.jpg>
Package pdftex.def Info: GPS.jpg used on input line 399.
(pdftex.def)             Requested size: 122.91406pt x 122.6171pt.
File: iitblogo.pdf Graphic file (type pdf)
 <use iitblogo.pdf>
Package pdftex.def Info: iitblogo.pdf used on input line 399.
(pdftex.def)             Requested size: 23.20192pt x 22.76228pt.
 [61

]
<dc_motor.jpg, id=2354, 301.125pt x 309.155pt>
File: dc_motor.jpg Graphic file (type jpg)
 <use dc_motor.jpg>
Package pdftex.def Info: dc_motor.jpg used on input line 414.
(pdftex.def)             Requested size: 43.09172pt x 44.23901pt.

<servo.jpg, id=2355, 216.81pt x 216.81pt>
File: servo.jpg Graphic file (type jpg)
 <use servo.jpg>
Package pdftex.def Info: servo.jpg used on input line 414.
(pdftex.def)             Requested size: 43.09172pt x 43.08995pt.
File: iitblogo.pdf Graphic file (type pdf)
 <use iitblogo.pdf>
Package pdftex.def Info: iitblogo.pdf used on input line 414.
(pdftex.def)             Requested size: 23.20192pt x 22.76228pt.

[62

 <./dc_motor.jpg> <./servo.jpg>]
File: dc_motor.jpg Graphic file (type jpg)
 <use dc_motor.jpg>
Package pdftex.def Info: dc_motor.jpg used on input line 414.
(pdftex.def)             Requested size: 43.09172pt x 44.23901pt.
File: servo.jpg Graphic file (type jpg)
 <use servo.jpg>
Package pdftex.def Info: servo.jpg used on input line 414.
(pdftex.def)             Requested size: 43.09172pt x 43.08995pt.
File: iitblogo.pdf Graphic file (type pdf)

<use iitblogo.pdf>
Package pdftex.def Info: iitblogo.pdf used on input line 414.
(pdftex.def)             Requested size: 23.20192pt x 22.76228pt.
 [63

]
File: iitblogo.pdf Graphic file (type pdf)
 <use iitblogo.pdf>
Package pdftex.def Info: iitblogo.pdf used on input line 426.
(pdftex.def)             Requested size: 23.20192pt x 22.76228pt.
 [64

]
File: iitblogo.pdf Graphic file (type pdf)
 <use iitblogo.pdf>
Package pdftex.def Info: iitblogo.pdf used on input line 426.
(pdftex.def)             Requested size: 23.20192pt x 22.76228pt.
 [65

]
File: iitblogo.pdf Graphic file (type pdf)

<use iitblogo.pdf>
Package pdftex.def Info: iitblogo.pdf used on input line 439.
(pdftex.def)             Requested size: 23.20192pt x 22.76228pt.
 [66

]
File: iitblogo.pdf Graphic file (type pdf)
 <use iitblogo.pdf>
Package pdftex.def Info: iitblogo.pdf used on input line 439.
(pdftex.def)             Requested size: 23.20192pt x 22.76228pt.
 [67

]
<battery.jpg, id=2588, 115.18031pt x 97.86563pt>
File: battery.jpg Graphic file (type jpg)
 <use battery.jpg>
Package pdftex.def Info: battery.jpg used on input line 454.
(pdftex.def)             Requested size: 43.09172pt x 36.6129pt.

<auxillary.jpg, id=2589, 1137.24875pt x 1583.9175pt>
File: auxillary.jpg Graphic file (type jpg)
 <use auxillary.jpg>
Package pdftex.def Info: auxillary.jpg used on input line 454.
(pdftex.def)             Requested size: 43.09172pt x 60.01064pt.
File: iitblogo.pdf Graphic file (type pdf)

<use iitblogo.pdf>
Package pdftex.def Info: iitblogo.pdf used on input line 454.
(pdftex.def)             Requested size: 23.20192pt x 22.76228pt.
 [68

 <./battery.jpg> <./auxillary.jpg>]
File: battery.jpg Graphic file (type jpg)
 <use battery.jpg>
Package pdftex.def Info: battery.jpg used on input line 454.
(pdftex.def)             Requested size: 43.09172pt x 36.6129pt.
File: auxillary.jpg Graphic file (type jpg)

<use auxillary.jpg>
Package pdftex.def Info: auxillary.jpg used on input line 454.
(pdftex.def)             Requested size: 43.09172pt x 60.01064pt.
File: iitblogo.pdf Graphic file (type pdf)
 <use iitblogo.pdf>
Package pdftex.def Info: iitblogo.pdf used on input line 454.
(pdftex.def)             Requested size: 23.20192pt x 22.76228pt.
 [69

]

LaTeX Warning: The counter will not be printed.
             The label is: $\checkmark $ on input line 484.

<rs232.jpg, id=2667, 226.9278pt x 151.2852pt>
File: rs232.jpg Graphic file (type jpg)
 <use rs232.jpg>
Package pdftex.def Info: rs232.jpg used on input line 484.
(pdftex.def)             Requested size: 46.55745pt x 31.03674pt.

<usbtoserial.jpg, id=2668, 272.81924pt x 272.81924pt>
File: usbtoserial.jpg Graphic file (type jpg)
 <use usbtoserial.jpg>
Package pdftex.def Info: usbtoserial.jpg used on input line 484.
(pdftex.def)             Requested size: 46.55745pt x 46.55765pt.


LaTeX Warning: The counter will not be printed.
             The label is: $\checkmark $ on input line 484.

<xbee.jpg, id=2669, 260.04295pt x 260.04295pt>
File: xbee.jpg Graphic file (type jpg)
 <use xbee.jpg>
Package pdftex.def Info: xbee.jpg used on input line 484.
(pdftex.def)             Requested size: 31.04146pt x 31.04112pt.

<tv_remote.jpg, id=2670, 242.40562pt x 242.40562pt>
File: tv_remote.jpg Graphic file (type jpg)
 <use tv_remote.jpg>
Package pdftex.def Info: tv_remote.jpg used on input line 484.
(pdftex.def)             Requested size: 31.04146pt x 31.04037pt.
File: iitblogo.pdf Graphic file (type pdf)

<use iitblogo.pdf>
Package pdftex.def Info: iitblogo.pdf used on input line 484.
(pdftex.def)             Requested size: 23.20192pt x 22.76228pt.
 [70

 <./rs232.jpg> <./usbtoserial.jpg> <./xbee.jpg> <./tv_remote.jpg>]

LaTeX Warning: The counter will not be printed.
             The label is: $\checkmark $ on input line 484.

File: rs232.jpg Graphic file (type jpg)
<use rs232.jpg>
Package pdftex.def Info: rs232.jpg used on input line 484.
(pdftex.def)             Requested size: 46.55745pt x 31.03674pt.
File: usbtoserial.jpg Graphic file (type jpg)
 <use usbtoserial.jpg>
Package pdftex.def Info: usbtoserial.jpg used on input line 484.
(pdftex.def)             Requested size: 46.55745pt x 46.55765pt.


LaTeX Warning: The counter will not be printed.
             The label is: $\checkmark $ on input line 484.

File: xbee.jpg Graphic file (type jpg)
<use xbee.jpg>
Package pdftex.def Info: xbee.jpg used on input line 484.
(pdftex.def)             Requested size: 31.04146pt x 31.04112pt.
File: tv_remote.jpg Graphic file (type jpg)
 <use tv_remote.jpg>
Package pdftex.def Info: tv_remote.jpg used on input line 484.
(pdftex.def)             Requested size: 31.04146pt x 31.04037pt.
File: iitblogo.pdf Graphic file (type pdf)
 <use iitblogo.pdf>
Package pdftex.def Info: iitblogo.pdf used on input line 484.
(pdftex.def)             Requested size: 23.20192pt x 22.76228pt.
 [71

]

LaTeX Warning: The counter will not be printed.
             The label is: $\checkmark $ on input line 484.

File: rs232.jpg Graphic file (type jpg)
<use rs232.jpg>
Package pdftex.def Info: rs232.jpg used on input line 484.
(pdftex.def)             Requested size: 46.55745pt x 31.03674pt.
File: usbtoserial.jpg Graphic file (type jpg)
 <use usbtoserial.jpg>
Package pdftex.def Info: usbtoserial.jpg used on input line 484.
(pdftex.def)             Requested size: 46.55745pt x 46.55765pt.


LaTeX Warning: The counter will not be printed.
             The label is: $\checkmark $ on input line 484.

File: xbee.jpg Graphic file (type jpg)
<use xbee.jpg>
Package pdftex.def Info: xbee.jpg used on input line 484.
(pdftex.def)             Requested size: 31.04146pt x 31.04112pt.
File: tv_remote.jpg Graphic file (type jpg)
 <use tv_remote.jpg>
Package pdftex.def Info: tv_remote.jpg used on input line 484.
(pdftex.def)             Requested size: 31.04146pt x 31.04037pt.
File: iitblogo.pdf Graphic file (type pdf)
 <use iitblogo.pdf>
Package pdftex.def Info: iitblogo.pdf used on input line 484.
(pdftex.def)             Requested size: 23.20192pt x 22.76228pt.
 [72

]

LaTeX Warning: The counter will not be printed.
             The label is: $\checkmark $ on input line 484.

File: rs232.jpg Graphic file (type jpg)
<use rs232.jpg>
Package pdftex.def Info: rs232.jpg used on input line 484.
(pdftex.def)             Requested size: 46.55745pt x 31.03674pt.
File: usbtoserial.jpg Graphic file (type jpg)
 <use usbtoserial.jpg>
Package pdftex.def Info: usbtoserial.jpg used on input line 484.
(pdftex.def)             Requested size: 46.55745pt x 46.55765pt.


LaTeX Warning: The counter will not be printed.
             The label is: $\checkmark $ on input line 484.

File: xbee.jpg Graphic file (type jpg)
<use xbee.jpg>
Package pdftex.def Info: xbee.jpg used on input line 484.
(pdftex.def)             Requested size: 31.04146pt x 31.04112pt.
File: tv_remote.jpg Graphic file (type jpg)
 <use tv_remote.jpg>
Package pdftex.def Info: tv_remote.jpg used on input line 484.
(pdftex.def)             Requested size: 31.04146pt x 31.04037pt.
File: iitblogo.pdf Graphic file (type pdf)
 <use iitblogo.pdf>
Package pdftex.def Info: iitblogo.pdf used on input line 484.
(pdftex.def)             Requested size: 23.20192pt x 22.76228pt.
 [73

]

LaTeX Warning: The counter will not be printed.
             The label is: $\checkmark $ on input line 484.

File: rs232.jpg Graphic file (type jpg)
<use rs232.jpg>
Package pdftex.def Info: rs232.jpg used on input line 484.
(pdftex.def)             Requested size: 46.55745pt x 31.03674pt.
File: usbtoserial.jpg Graphic file (type jpg)
 <use usbtoserial.jpg>
Package pdftex.def Info: usbtoserial.jpg used on input line 484.
(pdftex.def)             Requested size: 46.55745pt x 46.55765pt.


LaTeX Warning: The counter will not be printed.
             The label is: $\checkmark $ on input line 484.

File: xbee.jpg Graphic file (type jpg)
<use xbee.jpg>
Package pdftex.def Info: xbee.jpg used on input line 484.
(pdftex.def)             Requested size: 31.04146pt x 31.04112pt.
File: tv_remote.jpg Graphic file (type jpg)
 <use tv_remote.jpg>
Package pdftex.def Info: tv_remote.jpg used on input line 484.
(pdftex.def)             Requested size: 31.04146pt x 31.04037pt.
File: iitblogo.pdf Graphic file (type pdf)
 <use iitblogo.pdf>
Package pdftex.def Info: iitblogo.pdf used on input line 484.
(pdftex.def)             Requested size: 23.20192pt x 22.76228pt.
 [74

]

LaTeX Warning: The counter will not be printed.
             The label is: $\checkmark $ on input line 484.

File: rs232.jpg Graphic file (type jpg)
<use rs232.jpg>
Package pdftex.def Info: rs232.jpg used on input line 484.
(pdftex.def)             Requested size: 46.55745pt x 31.03674pt.
File: usbtoserial.jpg Graphic file (type jpg)
 <use usbtoserial.jpg>
Package pdftex.def Info: usbtoserial.jpg used on input line 484.
(pdftex.def)             Requested size: 46.55745pt x 46.55765pt.


LaTeX Warning: The counter will not be printed.
             The label is: $\checkmark $ on input line 484.

File: xbee.jpg Graphic file (type jpg)
<use xbee.jpg>
Package pdftex.def Info: xbee.jpg used on input line 484.
(pdftex.def)             Requested size: 31.04146pt x 31.04112pt.
File: tv_remote.jpg Graphic file (type jpg)
 <use tv_remote.jpg>
Package pdftex.def Info: tv_remote.jpg used on input line 484.
(pdftex.def)             Requested size: 31.04146pt x 31.04037pt.
File: iitblogo.pdf Graphic file (type pdf)
 <use iitblogo.pdf>
Package pdftex.def Info: iitblogo.pdf used on input line 484.
(pdftex.def)             Requested size: 23.20192pt x 22.76228pt.
 [75

]

LaTeX Warning: The counter will not be printed.
             The label is: $\checkmark $ on input line 519.

<lcd.jpg, id=2906, 269.808pt x 218.2554pt>
File: lcd.jpg Graphic file (type jpg)
 <use lcd.jpg>
Package pdftex.def Info: lcd.jpg used on input line 519.
(pdftex.def)             Requested size: 56.12376pt x 45.39871pt.


LaTeX Warning: The counter will not be printed.
             The label is: $\checkmark $ on input line 519.

<buzzer.jpg, id=2907, 187.70125pt x 202.7575pt>
File: buzzer.jpg Graphic file (type jpg)
 <use buzzer.jpg>
Package pdftex.def Info: buzzer.jpg used on input line 519.
(pdftex.def)             Requested size: 28.06187pt x 30.31021pt.


LaTeX Warning: The counter will not be printed.
             The label is: $\checkmark $ on input line 519.

<barled.jpg, id=2908, 223.5552pt x 223.5552pt>
File: barled.jpg Graphic file (type jpg)
 <use barled.jpg>
Package pdftex.def Info: barled.jpg used on input line 519.
(pdftex.def)             Requested size: 42.09389pt x 42.09387pt.
File: iitblogo.pdf Graphic file (type pdf)

<use iitblogo.pdf>
Package pdftex.def Info: iitblogo.pdf used on input line 519.
(pdftex.def)             Requested size: 23.20192pt x 22.76228pt.
 [76

 <./lcd.jpg> <./buzzer.jpg> <./barled.jpg>]

LaTeX Warning: The counter will not be printed.
             The label is: $\checkmark $ on input line 519.

File: lcd.jpg Graphic file (type jpg)
<use lcd.jpg>
Package pdftex.def Info: lcd.jpg used on input line 519.
(pdftex.def)             Requested size: 56.12376pt x 45.39871pt.


LaTeX Warning: The counter will not be printed.
             The label is: $\checkmark $ on input line 519.

File: buzzer.jpg Graphic file (type jpg)
<use buzzer.jpg>
Package pdftex.def Info: buzzer.jpg used on input line 519.
(pdftex.def)             Requested size: 28.06187pt x 30.31021pt.


LaTeX Warning: The counter will not be printed.
             The label is: $\checkmark $ on input line 519.

File: barled.jpg Graphic file (type jpg)
<use barled.jpg>
Package pdftex.def Info: barled.jpg used on input line 519.
(pdftex.def)             Requested size: 42.09389pt x 42.09387pt.
File: iitblogo.pdf Graphic file (type pdf)
 <use iitblogo.pdf>
Package pdftex.def Info: iitblogo.pdf used on input line 519.
(pdftex.def)             Requested size: 23.20192pt x 22.76228pt.
 [77

]

LaTeX Warning: The counter will not be printed.
             The label is: $\checkmark $ on input line 519.

File: lcd.jpg Graphic file (type jpg)
<use lcd.jpg>
Package pdftex.def Info: lcd.jpg used on input line 519.
(pdftex.def)             Requested size: 56.12376pt x 45.39871pt.


LaTeX Warning: The counter will not be printed.
             The label is: $\checkmark $ on input line 519.

File: buzzer.jpg Graphic file (type jpg)
<use buzzer.jpg>
Package pdftex.def Info: buzzer.jpg used on input line 519.
(pdftex.def)             Requested size: 28.06187pt x 30.31021pt.


LaTeX Warning: The counter will not be printed.
             The label is: $\checkmark $ on input line 519.

File: barled.jpg Graphic file (type jpg)
<use barled.jpg>
Package pdftex.def Info: barled.jpg used on input line 519.
(pdftex.def)             Requested size: 42.09389pt x 42.09387pt.
File: iitblogo.pdf Graphic file (type pdf)
 <use iitblogo.pdf>
Package pdftex.def Info: iitblogo.pdf used on input line 519.
(pdftex.def)             Requested size: 23.20192pt x 22.76228pt.
 [78

]

LaTeX Warning: The counter will not be printed.
             The label is: $\checkmark $ on input line 519.

File: lcd.jpg Graphic file (type jpg)
<use lcd.jpg>
Package pdftex.def Info: lcd.jpg used on input line 519.
(pdftex.def)             Requested size: 56.12376pt x 45.39871pt.


LaTeX Warning: The counter will not be printed.
             The label is: $\checkmark $ on input line 519.

File: buzzer.jpg Graphic file (type jpg)
<use buzzer.jpg>
Package pdftex.def Info: buzzer.jpg used on input line 519.
(pdftex.def)             Requested size: 28.06187pt x 30.31021pt.


LaTeX Warning: The counter will not be printed.
             The label is: $\checkmark $ on input line 519.

File: barled.jpg Graphic file (type jpg)
<use barled.jpg>
Package pdftex.def Info: barled.jpg used on input line 519.
(pdftex.def)             Requested size: 42.09389pt x 42.09387pt.
File: iitblogo.pdf Graphic file (type pdf)
 <use iitblogo.pdf>
Package pdftex.def Info: iitblogo.pdf used on input line 519.
(pdftex.def)             Requested size: 23.20192pt x 22.76228pt.
 [79

]

LaTeX Warning: The counter will not be printed.
             The label is: $\checkmark $ on input line 519.

File: lcd.jpg Graphic file (type jpg)
<use lcd.jpg>
Package pdftex.def Info: lcd.jpg used on input line 519.
(pdftex.def)             Requested size: 56.12376pt x 45.39871pt.


LaTeX Warning: The counter will not be printed.
             The label is: $\checkmark $ on input line 519.

File: buzzer.jpg Graphic file (type jpg)
<use buzzer.jpg>
Package pdftex.def Info: buzzer.jpg used on input line 519.
(pdftex.def)             Requested size: 28.06187pt x 30.31021pt.


LaTeX Warning: The counter will not be printed.
             The label is: $\checkmark $ on input line 519.

File: barled.jpg Graphic file (type jpg)
<use barled.jpg>
Package pdftex.def Info: barled.jpg used on input line 519.
(pdftex.def)             Requested size: 42.09389pt x 42.09387pt.
File: iitblogo.pdf Graphic file (type pdf)
 <use iitblogo.pdf>
Package pdftex.def Info: iitblogo.pdf used on input line 519.
(pdftex.def)             Requested size: 23.20192pt x 22.76228pt.
 [80

]

LaTeX Warning: The counter will not be printed.
             The label is: $\checkmark $ on input line 519.

File: lcd.jpg Graphic file (type jpg)
<use lcd.jpg>
Package pdftex.def Info: lcd.jpg used on input line 519.
(pdftex.def)             Requested size: 56.12376pt x 45.39871pt.


LaTeX Warning: The counter will not be printed.
             The label is: $\checkmark $ on input line 519.

File: buzzer.jpg Graphic file (type jpg)
<use buzzer.jpg>
Package pdftex.def Info: buzzer.jpg used on input line 519.
(pdftex.def)             Requested size: 28.06187pt x 30.31021pt.


LaTeX Warning: The counter will not be printed.
             The label is: $\checkmark $ on input line 519.

File: barled.jpg Graphic file (type jpg)
<use barled.jpg>
Package pdftex.def Info: barled.jpg used on input line 519.
(pdftex.def)             Requested size: 42.09389pt x 42.09387pt.
File: iitblogo.pdf Graphic file (type pdf)
 <use iitblogo.pdf>
Package pdftex.def Info: iitblogo.pdf used on input line 519.
(pdftex.def)             Requested size: 23.20192pt x 22.76228pt.
 [81

]

LaTeX Warning: The counter will not be printed.
             The label is: $\checkmark $ on input line 519.

File: lcd.jpg Graphic file (type jpg)
<use lcd.jpg>
Package pdftex.def Info: lcd.jpg used on input line 519.
(pdftex.def)             Requested size: 56.12376pt x 45.39871pt.


LaTeX Warning: The counter will not be printed.
             The label is: $\checkmark $ on input line 519.

File: buzzer.jpg Graphic file (type jpg)
<use buzzer.jpg>
Package pdftex.def Info: buzzer.jpg used on input line 519.
(pdftex.def)             Requested size: 28.06187pt x 30.31021pt.


LaTeX Warning: The counter will not be printed.
             The label is: $\checkmark $ on input line 519.

File: barled.jpg Graphic file (type jpg)
<use barled.jpg>
Package pdftex.def Info: barled.jpg used on input line 519.
(pdftex.def)             Requested size: 42.09389pt x 42.09387pt.
File: iitblogo.pdf Graphic file (type pdf)
 <use iitblogo.pdf>
Package pdftex.def Info: iitblogo.pdf used on input line 519.
(pdftex.def)             Requested size: 23.20192pt x 22.76228pt.
 [82

]
<block_diagram.jpg, id=3182, 1709.63719pt x 1903.86281pt>
File: block_diagram.jpg Graphic file (type jpg)

<use block_diagram.jpg>
Package pdftex.def Info: block_diagram.jpg used on input line 529.
(pdftex.def)             Requested size: 170.97372pt x 190.39743pt.

Overfull \vbox (15.18538pt too high) detected at line 529
 []

File: iitblogo.pdf Graphic file (type pdf)
<use iitblogo.pdf>
Package pdftex.def Info: iitblogo.pdf used on input line 529.
(pdftex.def)             Requested size: 23.20192pt x 22.76228pt.
 [83

 <./block_diagram.jpg>]
File: block_diagram.jpg Graphic file (type jpg)
 <use block_diagram.jpg>
Package pdftex.def Info: block_diagram.jpg used on input line 529.
(pdftex.def)             Requested size: 170.97372pt x 190.39743pt.

Overfull \vbox (15.18538pt too high) detected at line 529
 []

File: iitblogo.pdf Graphic file (type pdf)
<use iitblogo.pdf>
Package pdftex.def Info: iitblogo.pdf used on input line 529.
(pdftex.def)             Requested size: 23.20192pt x 22.76228pt.
 [84

]

LaTeX Warning: Hyper reference `www.e-yantra.org' on page 85 undefined on input
 line 539.

File: iitblogo.pdf Graphic file (type pdf)
<use iitblogo.pdf>
Package pdftex.def Info: iitblogo.pdf used on input line 539.
(pdftex.def)             Requested size: 23.20192pt x 22.76228pt.
 [85

]
\tf@nav=\write6
\tf@toc=\write7
\tf@snm=\write8
Package atveryend Info: Empty hook `BeforeClearDocument' on input line 540.
Package atveryend Info: Empty hook `AfterLastShipout' on input line 540.
 (Intoduction_to_firebird.aux)
Package atveryend Info: Executing hook `AtVeryEndDocument' on input line 540.
Package atveryend Info: Executing hook `AtEndAfterFileList' on input line 540.
Package rerunfilecheck Info: File `Intoduction_to_firebird.out' has not changed
.
(rerunfilecheck)             Checksum: 81C44382D700D432922C534F9F137DCF;1083.


LaTeX Font Warning: Size substitutions with differences
(Font)              up to 1.0pt have occurred.


LaTeX Warning: There were undefined references.

Package atveryend Info: Empty hook `AtVeryVeryEnd' on input line 540.
 ) 
Here is how much of TeX's memory you used:
 17081 strings out of 493698
 328268 string characters out of 3144412
 394525 words of memory out of 3000000
 19785 multiletter control sequences out of 15000+200000
 9211 words of font info for 34 fonts, out of 3000000 for 9000
 1025 hyphenation exceptions out of 8191
 56i,19n,60p,442b,571s stack positions out of 5000i,500n,10000p,200000b,50000s
<C:/Program Files/MiKTeX 2.9/fonts/type1/public/amsfonts/cm/cmss10.pfb><C:/Pr
ogram Files/MiKTeX 2.9/fonts/type1/public/amsfonts/cm/cmss12.pfb><C:/Program Fi
les/MiKTeX 2.9/fonts/type1/public/amsfonts/cm/cmss8.pfb><C:/Program Files/MiKTe
X 2.9/fonts/type1/public/amsfonts/cm/cmssbx10.pfb><C:/Program Files/MiKTeX 2.9/
fonts/type1/public/amsfonts/symbols/msam10.pfb>
Output written on Intoduction_to_firebird.pdf (85 pages, 3599471 bytes).
PDF statistics:
 3361 PDF objects out of 3580 (max. 8388607)
 188 named destinations out of 1000 (max. 500000)
 331 words of extra memory for PDF output out of 10000 (max. 10000000)

